#
# A fatal error has been detected by the Java Runtime Environment:
#
#  SIGSEGV (0xb) at pc=0x00007f9f1f00460f, pid=9984, tid=0x00007f9f7fd0d700
#
# JRE version: OpenJDK Runtime Environment (8.0_181-b13) (build 1.8.0_181-8u181-b13-0ubuntu0.18.04.1-b13)
# Java VM: OpenJDK 64-Bit Server VM (25.181-b13 mixed mode linux-amd64 compressed oops)
# Problematic frame:
# C  [libnvidia-opencl.so.1+0x13560f]
#
# Failed to write core dump. Core dumps have been disabled. To enable core dumping, try "ulimit -c unlimited" before starting Java again
#
# If you would like to submit a bug report, please visit:
#   http://bugreport.java.com/bugreport/crash.jsp
# The crash happened outside the Java Virtual Machine in native code.
# See problematic frame for where to report the bug.
#

---------------  T H R E A D  ---------------

Current thread (0x00007f9f78014000):  JavaThread "main" [_thread_in_native, id=9987, stack(0x00007f9f7fc0e000,0x00007f9f7fd0e000)]

siginfo: si_signo: 11 (SIGSEGV), si_code: 2 (SEGV_ACCERR), si_addr: 0x00007f9f03e00000

Registers:
RAX=0x00007f9f03dfffc8, RBX=0x00000000000000a0, RCX=0x00007f9f12d09a80, RDX=0x0000000000000020
RSP=0x00007f9f7fd0b290, RBP=0x00007f9f12d09a40, RSI=0x0000000000000000, RDI=0x00007f9f12d09a38
R8 =0x00007f9f12d00000, R9 =0x00000000000000a8, R10=0x0000000000000000, R11=0x0000000000000000
R12=0x00007f9f03dfff88, R13=0x0000000000000008, R14=0x000000000000005f, R15=0x00007f9f03dfff80
RIP=0x00007f9f1f00460f, EFLAGS=0x0000000000010202, CSGSFS=0x002b000000000033, ERR=0x0000000000000004
  TRAPNO=0x000000000000000e

Top of Stack: (sp=0x00007f9f7fd0b290)
0x00007f9f7fd0b290:   00007f9f78daa0c0 00007f9f12d09a38
0x00007f9f7fd0b2a0:   000000000000008c 00000000000000a8
0x00007f9f7fd0b2b0:   00007f9f7fd0b4b0 00007f9f1f0b0c2e
0x00007f9f7fd0b2c0:   0000000000000001 00007f9f7fd0b7d8
0x00007f9f7fd0b2d0:   00007f9f03dfc128 000000000000008c
0x00007f9f7fd0b2e0:   00000000000000a8 00007f9f12d05be0
0x00007f9f7fd0b2f0:   000000000000008c 00000000000000a8
0x00007f9f7fd0b300:   0000000000000000 0000000000000000
0x00007f9f7fd0b310:   00007f9f7fd0b7d8 00007f9f78db0ed0
0x00007f9f7fd0b320:   00007f9f78daa0c0 00007f9f78c0c0f0
0x00007f9f7fd0b330:   00007f9f7fd0b4b0 00007f9f1f179919
0x00007f9f7fd0b340:   0000000100000000 0000000000000000
0x00007f9f7fd0b350:   00007f9f797ed5d0 00007f9f797ef220
0x00007f9f7fd0b360:   c1d000d6000000c3 000000005c0000ca
0x00007f9f7fd0b370:   40164e6577e355a7 fa41b3dd73e3ebdb
0x00007f9f7fd0b380:   0000000000000001 000000000000002c
0x00007f9f7fd0b390:   00007f9f78c0c0f0 00007f9f7fd0b8e0
0x00007f9f7fd0b3a0:   00007f9f78db0ed0 000000000000008c
0x00007f9f7fd0b3b0:   00000000000000a8 00007f9f1f17a4e5
0x00007f9f7fd0b3c0:   00007f9f78db33d0 00007f9f7fd0b430
0x00007f9f7fd0b3d0:   00007f9f7fd0b5f0 00007f9f7fd0b4b0
0x00007f9f7fd0b3e0:   0000000000000000 0000000000000000
0x00007f9f7fd0b3f0:   00007f9f78daa0c0 0000000000000000
0x00007f9f7fd0b400:   00007f9f7fd0b7d8 0000000078c07770
0x00007f9f7fd0b410:   00007f9f7fd0b530 00007f9f00000001
0x00007f9f7fd0b420:   00007f9f797ef090 0000000000000000
0x00007f9f7fd0b430:   0000000000000001 0000000000000000
0x00007f9f7fd0b440:   0000000000000000 0000000000000000
0x00007f9f7fd0b450:   00007f9f78db33d0 0000000000000000
0x00007f9f7fd0b460:   00000000000000a8 000000000000008c
0x00007f9f7fd0b470:   0000000000000000 0000000000000000
0x00007f9f7fd0b480:   0000000000000000 0000000000000000 

Instructions: (pc=0x00007f9f1f00460f)
0x00007f9f1f0045ef:   48 89 da 48 89 e9 4c 89 e0 0f 1f 84 00 00 00 00
0x00007f9f1f0045ff:   00 0f 10 18 48 83 ea 40 0f 10 50 10 0f 10 48 20
0x00007f9f1f00460f:   0f 10 40 30 48 83 c0 40 0f 2b 19 0f 2b 51 10 0f
0x00007f9f1f00461f:   2b 49 20 0f 2b 41 30 48 83 c1 40 48 83 fa 3f 77 

Register to memory mapping:

RAX=0x00007f9f03dfffc8 is an unknown value
RBX=0x00000000000000a0 is an unknown value
RCX=0x00007f9f12d09a80 is an unknown value
RDX=0x0000000000000020 is an unknown value
RSP=0x00007f9f7fd0b290 is pointing into the stack for thread: 0x00007f9f78014000
RBP=0x00007f9f12d09a40 is an unknown value
RSI=0x0000000000000000 is an unknown value
RDI=0x00007f9f12d09a38 is an unknown value
R8 =0x00007f9f12d00000 is an unknown value
R9 =0x00000000000000a8 is an unknown value
R10=0x0000000000000000 is an unknown value
R11=0x0000000000000000 is an unknown value
R12=0x00007f9f03dfff88 is an unknown value
R13=0x0000000000000008 is an unknown value
R14=0x000000000000005f is an unknown value
R15=0x00007f9f03dfff80 is an unknown value


Stack: [0x00007f9f7fc0e000,0x00007f9f7fd0e000],  sp=0x00007f9f7fd0b290,  free space=1012k
Native frames: (J=compiled Java code, j=interpreted, Vv=VM code, C=native code)
C  [libnvidia-opencl.so.1+0x13560f]

Java frames: (J=compiled Java code, j=interpreted, Vv=VM code)
j  com.ogmacorp.ogmaneo.jogmaneoJNI.Hierarchy_load(JLcom/ogmacorp/ogmaneo/Hierarchy;JLcom/ogmacorp/ogmaneo/ComputeSystem;Ljava/lang/String;)V+0
j  com.ogmacorp.ogmaneo.Hierarchy.load(Lcom/ogmacorp/ogmaneo/ComputeSystem;Ljava/lang/String;)V+11
j  model.FeynmanMachine.<init>(II)V+200
j  body.Main$.delayedEndpoint$body$Main$1()V+33
j  body.Main$delayedInit$body.apply()Ljava/lang/Object;+4
j  scala.Function0$class.apply$mcV$sp(Lscala/Function0;)V+1
j  scala.runtime.AbstractFunction0.apply$mcV$sp()V+1
j  scala.App$$anonfun$main$1.apply(Lscala/Function0;)V+1
j  scala.App$$anonfun$main$1.apply(Ljava/lang/Object;)Ljava/lang/Object;+5
j  scala.collection.immutable.List.foreach(Lscala/Function1;)V+15
j  scala.collection.generic.TraversableForwarder$class.foreach(Lscala/collection/generic/TraversableForwarder;Lscala/Function1;)V+7
j  scala.App$class.main(Lscala/App;[Ljava/lang/String;)V+21
j  body.Main$.main([Ljava/lang/String;)V+2
j  body.Main.main([Ljava/lang/String;)V+4
v  ~StubRoutines::call_stub

---------------  P R O C E S S  ---------------

Java Threads: ( => current thread )
  0x00007f9f78a9d000 JavaThread "Service Thread" daemon [_thread_blocked, id=10011, stack(0x00007f9f642a3000,0x00007f9f643a4000)]
  0x00007f9f78a91800 JavaThread "C1 CompilerThread2" daemon [_thread_blocked, id=10010, stack(0x00007f9f643a5000,0x00007f9f644a5000)]
  0x00007f9f78a90000 JavaThread "C2 CompilerThread1" daemon [_thread_blocked, id=10009, stack(0x00007f9f644a6000,0x00007f9f645a6000)]
  0x00007f9f78a8d800 JavaThread "C2 CompilerThread0" daemon [_thread_blocked, id=10008, stack(0x00007f9f647bf000,0x00007f9f648bf000)]
  0x00007f9f78a8c000 JavaThread "Monitor Ctrl-Break" daemon [_thread_in_native, id=10007, stack(0x00007f9f648bf000,0x00007f9f649c0000)]
  0x00007f9f78187800 JavaThread "Signal Dispatcher" daemon [_thread_blocked, id=10006, stack(0x00007f9f653d2000,0x00007f9f654d3000)]
  0x00007f9f78155000 JavaThread "Finalizer" daemon [_thread_blocked, id=10003, stack(0x00007f9f65a27000,0x00007f9f65b28000)]
  0x00007f9f78150800 JavaThread "Reference Handler" daemon [_thread_blocked, id=10001, stack(0x00007f9f65b28000,0x00007f9f65c29000)]
=>0x00007f9f78014000 JavaThread "main" [_thread_in_native, id=9987, stack(0x00007f9f7fc0e000,0x00007f9f7fd0e000)]

Other Threads:
  0x00007f9f78149000 VMThread [stack: 0x00007f9f65c2a000,0x00007f9f65d2a000] [id=10000]
  0x00007f9f78a9f000 WatcherThread [stack: 0x00007f9f641a3000,0x00007f9f642a3000] [id=10012]

VM state:not at safepoint (normal execution)

VM Mutex/Monitor currently owned by a thread: None

Heap:
 PSYoungGen      total 74752K, used 23244K [0x000000076d000000, 0x0000000772300000, 0x00000007c0000000)
  eden space 64512K, 36% used [0x000000076d000000,0x000000076e6b30b0,0x0000000770f00000)
  from space 10240K, 0% used [0x0000000771900000,0x0000000771900000,0x0000000772300000)
  to   space 10240K, 0% used [0x0000000770f00000,0x0000000770f00000,0x0000000771900000)
 ParOldGen       total 171008K, used 0K [0x00000006c7000000, 0x00000006d1700000, 0x000000076d000000)
  object space 171008K, 0% used [0x00000006c7000000,0x00000006c7000000,0x00000006d1700000)
 Metaspace       used 5880K, capacity 6776K, committed 7040K, reserved 1056768K
  class space    used 785K, capacity 808K, committed 896K, reserved 1048576K

Card table byte_map: [0x00007f9f68477000,0x00007f9f68c40000] byte_map_base: 0x00007f9f64e3f000

Marking Bits: (ParMarkBitMap*) 0x00007f9f7eeae1c0
 Begin Bits: [0x00007f9f50380000, 0x00007f9f541c0000)
 End Bits:   [0x00007f9f541c0000, 0x00007f9f58000000)

Polling page: 0x00007f9f7fd2f000

CodeCache: size=245760Kb used=1925Kb max_used=1925Kb free=243834Kb
 bounds [0x00007f9f69000000, 0x00007f9f69270000, 0x00007f9f78000000]
 total_blobs=570 nmethods=294 adapters=191
 compilation: enabled

Compilation events (10 events):
Event: 0,414 Thread 0x00007f9f78a91800  289       3       sun.net.www.protocol.jar.Handler::indexOfBangSlash (52 bytes)
Event: 0,414 Thread 0x00007f9f78a91800 nmethod 289 0x00007f9f691cc650 code [0x00007f9f691cc800, 0x00007f9f691cced8]
Event: 0,414 Thread 0x00007f9f78a91800  290       3       sun.net.www.ParseUtil::<init> (5 bytes)
Event: 0,414 Thread 0x00007f9f78a91800 nmethod 290 0x00007f9f691d2e90 code [0x00007f9f691d3000, 0x00007f9f691d31b0]
Event: 0,414 Thread 0x00007f9f78a91800  291       3       sun.net.www.ParseUtil::canonizeString (195 bytes)
Event: 0,415 Thread 0x00007f9f78a91800 nmethod 291 0x00007f9f691db350 code [0x00007f9f691db720, 0x00007f9f691ddb68]
Event: 0,415 Thread 0x00007f9f78a91800  294       3       java.net.URLClassLoader::defineClass (142 bytes)
Event: 0,416 Thread 0x00007f9f78a91800 nmethod 294 0x00007f9f691deb10 code [0x00007f9f691dee80, 0x00007f9f691e1158]
Event: 0,423 Thread 0x00007f9f78a91800  295       3       java.util.HashMap::putVal (300 bytes)
Event: 0,424 Thread 0x00007f9f78a91800 nmethod 295 0x00007f9f691ca9d0 code [0x00007f9f691cac40, 0x00007f9f691cbef8]

GC Heap History (0 events):
No events

Deoptimization events (1 events):
Event: 0,254 Thread 0x00007f9f78014000 Uncommon trap: reason=unstable_if action=reinterpret pc=0x00007f9f6915f2dc method=sun.misc.URLClassPath.getLoader(I)Lsun/misc/URLClassPath$Loader; @ 36

Classes redefined (0 events):
No events

Internal exceptions (10 events):
Event: 0,043 Thread 0x00007f9f78014000 Exception <a 'java/lang/NoSuchMethodError': Method sun.misc.Unsafe.prefetchRead(Ljava/lang/Object;J)V name or signature does not match> (0x000000076d007f98) thrown at [/build/openjdk-8-8iINie/openjdk-8-8u181-b13/src/hotspot/src/share/vm/prims/jni.cpp, lin
Event: 0,084 Thread 0x00007f9f78014000 Exception <a 'java/util/zip/ZipException'> (0x000000076d0f7570) thrown at [/build/openjdk-8-8iINie/openjdk-8-8u181-b13/src/hotspot/src/share/vm/prims/jni.cpp, line 709]
Event: 0,084 Thread 0x00007f9f78014000 Exception <a 'java/security/PrivilegedActionException'> (0x000000076d0f7ca8) thrown at [/build/openjdk-8-8iINie/openjdk-8-8u181-b13/src/hotspot/src/share/vm/prims/jvm.cpp, line 1435]
Event: 0,084 Thread 0x00007f9f78014000 Exception <a 'java/security/PrivilegedActionException'> (0x000000076d0f7eb8) thrown at [/build/openjdk-8-8iINie/openjdk-8-8u181-b13/src/hotspot/src/share/vm/prims/jvm.cpp, line 1435]
Event: 0,254 Thread 0x00007f9f78014000 Exception <a 'java/security/PrivilegedActionException'> (0x000000076dd21268) thrown at [/build/openjdk-8-8iINie/openjdk-8-8u181-b13/src/hotspot/src/share/vm/prims/jvm.cpp, line 1435]
Event: 0,254 Thread 0x00007f9f78014000 Exception <a 'java/security/PrivilegedActionException'> (0x000000076dd21478) thrown at [/build/openjdk-8-8iINie/openjdk-8-8u181-b13/src/hotspot/src/share/vm/prims/jvm.cpp, line 1435]
Event: 0,255 Thread 0x00007f9f78014000 Exception <a 'java/security/PrivilegedActionException'> (0x000000076dd236e8) thrown at [/build/openjdk-8-8iINie/openjdk-8-8u181-b13/src/hotspot/src/share/vm/prims/jvm.cpp, line 1435]
Event: 0,255 Thread 0x00007f9f78014000 Exception <a 'java/security/PrivilegedActionException'> (0x000000076dd238f8) thrown at [/build/openjdk-8-8iINie/openjdk-8-8u181-b13/src/hotspot/src/share/vm/prims/jvm.cpp, line 1435]
Event: 0,255 Thread 0x00007f9f78014000 Exception <a 'java/security/PrivilegedActionException'> (0x000000076dd245b8) thrown at [/build/openjdk-8-8iINie/openjdk-8-8u181-b13/src/hotspot/src/share/vm/prims/jvm.cpp, line 1435]
Event: 0,255 Thread 0x00007f9f78014000 Exception <a 'java/security/PrivilegedActionException'> (0x000000076dd247c8) thrown at [/build/openjdk-8-8iINie/openjdk-8-8u181-b13/src/hotspot/src/share/vm/prims/jvm.cpp, line 1435]

Events (10 events):
Event: 0,413 loading class scala/collection/immutable/Range
Event: 0,413 loading class scala/collection/immutable/Range done
Event: 0,415 loading class model/FeynmanMachine$$anonfun$1
Event: 0,415 loading class model/FeynmanMachine$$anonfun$1 done
Event: 0,415 loading class com/ogmacorp/ogmaneo/SparseFeaturesType
Event: 0,415 loading class com/ogmacorp/ogmaneo/SparseFeaturesType done
Event: 0,422 loading class com/ogmacorp/ogmaneo/Hierarchy
Event: 0,422 loading class com/ogmacorp/ogmaneo/Hierarchy done
Event: 0,423 loading class com/ogmacorp/ogmaneo/ComputeSystem
Event: 0,423 loading class com/ogmacorp/ogmaneo/ComputeSystem done


Dynamic libraries:
200000000-200200000 rw-s 00000000 00:06 485                              /dev/nvidiactl
200200000-200400000 ---p 00000000 00:00 0 
200400000-200404000 rw-s 00000000 00:06 485                              /dev/nvidiactl
200404000-200600000 ---p 00000000 00:00 0 
200600000-200a00000 rw-s 00000000 00:06 485                              /dev/nvidiactl
200a00000-200e00000 ---p 00000000 00:00 0 
200e00000-200e04000 rw-s 00000000 00:06 485                              /dev/nvidiactl
200e04000-201000000 ---p 00000000 00:00 0 
201000000-201400000 rw-s 00000000 00:06 485                              /dev/nvidiactl
201400000-201800000 ---p 00000000 00:00 0 
201800000-201804000 rw-s 00000000 00:06 485                              /dev/nvidiactl
201804000-201a00000 ---p 00000000 00:00 0 
201a00000-201e00000 rw-s 00000000 00:06 485                              /dev/nvidiactl
201e00000-202200000 ---p 00000000 00:00 0 
202200000-202204000 rw-s 00000000 00:06 485                              /dev/nvidiactl
202204000-202400000 ---p 00000000 00:00 0 
202400000-202800000 rw-s 00000000 00:06 485                              /dev/nvidiactl
202800000-202c00000 ---p 00000000 00:00 0 
202c00000-202c04000 rw-s 00000000 00:06 485                              /dev/nvidiactl
202c04000-202e00000 ---p 00000000 00:00 0 
202e00000-203200000 rw-s 00000000 00:06 485                              /dev/nvidiactl
203200000-203600000 ---p 00000000 00:00 0 
203600000-203604000 rw-s 00000000 00:06 485                              /dev/nvidiactl
203604000-203800000 ---p 00000000 00:00 0 
203800000-203c00000 rw-s 00000000 00:06 485                              /dev/nvidiactl
203c00000-204000000 ---p 00000000 00:00 0 
204000000-204004000 rw-s 00000000 00:06 485                              /dev/nvidiactl
204004000-204200000 ---p 00000000 00:00 0 
204200000-204600000 rw-s 00000000 00:06 485                              /dev/nvidiactl
204600000-204a00000 ---p 00000000 00:00 0 
204a00000-204a04000 rw-s 00000000 00:06 485                              /dev/nvidiactl
204a04000-204c00000 ---p 00000000 00:00 0 
204c00000-205000000 rw-s 00000000 00:06 485                              /dev/nvidiactl
205000000-205400000 ---p 00000000 00:00 0 
205400000-205404000 rw-s 00000000 00:06 485                              /dev/nvidiactl
205404000-205600000 ---p 00000000 00:00 0 
205600000-205a00000 rw-s 00000000 00:06 485                              /dev/nvidiactl
205a00000-205a04000 rw-s 00000000 00:06 485                              /dev/nvidiactl
205a04000-205c00000 ---p 00000000 00:00 0 
205c00000-206000000 rw-s 00000000 00:06 485                              /dev/nvidiactl
206000000-206004000 rw-s 00000000 00:06 485                              /dev/nvidiactl
206004000-206200000 ---p 00000000 00:00 0 
206200000-206600000 rw-s 00000000 00:06 485                              /dev/nvidiactl
206600000-206604000 rw-s 00000000 00:06 485                              /dev/nvidiactl
206604000-206800000 ---p 00000000 00:00 0 
206800000-206c00000 rw-s 00000000 00:06 485                              /dev/nvidiactl
206c00000-206c04000 rw-s 00000000 00:06 485                              /dev/nvidiactl
206c04000-206e00000 ---p 00000000 00:00 0 
206e00000-207200000 rw-s 00000000 00:06 485                              /dev/nvidiactl
207200000-207204000 rw-s 00000000 00:06 485                              /dev/nvidiactl
207204000-207400000 ---p 00000000 00:00 0 
207400000-207800000 rw-s 00000000 00:06 485                              /dev/nvidiactl
207800000-207804000 rw-s 00000000 00:06 485                              /dev/nvidiactl
207804000-207a00000 ---p 00000000 00:00 0 
207a00000-207e00000 rw-s 00000000 00:06 485                              /dev/nvidiactl
207e00000-207e04000 rw-s 00000000 00:06 485                              /dev/nvidiactl
207e04000-208000000 ---p 00000000 00:00 0 
208000000-208400000 rw-s 00000000 00:06 485                              /dev/nvidiactl
208400000-208600000 ---p 00000000 00:00 0 
208600000-208800000 rw-s 00000000 00:06 485                              /dev/nvidiactl
208800000-300200000 ---p 00000000 00:00 0 
6c7000000-6d1700000 rw-p 00000000 00:00 0 
6d1700000-76d000000 ---p 00000000 00:00 0 
76d000000-772300000 rw-p 00000000 00:00 0 
772300000-7c0000000 ---p 00000000 00:00 0 
7c0000000-7c00e0000 rw-p 00000000 00:00 0 
7c00e0000-800000000 ---p 00000000 00:00 0 
10000000000-10200200000 ---p 00000000 00:00 0 
563f1591b000-563f1591c000 r-xp 00000000 fd:01 655592                     /usr/lib/jvm/java-8-openjdk-amd64/jre/bin/java
563f15b1b000-563f15b1c000 r--p 00000000 fd:01 655592                     /usr/lib/jvm/java-8-openjdk-amd64/jre/bin/java
563f15b1c000-563f15b1d000 rw-p 00001000 fd:01 655592                     /usr/lib/jvm/java-8-openjdk-amd64/jre/bin/java
563f167b5000-563f167d6000 rw-p 00000000 00:00 0                          [heap]
7f9eff600000-7f9f01400000 ---p 00000000 00:00 0 
7f9f014dd000-7f9f03e00000 rw-p 00000000 00:00 0 
7f9f03e00000-7f9f07000000 ---p 00000000 00:00 0 
7f9f07048000-7f9f086f7000 r-xp 00000000 fd:01 5787662                    /usr/lib/x86_64-linux-gnu/libnvidia-compiler.so.390.48
7f9f086f7000-7f9f088f6000 ---p 016af000 fd:01 5787662                    /usr/lib/x86_64-linux-gnu/libnvidia-compiler.so.390.48
7f9f088f6000-7f9f09fcc000 rw-p 016ae000 fd:01 5787662                    /usr/lib/x86_64-linux-gnu/libnvidia-compiler.so.390.48
7f9f09fcc000-7f9f09ffc000 rw-p 00000000 00:00 0 
7f9f09ffc000-7f9f09ffd000 ---p 00000000 00:00 0 
7f9f09ffd000-7f9f0a7fd000 rw-p 00000000 00:00 0 
7f9f0a7fd000-7f9f0a7fe000 ---p 00000000 00:00 0 
7f9f0a7fe000-7f9f0affe000 rw-p 00000000 00:00 0 
7f9f0affe000-7f9f0afff000 ---p 00000000 00:00 0 
7f9f0afff000-7f9f0b7ff000 rw-p 00000000 00:00 0 
7f9f0b7ff000-7f9f0b800000 ---p 00000000 00:00 0 
7f9f0b800000-7f9f0c000000 rw-p 00000000 00:00 0 
7f9f0c000000-7f9f0c021000 rw-p 00000000 00:00 0 
7f9f0c021000-7f9f10000000 ---p 00000000 00:00 0 
7f9f10000000-7f9f10200000 ---p 00000000 00:00 0 
7f9f103ff000-7f9f10400000 ---p 00000000 00:00 0 
7f9f10400000-7f9f10c00000 rw-p 00000000 00:00 0 
7f9f10c00000-7f9f12400000 ---p 00000000 00:00 0 
7f9f12400000-7f9f126d6000 rw-s 00000000 00:06 485                        /dev/nvidiactl
7f9f126d6000-7f9f12800000 ---p 00000000 00:00 0 
7f9f12800000-7f9f12a00000 rw-s 00000000 00:06 485                        /dev/nvidiactl
7f9f12a00000-7f9f12c00000 rw-s 00000000 00:05 201068                     /dev/zero (deleted)
7f9f12c00000-7f9f12e00000 rw-s 00000000 00:06 485                        /dev/nvidiactl
7f9f12e00000-7f9f13000000 rw-s 00000000 00:05 201067                     /dev/zero (deleted)
7f9f13000000-7f9f13200000 ---p 00000000 00:00 0 
7f9f133ff000-7f9f13400000 ---p 00000000 00:00 0 
7f9f13400000-7f9f13c00000 rw-p 00000000 00:00 0 
7f9f13c00000-7f9f14000000 ---p 00000000 00:00 0 
7f9f14000000-7f9f14021000 rw-p 00000000 00:00 0 
7f9f14021000-7f9f18000000 ---p 00000000 00:00 0 
7f9f1800b000-7f9f1832f000 rw-p 00000000 00:00 0 
7f9f1832f000-7f9f18b71000 r-xp 00000000 fd:01 5787661                    /usr/lib/x86_64-linux-gnu/libcuda.so.390.48
7f9f18b71000-7f9f18d70000 ---p 00842000 fd:01 5787661                    /usr/lib/x86_64-linux-gnu/libcuda.so.390.48
7f9f18d70000-7f9f18ec1000 rw-p 00841000 fd:01 5787661                    /usr/lib/x86_64-linux-gnu/libcuda.so.390.48
7f9f18ec1000-7f9f18ecf000 rw-p 00000000 00:00 0 
7f9f18ecf000-7f9f1eecf000 ---p 00000000 00:00 0 
7f9f1eecf000-7f9f1fc9c000 r-xp 00000000 fd:01 5787665                    /usr/lib/x86_64-linux-gnu/libnvidia-opencl.so.390.48
7f9f1fc9c000-7f9f1fe9c000 ---p 00dcd000 fd:01 5787665                    /usr/lib/x86_64-linux-gnu/libnvidia-opencl.so.390.48
7f9f1fe9c000-7f9f1fff2000 rw-p 00dcd000 fd:01 5787665                    /usr/lib/x86_64-linux-gnu/libnvidia-opencl.so.390.48
7f9f1fff2000-7f9f20000000 rw-p 00000000 00:00 0 
7f9f20000000-7f9f20021000 rw-p 00000000 00:00 0 
7f9f20021000-7f9f24000000 ---p 00000000 00:00 0 
7f9f24000000-7f9f24021000 rw-p 00000000 00:00 0 
7f9f24021000-7f9f28000000 ---p 00000000 00:00 0 
7f9f28000000-7f9f2827e000 rw-p 00000000 00:00 0 
7f9f2827e000-7f9f2c000000 ---p 00000000 00:00 0 
7f9f2c000000-7f9f2c0fe000 rw-p 00000000 00:00 0 
7f9f2c0fe000-7f9f30000000 ---p 00000000 00:00 0 
7f9f30000000-7f9f30292000 rw-p 00000000 00:00 0 
7f9f30292000-7f9f34000000 ---p 00000000 00:00 0 
7f9f34000000-7f9f34021000 rw-p 00000000 00:00 0 
7f9f34021000-7f9f38000000 ---p 00000000 00:00 0 
7f9f38027000-7f9f38118000 rw-p 00000000 00:00 0 
7f9f38118000-7f9f38119000 ---p 00000000 00:00 0 
7f9f38119000-7f9f38919000 rw-p 00000000 00:00 0 
7f9f38919000-7f9f38956000 r-xp 00000000 fd:01 5787663                    /usr/lib/x86_64-linux-gnu/libnvidia-fatbinaryloader.so.390.48
7f9f38956000-7f9f38b55000 ---p 0003d000 fd:01 5787663                    /usr/lib/x86_64-linux-gnu/libnvidia-fatbinaryloader.so.390.48
7f9f38b55000-7f9f38b60000 rw-p 0003c000 fd:01 5787663                    /usr/lib/x86_64-linux-gnu/libnvidia-fatbinaryloader.so.390.48
7f9f38b60000-7f9f38b65000 rw-p 00000000 00:00 0 
7f9f38b65000-7f9f38bea000 r-xp 00000000 fd:01 5266102                    /home/mgonzalo/Escritorio/research/OgmaNeo/install/lib/libOgmaNeo.so
7f9f38bea000-7f9f38de9000 ---p 00085000 fd:01 5266102                    /home/mgonzalo/Escritorio/research/OgmaNeo/install/lib/libOgmaNeo.so
7f9f38de9000-7f9f38dea000 r--p 00084000 fd:01 5266102                    /home/mgonzalo/Escritorio/research/OgmaNeo/install/lib/libOgmaNeo.so
7f9f38dea000-7f9f38deb000 rw-p 00085000 fd:01 5266102                    /home/mgonzalo/Escritorio/research/OgmaNeo/install/lib/libOgmaNeo.so
7f9f38deb000-7f9f38df4000 rw-p 00000000 00:00 0 
7f9f38df4000-7f9f38dfd000 r-xp 00000000 fd:01 5815082                    /usr/lib/x86_64-linux-gnu/libOpenCL.so.1.0.0
7f9f38dfd000-7f9f38ffd000 ---p 00009000 fd:01 5815082                    /usr/lib/x86_64-linux-gnu/libOpenCL.so.1.0.0
7f9f38ffd000-7f9f38ffe000 r--p 00009000 fd:01 5815082                    /usr/lib/x86_64-linux-gnu/libOpenCL.so.1.0.0
7f9f38ffe000-7f9f38fff000 rw-p 0000a000 fd:01 5815082                    /usr/lib/x86_64-linux-gnu/libOpenCL.so.1.0.0
7f9f38fff000-7f9f3c000000 rw-p 00000000 00:00 0 
7f9f3c000000-7f9f3c021000 rw-p 00000000 00:00 0 
7f9f3c021000-7f9f40000000 ---p 00000000 00:00 0 
7f9f40000000-7f9f40021000 rw-p 00000000 00:00 0 
7f9f40021000-7f9f44000000 ---p 00000000 00:00 0 
7f9f44000000-7f9f44021000 rw-p 00000000 00:00 0 
7f9f44021000-7f9f48000000 ---p 00000000 00:00 0 
7f9f48000000-7f9f48021000 rw-p 00000000 00:00 0 
7f9f48021000-7f9f4c000000 ---p 00000000 00:00 0 
7f9f4c000000-7f9f4c021000 rw-p 00000000 00:00 0 
7f9f4c021000-7f9f50000000 ---p 00000000 00:00 0 
7f9f5003f000-7f9f50130000 rw-p 00000000 00:00 0 
7f9f50130000-7f9f5017e000 r-xp 00000000 fd:01 5267078                    /home/mgonzalo/Escritorio/research/OgmaNeo/Java/build/libJOgmaNeo.so
7f9f5017e000-7f9f5037d000 ---p 0004e000 fd:01 5267078                    /home/mgonzalo/Escritorio/research/OgmaNeo/Java/build/libJOgmaNeo.so
7f9f5037d000-7f9f5037e000 r--p 0004d000 fd:01 5267078                    /home/mgonzalo/Escritorio/research/OgmaNeo/Java/build/libJOgmaNeo.so
7f9f5037e000-7f9f50380000 rw-p 0004e000 fd:01 5267078                    /home/mgonzalo/Escritorio/research/OgmaNeo/Java/build/libJOgmaNeo.so
7f9f50380000-7f9f58000000 rw-p 00000000 00:00 0 
7f9f58000000-7f9f58021000 rw-p 00000000 00:00 0 
7f9f58021000-7f9f5c000000 ---p 00000000 00:00 0 
7f9f5c000000-7f9f5c021000 rw-p 00000000 00:00 0 
7f9f5c021000-7f9f60000000 ---p 00000000 00:00 0 
7f9f60000000-7f9f60021000 rw-p 00000000 00:00 0 
7f9f60021000-7f9f64000000 ---p 00000000 00:00 0 
7f9f64066000-7f9f6406d000 r--s 00000000 fd:01 5769690                    /usr/lib/x86_64-linux-gnu/gconv/gconv-modules.cache
7f9f6406d000-7f9f64091000 r--p 00000000 fd:01 7210857                    /usr/share/locale-langpack/es/LC_MESSAGES/libc.mo
7f9f64091000-7f9f64182000 rw-p 00000000 00:00 0 
7f9f64182000-7f9f64183000 rw-s 00000000 00:06 486                        /dev/nvidia0
7f9f64183000-7f9f64184000 rw-s 00000000 00:06 485                        /dev/nvidiactl
7f9f64184000-7f9f64185000 rw-s 00000000 00:06 486                        /dev/nvidia0
7f9f64185000-7f9f64186000 rw-s 00000000 00:06 485                        /dev/nvidiactl
7f9f64186000-7f9f64187000 rw-s 00000000 00:06 486                        /dev/nvidia0
7f9f64187000-7f9f64188000 rw-s 00000000 00:06 485                        /dev/nvidiactl
7f9f64188000-7f9f64189000 rw-s 00000000 00:06 486                        /dev/nvidia0
7f9f64189000-7f9f6418a000 rw-s 00000000 00:06 485                        /dev/nvidiactl
7f9f6418a000-7f9f6418b000 rw-s 00000000 00:06 486                        /dev/nvidia0
7f9f6418b000-7f9f6418c000 rw-s 00000000 00:06 485                        /dev/nvidiactl
7f9f6418c000-7f9f6418d000 rw-s 00000000 00:06 486                        /dev/nvidia0
7f9f6418d000-7f9f6418e000 rw-s 00000000 00:06 485                        /dev/nvidiactl
7f9f6418e000-7f9f6418f000 rw-s 00000000 00:06 486                        /dev/nvidia0
7f9f6418f000-7f9f64190000 rw-s 00000000 00:06 485                        /dev/nvidiactl
7f9f64190000-7f9f64191000 rw-s 00000000 00:06 486                        /dev/nvidia0
7f9f64191000-7f9f64192000 rw-s 00000000 00:06 485                        /dev/nvidiactl
7f9f64192000-7f9f64193000 rw-s 00000000 00:06 486                        /dev/nvidia0
7f9f64193000-7f9f64194000 rw-s 00000000 00:06 485                        /dev/nvidiactl
7f9f64194000-7f9f64195000 rw-s 00000000 00:06 486                        /dev/nvidia0
7f9f64195000-7f9f64196000 rw-s 00000000 00:06 485                        /dev/nvidiactl
7f9f64196000-7f9f64197000 rw-s 00000000 00:06 486                        /dev/nvidia0
7f9f64197000-7f9f64198000 rw-s 00000000 00:06 485                        /dev/nvidiactl
7f9f64198000-7f9f64199000 rw-s 00000000 00:06 486                        /dev/nvidia0
7f9f64199000-7f9f6419a000 rw-s 00000000 00:06 485                        /dev/nvidiactl
7f9f6419a000-7f9f6419b000 rw-s 00000000 00:06 486                        /dev/nvidia0
7f9f6419b000-7f9f6419c000 rw-s 00000000 00:06 485                        /dev/nvidiactl
7f9f6419c000-7f9f6419d000 rw-s 00000000 00:06 486                        /dev/nvidia0
7f9f6419d000-7f9f6419e000 rw-s 00000000 00:06 485                        /dev/nvidiactl
7f9f6419e000-7f9f6419f000 rw-s 00000000 00:06 486                        /dev/nvidia0
7f9f6419f000-7f9f641a0000 rw-s 00000000 00:06 485                        /dev/nvidiactl
7f9f641a0000-7f9f641a1000 rw-s 00000000 00:06 486                        /dev/nvidia0
7f9f641a1000-7f9f641a2000 rw-s 00000000 00:06 485                        /dev/nvidiactl
7f9f641a2000-7f9f641a3000 ---p 00000000 00:00 0 
7f9f641a3000-7f9f642a3000 rw-p 00000000 00:00 0 
7f9f642a3000-7f9f642a6000 ---p 00000000 00:00 0 
7f9f642a6000-7f9f643a4000 rw-p 00000000 00:00 0 
7f9f643a4000-7f9f643a5000 ---p 00000000 00:00 0 
7f9f643a5000-7f9f643a8000 ---p 00000000 00:00 0 
7f9f643a8000-7f9f644a5000 rw-p 00000000 00:00 0 
7f9f644a5000-7f9f644a6000 ---p 00000000 00:00 0 
7f9f644a6000-7f9f644a9000 ---p 00000000 00:00 0 
7f9f644a9000-7f9f645a6000 rw-p 00000000 00:00 0 
7f9f645a6000-7f9f645bd000 r-xp 00000000 fd:01 655630                     /usr/lib/jvm/java-8-openjdk-amd64/jre/lib/amd64/libnet.so
7f9f645bd000-7f9f647bc000 ---p 00017000 fd:01 655630                     /usr/lib/jvm/java-8-openjdk-amd64/jre/lib/amd64/libnet.so
7f9f647bc000-7f9f647bd000 r--p 00016000 fd:01 655630                     /usr/lib/jvm/java-8-openjdk-amd64/jre/lib/amd64/libnet.so
7f9f647bd000-7f9f647be000 rw-p 00017000 fd:01 655630                     /usr/lib/jvm/java-8-openjdk-amd64/jre/lib/amd64/libnet.so
7f9f647be000-7f9f647bf000 ---p 00000000 00:00 0 
7f9f647bf000-7f9f647c2000 ---p 00000000 00:00 0 
7f9f647c2000-7f9f648bf000 rw-p 00000000 00:00 0 
7f9f648bf000-7f9f648c2000 ---p 00000000 00:00 0 
7f9f648c2000-7f9f649c0000 rw-p 00000000 00:00 0 
7f9f649c0000-7f9f649c2000 r--s 0001a000 fd:01 4876683                    /home/mgonzalo/idea-IC-183.4284.148/lib/idea_rt.jar
7f9f649c2000-7f9f649ca000 r--s 00028000 fd:01 3835711                    /home/mgonzalo/.ivy2/cache/xml-apis/xml-apis/jars/xml-apis-1.3.04.jar
7f9f649ca000-7f9f649e2000 r--s 00115000 fd:01 3835649                    /home/mgonzalo/.ivy2/cache/xerces/xercesImpl/jars/xercesImpl-2.9.1.jar
7f9f649e2000-7f9f649e4000 r--s 001eb000 fd:01 3837477                    /home/mgonzalo/.ivy2/cache/org.xerial.snappy/snappy-java/jars/snappy-java-1.1.7.1.jar
7f9f649e4000-7f9f649e8000 r--s 00015000 fd:01 3837481                    /home/mgonzalo/.ivy2/cache/org.tukaani/xz/jars/xz-1.5.jar
7f9f649e8000-7f9f649e9000 r--s 00002000 fd:01 3835684                    /home/mgonzalo/.ivy2/cache/org.slf4j/slf4j-log4j12/jars/slf4j-log4j12-1.7.16.jar
7f9f649e9000-7f9f649eb000 r--s 00009000 fd:01 3867403                    /home/mgonzalo/.ivy2/cache/org.slf4j/slf4j-api/jars/slf4j-api-1.7.25.jar
7f9f649eb000-7f9f649ed000 r--s 00000000 fd:01 3835638                    /home/mgonzalo/.ivy2/cache/org.slf4j/jul-to-slf4j/jars/jul-to-slf4j-1.7.16.jar
7f9f649ed000-7f9f649ef000 r--s 00003000 fd:01 3835641                    /home/mgonzalo/.ivy2/cache/org.slf4j/jcl-over-slf4j/jars/jcl-over-slf4j-1.7.16.jar
7f9f649ef000-7f9f649f9000 r--s 0009a000 fd:01 3835800                    /home/mgonzalo/.ivy2/cache/org.scala-lang.modules/scala-xml_2.11/bundles/scala-xml_2.11-1.0.6.jar
7f9f649f9000-7f9f64a05000 r--s 00068000 fd:01 3837664                    /home/mgonzalo/.ivy2/cache/org.scala-lang.modules/scala-parser-combinators_2.11/bundles/scala-parser-combinators_2.11-1.1.0.jar
7f9f64a05000-7f9f64a08000 r--s 0000b000 fd:01 3837485                    /home/mgonzalo/.ivy2/cache/org.objenesis/objenesis/jars/objenesis-2.5.1.jar
7f9f64a08000-7f9f64a0b000 r--s 00058000 fd:01 3835726                    /home/mgonzalo/.ivy2/cache/org.lz4/lz4-java/jars/lz4-java-1.4.0.jar
7f9f64a0b000-7f9f64a19000 r--s 00089000 fd:01 3837492                    /home/mgonzalo/.ivy2/cache/org.json4s/json4s-scalap_2.11/jars/json4s-scalap_2.11-3.5.3.jar
7f9f64a19000-7f9f64a1b000 r--s 0000a000 fd:01 3837478                    /home/mgonzalo/.ivy2/cache/org.json4s/json4s-jackson_2.11/jars/json4s-jackson_2.11-3.5.3.jar
7f9f64a1b000-7f9f64a28000 r--s 0009c000 fd:01 3837490                    /home/mgonzalo/.ivy2/cache/org.json4s/json4s-core_2.11/jars/json4s-core_2.11-3.5.3.jar
7f9f64a28000-7f9f64a2b000 r--s 00014000 fd:01 3837491                    /home/mgonzalo/.ivy2/cache/org.json4s/json4s-ast_2.11/jars/json4s-ast_2.11-3.5.3.jar
7f9f64a2b000-7f9f64a35000 r--s 000a5000 fd:01 3835645                    /home/mgonzalo/.ivy2/cache/org.javassist/javassist/bundles/javassist-3.18.1-GA.jar
7f9f64a35000-7f9f64a37000 r--s 00006000 fd:01 3835655                    /home/mgonzalo/.ivy2/cache/org.htrace/htrace-core/jars/htrace-core-3.0.4.jar
7f9f64a37000-7f9f64a39000 r--s 00010000 fd:01 3835701                    /home/mgonzalo/.ivy2/cache/org.glassfish.jersey.media/jersey-media-jaxb/jars/jersey-media-jaxb-2.22.2.jar
7f9f64a39000-7f9f64a4f000 r--s 000d3000 fd:01 3835721                    /home/mgonzalo/.ivy2/cache/org.glassfish.jersey.core/jersey-server/jars/jersey-server-2.22.2.jar
7f9f64a4f000-7f9f64a5d000 r--s 0009d000 fd:01 3835681                    /home/mgonzalo/.ivy2/cache/org.glassfish.jersey.core/jersey-common/jars/jersey-common-2.22.2.jar
7f9f64a5d000-7f9f64a61000 r--s 00025000 fd:01 3835667                    /home/mgonzalo/.ivy2/cache/org.glassfish.jersey.core/jersey-client/jars/jersey-client-2.22.2.jar
7f9f64a61000-7f9f64a64000 r--s 0000e000 fd:01 3835753                    /home/mgonzalo/.ivy2/cache/org.glassfish.jersey.containers/jersey-container-servlet-core/jars/jersey-container-servlet-core-2.22.2.jar
7f9f64a64000-7f9f64a66000 r--s 00003000 fd:01 3835752                    /home/mgonzalo/.ivy2/cache/org.glassfish.jersey.containers/jersey-container-servlet/jars/jersey-container-servlet-2.22.2.jar
7f9f64a66000-7f9f64a7e000 r--s 000d6000 fd:01 3835706                    /home/mgonzalo/.ivy2/cache/org.glassfish.jersey.bundles.repackaged/jersey-guava/bundles/jersey-guava-2.22.2.jar
7f9f64a7e000-7f9f64a7f000 r--s 00001000 fd:01 3835694                    /home/mgonzalo/.ivy2/cache/org.glassfish.hk2.external/javax.inject/jars/javax.inject-2.4.0-b34.jar
7f9f64a7f000-7f9f64a81000 r--s 00002000 fd:01 3835643                    /home/mgonzalo/.ivy2/cache/org.glassfish.hk2.external/aopalliance-repackaged/jars/aopalliance-repackaged-2.4.0-b34.jar
7f9f64a81000-7f9f64a82000 r--s 00004000 fd:01 3835735                    /home/mgonzalo/.ivy2/cache/org.glassfish.hk2/osgi-resource-locator/jars/osgi-resource-locator-1.0.1.jar
7f9f64a82000-7f9f64a86000 r--s 0001a000 fd:01 3835608                    /home/mgonzalo/.ivy2/cache/org.glassfish.hk2/hk2-utils/jars/hk2-utils-2.4.0-b34.jar
7f9f64a86000-7f9f64a8a000 r--s 00029000 fd:01 3835696                    /home/mgonzalo/.ivy2/cache/org.glassfish.hk2/hk2-locator/jars/hk2-locator-2.4.0-b34.jar
7f9f64a8a000-7f9f64a8f000 r--s 00027000 fd:01 3835686                    /home/mgonzalo/.ivy2/cache/org.glassfish.hk2/hk2-api/jars/hk2-api-2.4.0-b34.jar
7f9f64a8f000-7f9f64a9a000 r--s 000b9000 fd:01 3837665                    /home/mgonzalo/.ivy2/cache/org.codehaus.janino/janino/jars/janino-3.0.9.jar
7f9f64a9a000-7f9f64a9c000 r--s 00008000 fd:01 3837666                    /home/mgonzalo/.ivy2/cache/org.codehaus.janino/commons-compiler/jars/commons-compiler-3.0.9.jar
7f9f64a9c000-7f9f64a9d000 r--s 00006000 fd:01 3835688                    /home/mgonzalo/.ivy2/cache/org.codehaus.jackson/jackson-xc/jars/jackson-xc-1.9.13.jar
7f9f64a9d000-7f9f64a9e000 r--s 00004000 fd:01 3835679                    /home/mgonzalo/.ivy2/cache/org.codehaus.jackson/jackson-jaxrs/jars/jackson-jaxrs-1.9.13.jar
7f9f64a9e000-7f9f64aaa000 r--s 000b6000 fd:01 3835622                    /home/mgonzalo/.ivy2/cache/org.apache.zookeeper/zookeeper/jars/zookeeper-3.4.6.jar
7f9f64aaa000-7f9f64aaf000 r--s 00041000 fd:01 3837471                    /home/mgonzalo/.ivy2/cache/org.apache.xbean/xbean-asm6-shaded/bundles/xbean-asm6-shaded-4.8.jar
7f9f64aaf000-7f9f64ab1000 r--s 0000b000 fd:01 3837476                    /home/mgonzalo/.ivy2/cache/org.apache.spark/spark-unsafe_2.11/jars/spark-unsafe_2.11-2.4.0.jar
7f9f64ab1000-7f9f64b78000 r--s 008a5000 fd:01 3837652                    /home/mgonzalo/.ivy2/cache/org.apache.spark/spark-sql_2.11/jars/spark-sql_2.11-2.4.0.jar
7f9f64b78000-7f9f64b7a000 r--s 00006000 fd:01 3837656                    /home/mgonzalo/.ivy2/cache/org.apache.spark/spark-sketch_2.11/jars/spark-sketch_2.11-2.4.0.jar
7f9f64b7a000-7f9f64b7d000 r--s 0000f000 fd:01 3837475                    /home/mgonzalo/.ivy2/cache/org.apache.spark/spark-network-shuffle_2.11/jars/spark-network-shuffle_2.11-2.4.0.jar
7f9f64b7d000-7f9f64bab000 r--s 0021a000 fd:01 3837474                    /home/mgonzalo/.ivy2/cache/org.apache.spark/spark-network-common_2.11/jars/spark-network-common_2.11-2.4.0.jar
7f9f64bab000-7f9f64bad000 r--s 00011000 fd:01 3837472                    /home/mgonzalo/.ivy2/cache/org.apache.spark/spark-launcher_2.11/jars/spark-launcher_2.11-2.4.0.jar
7f9f64bad000-7f9f64baf000 r--s 0000b000 fd:01 3837473                    /home/mgonzalo/.ivy2/cache/org.apache.spark/spark-kvstore_2.11/jars/spark-kvstore_2.11-2.4.0.jar
7f9f64baf000-7f9f64ca3000 r--s 00be3000 fd:01 3837465                    /home/mgonzalo/.ivy2/cache/org.apache.spark/spark-core_2.11/jars/spark-core_2.11-2.4.0.jar
7f9f64ca3000-7f9f64d5f000 r--s 008fb000 fd:01 3837651                    /home/mgonzalo/.ivy2/cache/org.apache.spark/spark-catalyst_2.11/jars/spark-catalyst_2.11-2.4.0.jar
7f9f64d5f000-7f9f64d73000 r--s 000ec000 fd:01 3837673                    /home/mgonzalo/.ivy2/cache/org.apache.parquet/parquet-jackson/jars/parquet-jackson-1.10.0.jar
7f9f64d73000-7f9f64d79000 r--s 00040000 fd:01 3837658                    /home/mgonzalo/.ivy2/cache/org.apache.parquet/parquet-hadoop/jars/parquet-hadoop-1.10.0.jar
7f9f64d79000-7f9f64d87000 r--s 000a3000 fd:01 3837672                    /home/mgonzalo/.ivy2/cache/org.apache.parquet/parquet-format/jars/parquet-format-2.4.0.jar
7f9f64d87000-7f9f64d92000 r--s 000c5000 fd:01 3837671                    /home/mgonzalo/.ivy2/cache/org.apache.parquet/parquet-encoding/jars/parquet-encoding-1.10.0.jar
7f9f64d92000-7f9f64d96000 r--s 00014000 fd:01 3837670                    /home/mgonzalo/.ivy2/cache/org.apache.parquet/parquet-common/jars/parquet-common-1.10.0.jar
7f9f64d96000-7f9f64daf000 r--s 000f4000 fd:01 3837657                    /home/mgonzalo/.ivy2/cache/org.apache.parquet/parquet-column/jars/parquet-column-1.10.0.jar
7f9f64daf000-7f9f64db0000 r--s 00006000 fd:01 3837668                    /home/mgonzalo/.ivy2/cache/org.apache.orc/orc-shims/jars/orc-shims-1.5.2.jar
7f9f64db0000-7f9f64dbb000 r--s 000bc000 fd:01 3837653                    /home/mgonzalo/.ivy2/cache/org.apache.orc/orc-mapreduce/jars/orc-mapreduce-1.5.2-nohive.jar
7f9f64dbb000-7f9f64dcf000 r--s 0016d000 fd:01 3837655                    /home/mgonzalo/.ivy2/cache/org.apache.orc/orc-core/jars/orc-core-1.5.2-nohive.jar
7f9f64dcf000-7f9f64dd5000 r--s 00032000 fd:01 3837487                    /home/mgonzalo/.ivy2/cache/org.apache.httpcomponents/httpcore/jars/httpcore-4.2.4.jar
7f9f64dd5000-7f9f64dde000 r--s 00061000 fd:01 3837486                    /home/mgonzalo/.ivy2/cache/org.apache.httpcomponents/httpclient/jars/httpclient-4.2.5.jar
7f9f64dde000-7f9f64de4000 r--s 00049000 fd:01 3835636                    /home/mgonzalo/.ivy2/cache/org.apache.hadoop/hadoop-yarn-server-common/jars/hadoop-yarn-server-common-2.6.5.jar
7f9f64de4000-7f9f64dfb000 r--s 00177000 fd:01 3835736                    /home/mgonzalo/.ivy2/cache/org.apache.hadoop/hadoop-yarn-common/jars/hadoop-yarn-common-2.6.5.jar
7f9f64dfb000-7f9f64dfe000 r--s 00023000 fd:01 3835605                    /home/mgonzalo/.ivy2/cache/org.apache.hadoop/hadoop-yarn-client/jars/hadoop-yarn-client-2.6.5.jar
7f9f64dfe000-7f9f64e18000 r--s 001b5000 fd:01 3835824                    /home/mgonzalo/.ivy2/cache/org.apache.hadoop/hadoop-yarn-api/jars/hadoop-yarn-api-2.6.5.jar
7f9f64e18000-7f9f64e1a000 r--s 0000f000 fd:01 3835732                    /home/mgonzalo/.ivy2/cache/org.apache.hadoop/hadoop-mapreduce-client-shuffle/jars/hadoop-mapreduce-client-shuffle-2.6.5.jar
7f9f64e1a000-7f9f64e1b000 r--s 0000e000 fd:01 3835868                    /home/mgonzalo/.ivy2/cache/org.apache.hadoop/hadoop-mapreduce-client-jobclient/jars/hadoop-mapreduce-client-jobclient-2.6.5.jar
7f9f64e1b000-7f9f64e34000 r--s 0015f000 fd:01 3835825                    /home/mgonzalo/.ivy2/cache/org.apache.hadoop/hadoop-mapreduce-client-core/jars/hadoop-mapreduce-client-core-2.6.5.jar
7f9f64e34000-7f9f64e40000 r--s 0009d000 fd:01 3835715                    /home/mgonzalo/.ivy2/cache/org.apache.hadoop/hadoop-mapreduce-client-common/jars/hadoop-mapreduce-client-common-2.6.5.jar
7f9f64e40000-7f9f64e4a000 r--s 00078000 fd:01 3835809                    /home/mgonzalo/.ivy2/cache/org.apache.hadoop/hadoop-mapreduce-client-app/jars/hadoop-mapreduce-client-app-2.6.5.jar
7f9f64e4a000-7f9f64eb1000 r--s 0072d000 fd:01 3835763                    /home/mgonzalo/.ivy2/cache/org.apache.hadoop/hadoop-hdfs/jars/hadoop-hdfs-2.6.5.jar
7f9f64eb1000-7f9f64ee7000 r--s 002fe000 fd:01 3835623                    /home/mgonzalo/.ivy2/cache/org.apache.hadoop/hadoop-common/jars/hadoop-common-2.6.5.jar
7f9f64ee7000-7f9f64ee8000 r--s 00006000 fd:01 3835677                    /home/mgonzalo/.ivy2/cache/org.apache.hadoop/hadoop-client/jars/hadoop-client-2.6.5.jar
7f9f64ee8000-7f9f64eeb000 r--s 00014000 fd:01 3835630                    /home/mgonzalo/.ivy2/cache/org.apache.hadoop/hadoop-auth/jars/hadoop-auth-2.6.5.jar
7f9f64eeb000-7f9f64eec000 r--s 00009000 fd:01 3835619                    /home/mgonzalo/.ivy2/cache/org.apache.hadoop/hadoop-annotations/jars/hadoop-annotations-2.6.5.jar
7f9f64eec000-7f9f64efe000 r--s 00097000 fd:01 3835624                    /home/mgonzalo/.ivy2/cache/org.apache.directory.server/apacheds-kerberos-codec/bundles/apacheds-kerberos-codec-2.0.0-M15.jar
7f9f64efe000-7f9f64eff000 r--s 0000a000 fd:01 3835708                    /home/mgonzalo/.ivy2/cache/org.apache.directory.server/apacheds-i18n/bundles/apacheds-i18n-2.0.0-M15.jar
7f9f64eff000-7f9f64f01000 r--s 00012000 fd:01 3835713                    /home/mgonzalo/.ivy2/cache/org.apache.directory.api/api-util/bundles/api-util-1.0.0-M20.jar
7f9f64f01000-7f9f64f03000 r--s 00003000 fd:01 3835712                    /home/mgonzalo/.ivy2/cache/org.apache.directory.api/api-asn1-api/bundles/api-asn1-api-1.0.0-M20.jar
7f9f64f03000-7f9f64f0a000 r--s 00036000 fd:01 3835733                    /home/mgonzalo/.ivy2/cache/org.apache.curator/curator-recipes/bundles/curator-recipes-2.6.0.jar
7f9f64f0a000-7f9f64f10000 r--s 00028000 fd:01 3835698                    /home/mgonzalo/.ivy2/cache/org.apache.curator/curator-framework/bundles/curator-framework-2.6.0.jar
7f9f64f10000-7f9f64f12000 r--s 0000f000 fd:01 3835647                    /home/mgonzalo/.ivy2/cache/org.apache.curator/curator-client/bundles/curator-client-2.6.0.jar
7f9f64f12000-7f9f64f1a000 r--s 0006e000 fd:01 3835751                    /home/mgonzalo/.ivy2/cache/org.apache.commons/commons-lang3/jars/commons-lang3-3.5.jar
7f9f64f1a000-7f9f64f1c000 r--s 0001f000 fd:01 3835743                    /home/mgonzalo/.ivy2/cache/org.apache.commons/commons-crypto/jars/commons-crypto-1.0.0.jar
7f9f64f1c000-7f9f64f23000 r--s 00053000 fd:01 3837480                    /home/mgonzalo/.ivy2/cache/org.apache.commons/commons-compress/jars/commons-compress-1.8.1.jar
7f9f64f23000-7f9f64f27000 r--s 0002a000 fd:01 3837469                    /home/mgonzalo/.ivy2/cache/org.apache.avro/avro-mapred/jars/avro-mapred-1.8.2-hadoop2.jar
7f9f64f27000-7f9f64f2a000 r--s 0001e000 fd:01 3837662                    /home/mgonzalo/.ivy2/cache/org.apache.avro/avro-ipc/jars/avro-ipc-1.8.2.jar
7f9f64f2a000-7f9f64f4b000 r--s 0015c000 fd:01 3837660                    /home/mgonzalo/.ivy2/cache/org.apache.avro/avro/jars/avro-1.8.2.jar
7f9f64f4b000-7f9f64f5b000 r--s 00133000 fd:01 3837659                    /home/mgonzalo/.ivy2/cache/org.apache.arrow/arrow-vector/jars/arrow-vector-0.10.0.jar
7f9f64f5b000-7f9f64f5d000 r--s 00012000 fd:01 3837675                    /home/mgonzalo/.ivy2/cache/org.apache.arrow/arrow-memory/jars/arrow-memory-0.10.0.jar
7f9f64f5d000-7f9f64f5f000 r--s 0000b000 fd:01 3837674                    /home/mgonzalo/.ivy2/cache/org.apache.arrow/arrow-format/jars/arrow-format-0.10.0.jar
7f9f64f5f000-7f9f64f65000 r--s 0004c000 fd:01 3835747                    /home/mgonzalo/.ivy2/cache/org.antlr/antlr4-runtime/jars/antlr4-runtime-4.7.jar
7f9f64f65000-7f9f64f67000 r--s 0001c000 fd:01 3837479                    /home/mgonzalo/.ivy2/cache/net.sf.py4j/py4j/jars/py4j-0.10.7.jar
7f9f64f67000-7f9f64f6a000 r--s 00015000 fd:01 3835731                    /home/mgonzalo/.ivy2/cache/net.razorvine/pyrolite/jars/pyrolite-4.13.jar
7f9f64f6a000-7f9f64f6d000 r--s 0001b000 fd:01 3837663                    /home/mgonzalo/.ivy2/cache/junit/junit/jars/junit-3.8.1.jar
7f9f64f6d000-7f9f64f7e000 r--s 0008a000 fd:01 3835614                    /home/mgonzalo/.ivy2/cache/joda-time/joda-time/jars/joda-time-2.9.9.jar
7f9f64f7e000-7f9f64f80000 r--s 00004000 fd:01 3835719                    /home/mgonzalo/.ivy2/cache/javax.xml.stream/stax-api/jars/stax-api-1.0-2.jar
7f9f64f80000-7f9f64f84000 r--s 00019000 fd:01 3835676                    /home/mgonzalo/.ivy2/cache/javax.ws.rs/javax.ws.rs-api/jars/javax.ws.rs-api-2.0.1.jar
7f9f64f84000-7f9f64f88000 r--s 0000c000 fd:01 3835707                    /home/mgonzalo/.ivy2/cache/javax.validation/validation-api/jars/validation-api-1.1.0.Final.jar
7f9f64f88000-7f9f64f8b000 r--s 00015000 fd:01 3835745                    /home/mgonzalo/.ivy2/cache/javax.servlet/javax.servlet-api/jars/javax.servlet-api-3.1.0.jar
7f9f64f8b000-7f9f64f8d000 r--s 00005000 fd:01 3835703                    /home/mgonzalo/.ivy2/cache/javax.annotation/javax.annotation-api/jars/javax.annotation-api-1.2.jar
7f9f64f8d000-7f9f64f8f000 r--s 0000f000 fd:01 3835666                    /home/mgonzalo/.ivy2/cache/javax.activation/activation/jars/activation-1.1.1.jar
7f9f64f8f000-7f9f64fd0000 r--s 0035a000 fd:01 3835616                    /home/mgonzalo/.ivy2/cache/io.netty/netty-all/jars/netty-all-4.1.17.Final.jar
7f9f64fd0000-7f9f64fe9000 r--s 0012c000 fd:01 3835764                    /home/mgonzalo/.ivy2/cache/io.netty/netty/bundles/netty-3.9.9.Final.jar
7f9f64fe9000-7f9f64feb000 r--s 00008000 fd:01 3835774                    /home/mgonzalo/.ivy2/cache/io.dropwizard.metrics/metrics-jvm/bundles/metrics-jvm-3.1.5.jar
7f9f64feb000-7f9f64fec000 r--s 00003000 fd:01 3835775                    /home/mgonzalo/.ivy2/cache/io.dropwizard.metrics/metrics-json/bundles/metrics-json-3.1.5.jar
7f9f64fec000-7f9f64fee000 r--s 00004000 fd:01 3835776                    /home/mgonzalo/.ivy2/cache/io.dropwizard.metrics/metrics-graphite/bundles/metrics-graphite-3.1.5.jar
7f9f64fee000-7f9f64ff2000 r--s 0001a000 fd:01 3835773                    /home/mgonzalo/.ivy2/cache/io.dropwizard.metrics/metrics-core/bundles/metrics-core-3.1.5.jar
7f9f64ff2000-7f9f64ff5000 r--s 0001e000 fd:01 3837669                    /home/mgonzalo/.ivy2/cache/io.airlift/aircompressor/jars/aircompressor-0.10.jar
7f9f64ff5000-7f9f64ffa000 r--s 0003e000 fd:01 3837661                    /home/mgonzalo/.ivy2/cache/commons-net/commons-net/jars/commons-net-3.1.jar
7f9f64ffa000-7f9f64fff000 r--s 00041000 fd:01 3835680                    /home/mgonzalo/.ivy2/cache/commons-lang/commons-lang/jars/commons-lang-2.6.jar
7f9f64fff000-7f9f6500c000 r--s 00083000 fd:01 3835606                    /home/mgonzalo/.ivy2/cache/commons-collections/commons-collections/jars/commons-collections-3.2.2.jar
7f9f6500c000-7f9f65013000 r--s 0003f000 fd:01 3837667                    /home/mgonzalo/.ivy2/cache/commons-codec/commons-codec/jars/commons-codec-1.10.jar
7f9f65013000-7f9f65014000 r--s 00002000 fd:01 3835759                    /home/mgonzalo/.ivy2/cache/com.vlkan/flatbuffers/jars/flatbuffers-1.2.0-3f79e055.jar
7f9f65014000-7f9f6501c000 r--s 0005b000 fd:01 3837654                    /home/mgonzalo/.ivy2/cache/com.univocity/univocity-parsers/jars/univocity-parsers-2.7.3.jar
7f9f6501c000-7f9f65021000 r--s 00035000 fd:01 3837467                    /home/mgonzalo/.ivy2/cache/com.twitter/chill_2.11/jars/chill_2.11-0.9.3.jar
7f9f65021000-7f9f65023000 r--s 0000d000 fd:01 3837470                    /home/mgonzalo/.ivy2/cache/com.twitter/chill-java/jars/chill-java-0.9.3.jar
7f9f65023000-7f9f65025000 r--s 00007000 fd:01 3835625                    /home/mgonzalo/.ivy2/cache/com.thoughtworks.paranamer/paranamer/bundles/paranamer-2.8.jar
7f9f65025000-7f9f6502a000 r--s 0002a000 fd:01 3835730                    /home/mgonzalo/.ivy2/cache/com.google.code.gson/gson/jars/gson-2.2.4.jar
7f9f6502a000-7f9f6502c000 r--s 00003000 fd:01 3835760                    /home/mgonzalo/.ivy2/cache/com.google.code.findbugs/jsr305/jars/jsr305-3.0.2.jar
7f9f6502c000-7f9f6502e000 r--s 00238000 fd:01 3835746                    /home/mgonzalo/.ivy2/cache/com.github.luben/zstd-jni/bundles/zstd-jni-1.3.2-2.jar
7f9f6502e000-7f9f6503b000 r--s 00071000 fd:01 3835602                    /home/mgonzalo/.ivy2/cache/com.fasterxml.jackson.module/jackson-module-scala_2.11/bundles/jackson-module-scala_2.11-2.6.7.1.jar
7f9f6503b000-7f9f6503d000 r--s 00009000 fd:01 3835709                    /home/mgonzalo/.ivy2/cache/com.fasterxml.jackson.module/jackson-module-paranamer/bundles/jackson-module-paranamer-2.7.9.jar
7f9f6503d000-7f9f6504e000 r--s 0010c000 fd:01 3835777                    /home/mgonzalo/.ivy2/cache/com.fasterxml.jackson.core/jackson-databind/bundles/jackson-databind-2.6.7.1.jar
7f9f6504e000-7f9f65051000 r--s 0003b000 fd:01 3835678                    /home/mgonzalo/.ivy2/cache/com.fasterxml.jackson.core/jackson-core/bundles/jackson-core-2.7.9.jar
7f9f65051000-7f9f65054000 r--s 00009000 fd:01 3835750                    /home/mgonzalo/.ivy2/cache/com.fasterxml.jackson.core/jackson-annotations/bundles/jackson-annotations-2.6.7.jar
7f9f65054000-7f9f65055000 r--s 00001000 fd:01 3835601                    /home/mgonzalo/.ivy2/cache/com.esotericsoftware/minlog/bundles/minlog-1.3.0.jar
7f9f65055000-7f9f6505d000 r--s 0005d000 fd:01 3837484                    /home/mgonzalo/.ivy2/cache/com.esotericsoftware/kryo-shaded/bundles/kryo-shaded-4.0.2.jar
7f9f6505d000-7f9f6507e000 r--s 00177000 fd:01 3835704                    /home/mgonzalo/.ivy2/cache/com.carrotsearch/hppc/bundles/hppc-0.7.2.jar
7f9f6507e000-7f9f6507f000 r--s 00003000 fd:01 3835725                    /home/mgonzalo/.ivy2/cache/xmlenc/xmlenc/jars/xmlenc-0.52.jar
7f9f6507f000-7f9f65081000 r--s 0000e000 fd:01 3835728                    /home/mgonzalo/.ivy2/cache/oro/oro/jars/oro-2.0.8.jar
7f9f65081000-7f9f650d6000 r--s 0069c000 fd:01 3836848                    /home/mgonzalo/.ivy2/cache/org.spire-math/spire_2.11/jars/spire_2.11-0.7.4.jar
7f9f650d6000-7f9f650d8000 r--s 00014000 fd:01 3836849                    /home/mgonzalo/.ivy2/cache/org.spire-math/spire-macros_2.11/jars/spire-macros_2.11-0.7.4.jar
7f9f650d8000-7f9f650d9000 r--s 00000000 fd:01 3835748                    /home/mgonzalo/.ivy2/cache/org.spark-project.spark/unused/jars/unused-1.0.0.jar
7f9f650d9000-7f9f650e0000 r--s 0003e000 fd:01 3835609                    /home/mgonzalo/.ivy2/cache/org.sonatype.sisu.inject/cglib/jars/cglib-2.2.1-v20090111.jar
7f9f650e0000-7f9f651b3000 r--s 00bcb000 fd:01 3836834                    /home/mgonzalo/.ivy2/cache/org.scalanlp/breeze_2.11/jars/breeze_2.11-0.11.1.jar
7f9f651b3000-7f9f651b7000 r--s 0001e000 fd:01 3836847                    /home/mgonzalo/.ivy2/cache/org.scalanlp/breeze-macros_2.11/jars/breeze-macros_2.11-0.11.1.jar
7f9f651b7000-7f9f651ba000 r--s 0002f000 fd:01 3835600                    /home/mgonzalo/.ivy2/cache/org.roaringbitmap/RoaringBitmap/bundles/RoaringBitmap-0.5.11.jar
7f9f651ba000-7f9f651be000 r--s 00028000 fd:01 3835631                    /home/mgonzalo/.ivy2/cache/org.mortbay.jetty/jetty-util/jars/jetty-util-6.1.26.jar
7f9f651be000-7f9f651c1000 r--s 00721000 fd:01 3836835                    /home/mgonzalo/.ivy2/cache/org.jblas/jblas/jars/jblas-1.2.3.jar
7f9f651c1000-7f9f651c4000 r--s 000fd000 fd:01 3835650                    /home/mgonzalo/.ivy2/cache/org.fusesource.leveldbjni/leveldbjni-all/bundles/leveldbjni-all-1.8.jar
7f9f651c4000-7f9f651c6000 r--s 0000f000 fd:01 3835741                    /home/mgonzalo/.ivy2/cache/org.codehaus.jettison/jettison/bundles/jettison-1.1.jar
7f9f651c6000-7f9f651d4000 r--s 000b1000 fd:01 3835653                    /home/mgonzalo/.ivy2/cache/org.codehaus.jackson/jackson-mapper-asl/jars/jackson-mapper-asl-1.9.13.jar
7f9f651d4000-7f9f651d8000 r--s 00035000 fd:01 3835617                    /home/mgonzalo/.ivy2/cache/org.codehaus.jackson/jackson-core-asl/jars/jackson-core-asl-1.9.13.jar
7f9f651d8000-7f9f65206000 r--s 001fd000 fd:01 3836832                    /home/mgonzalo/.ivy2/cache/org.apache.spark/spark-mllib_2.11/jars/spark-mllib_2.11-1.3.0.jar
7f9f65206000-7f9f65213000 r--s 0008c000 fd:01 3836833                    /home/mgonzalo/.ivy2/cache/org.apache.spark/spark-graphx_2.11/jars/spark-graphx_2.11-1.3.0.jar
7f9f65213000-7f9f65229000 r--s 00124000 fd:01 3835663                    /home/mgonzalo/.ivy2/cache/org.apache.ivy/ivy/jars/ivy-2.4.0.jar
7f9f65229000-7f9f6524d000 r--s 001cd000 fd:01 3835758                    /home/mgonzalo/.ivy2/cache/org.apache.commons/commons-math3/jars/commons-math3-3.4.1.jar
7f9f6524d000-7f9f6525f000 r--s 00112000 fd:01 3835799                    /home/mgonzalo/.ivy2/cache/net.sourceforge.f2j/arpack_combined_all/jars/arpack_combined_all-0.1.jar
7f9f6525f000-7f9f65260000 r--s 00004000 fd:01 3835654                    /home/mgonzalo/.ivy2/cache/net.sf.opencsv/opencsv/jars/opencsv-2.3.jar
7f9f65260000-7f9f65269000 r--s 0006f000 fd:01 3835652                    /home/mgonzalo/.ivy2/cache/log4j/log4j/bundles/log4j-1.2.17.jar
7f9f65269000-7f9f6526b000 r--s 00014000 fd:01 3835699                    /home/mgonzalo/.ivy2/cache/jline/jline/jars/jline-0.9.94.jar
7f9f6526b000-7f9f6526e000 r--s 00017000 fd:01 3835671                    /home/mgonzalo/.ivy2/cache/javax.xml.bind/jaxb-api/jars/jaxb-api-2.2.2.jar
7f9f6526e000-7f9f6526f000 r--s 00000000 fd:01 3835720                    /home/mgonzalo/.ivy2/cache/javax.inject/javax.inject/jars/javax.inject-1.jar
7f9f6526f000-7f9f65273000 r--s 0002a000 fd:01 3835740                    /home/mgonzalo/.ivy2/cache/commons-io/commons-io/jars/commons-io-2.4.jar
7f9f65273000-7f9f65279000 r--s 00045000 fd:01 3835727                    /home/mgonzalo/.ivy2/cache/commons-httpclient/commons-httpclient/jars/commons-httpclient-3.1.jar
7f9f65279000-7f9f6527d000 r--s 00020000 fd:01 3835657                    /home/mgonzalo/.ivy2/cache/commons-digester/commons-digester/jars/commons-digester-1.8.jar
7f9f6527d000-7f9f65283000 r--s 00043000 fd:01 3835705                    /home/mgonzalo/.ivy2/cache/commons-configuration/commons-configuration/jars/commons-configuration-1.6.jar
7f9f65283000-7f9f65285000 r--s 00009000 fd:01 3835722                    /home/mgonzalo/.ivy2/cache/commons-cli/commons-cli/jars/commons-cli-1.2.jar
7f9f65285000-7f9f65289000 r--s 0002f000 fd:01 3835665                    /home/mgonzalo/.ivy2/cache/commons-beanutils/commons-beanutils-core/jars/commons-beanutils-core-1.8.0.jar
7f9f65289000-7f9f6528e000 r--s 0002a000 fd:01 3835683                    /home/mgonzalo/.ivy2/cache/commons-beanutils/commons-beanutils/jars/commons-beanutils-1.7.0.jar
7f9f6528e000-7f9f65290000 r--s 00012000 fd:01 3835687                    /home/mgonzalo/.ivy2/cache/com.ning/compress-lzf/bundles/compress-lzf-1.0.3.jar
7f9f65290000-7f9f65298000 r--s 0007b000 fd:01 3835716                    /home/mgonzalo/.ivy2/cache/com.google.protobuf/protobuf-java/bundles/protobuf-java-2.5.0.jar
7f9f65298000-7f9f652a7000 r--s 0009f000 fd:01 3835691                    /home/mgonzalo/.ivy2/cache/com.google.inject/guice/jars/guice-3.0.jar
7f9f652a7000-7f9f652b2000 r--s 000b0000 fd:01 3835803                    /home/mgonzalo/.ivy2/cache/com.github.rwl/jtransforms/jars/jtransforms-2.4.0.jar
7f9f652b2000-7f9f652b4000 r--s 00027000 fd:01 3835790                    /home/mgonzalo/.ivy2/cache/com.github.fommil.netlib/core/jars/core-1.1.2.jar
7f9f652b4000-7f9f652b7000 r--s 00028000 fd:01 3835772                    /home/mgonzalo/.ivy2/cache/com.clearspring.analytics/stream/jars/stream-2.7.0.jar
7f9f652b7000-7f9f652e7000 r--s 001e3000 fd:01 3837464                    /home/mgonzalo/.ivy2/cache/org.apache.spark/spark-streaming_2.11/jars/spark-streaming_2.11-2.4.0.jar
7f9f652e7000-7f9f65340000 r--s 00522000 fd:01 3835598                    /home/mgonzalo/.ivy2/cache/org.scala-lang/scala-library/jars/scala-library-2.11.8.jar
7f9f65340000-7f9f6538c000 r--s 00411000 fd:01 3835874                    /home/mgonzalo/.ivy2/cache/org.scala-lang/scala-reflect/jars/scala-reflect-2.11.8.jar
7f9f6538c000-7f9f653b7000 r--s 001f9000 fd:01 3837804                    /home/mgonzalo/.ivy2/cache/com.google.guava/guava/bundles/guava-17.0.jar
7f9f653b7000-7f9f653d2000 r--s 001d6000 fd:01 655657                     /usr/lib/jvm/java-8-openjdk-amd64/jre/lib/ext/nashorn.jar
7f9f653d2000-7f9f653d5000 ---p 00000000 00:00 0 
7f9f653d5000-7f9f654d3000 rw-p 00000000 00:00 0 
7f9f654d3000-7f9f65a27000 r--p 00000000 fd:01 5767190                    /usr/lib/locale/locale-archive
7f9f65a27000-7f9f65a2a000 ---p 00000000 00:00 0 
7f9f65a2a000-7f9f65b28000 rw-p 00000000 00:00 0 
7f9f65b28000-7f9f65b2b000 ---p 00000000 00:00 0 
7f9f65b2b000-7f9f65c29000 rw-p 00000000 00:00 0 
7f9f65c29000-7f9f65c2a000 ---p 00000000 00:00 0 
7f9f65c2a000-7f9f66c39000 rw-p 00000000 00:00 0 
7f9f66c39000-7f9f66e08000 r--s 03c32000 fd:01 655681                     /usr/lib/jvm/java-8-openjdk-amd64/jre/lib/rt.jar
7f9f66e08000-7f9f6747e000 rw-p 00000000 00:00 0 
7f9f6747e000-7f9f6767e000 ---p 00000000 00:00 0 
7f9f6767e000-7f9f67e46000 rw-p 00000000 00:00 0 
7f9f67e46000-7f9f67e47000 ---p 00000000 00:00 0 
7f9f67e47000-7f9f67f9b000 rw-p 00000000 00:00 0 
7f9f67f9b000-7f9f68477000 ---p 00000000 00:00 0 
7f9f68477000-7f9f684cb000 rw-p 00000000 00:00 0 
7f9f684cb000-7f9f689a7000 ---p 00000000 00:00 0 
7f9f689a7000-7f9f689d1000 rw-p 00000000 00:00 0 
7f9f689d1000-7f9f68c3f000 ---p 00000000 00:00 0 
7f9f68c3f000-7f9f68c4a000 rw-p 00000000 00:00 0 
7f9f68c4a000-7f9f69000000 ---p 00000000 00:00 0 
7f9f69000000-7f9f69270000 rwxp 00000000 00:00 0 
7f9f69270000-7f9f78000000 ---p 00000000 00:00 0 
7f9f78000000-7f9f79927000 rw-p 00000000 00:00 0 
7f9f79927000-7f9f7c000000 ---p 00000000 00:00 0 
7f9f7c000000-7f9f7c002000 r--s 00000000 fd:01 3835599                    /home/mgonzalo/.ivy2/cache/aopalliance/aopalliance/jars/aopalliance-1.0.jar
7f9f7c002000-7f9f7c015000 r--s 00346000 fd:01 655680                     /usr/lib/jvm/java-8-openjdk-amd64/jre/lib/resources.jar
7f9f7c015000-7f9f7c063000 rw-p 00000000 00:00 0 
7f9f7c063000-7f9f7c064000 ---p 00000000 00:00 0 
7f9f7c064000-7f9f7c164000 rw-p 00000000 00:00 0 
7f9f7c164000-7f9f7c165000 ---p 00000000 00:00 0 
7f9f7c165000-7f9f7c265000 rw-p 00000000 00:00 0 
7f9f7c265000-7f9f7c266000 ---p 00000000 00:00 0 
7f9f7c266000-7f9f7c366000 rw-p 00000000 00:00 0 
7f9f7c366000-7f9f7c36e000 r-xp 00000000 fd:01 655638                     /usr/lib/jvm/java-8-openjdk-amd64/jre/lib/amd64/libzip.so
7f9f7c36e000-7f9f7c56d000 ---p 00008000 fd:01 655638                     /usr/lib/jvm/java-8-openjdk-amd64/jre/lib/amd64/libzip.so
7f9f7c56d000-7f9f7c56e000 r--p 00007000 fd:01 655638                     /usr/lib/jvm/java-8-openjdk-amd64/jre/lib/amd64/libzip.so
7f9f7c56e000-7f9f7c56f000 rw-p 00008000 fd:01 655638                     /usr/lib/jvm/java-8-openjdk-amd64/jre/lib/amd64/libzip.so
7f9f7c56f000-7f9f7c57a000 r-xp 00000000 fd:01 5373986                    /lib/x86_64-linux-gnu/libnss_files-2.27.so
7f9f7c57a000-7f9f7c779000 ---p 0000b000 fd:01 5373986                    /lib/x86_64-linux-gnu/libnss_files-2.27.so
7f9f7c779000-7f9f7c77a000 r--p 0000a000 fd:01 5373986                    /lib/x86_64-linux-gnu/libnss_files-2.27.so
7f9f7c77a000-7f9f7c77b000 rw-p 0000b000 fd:01 5373986                    /lib/x86_64-linux-gnu/libnss_files-2.27.so
7f9f7c77b000-7f9f7c781000 rw-p 00000000 00:00 0 
7f9f7c781000-7f9f7c798000 r-xp 00000000 fd:01 5373983                    /lib/x86_64-linux-gnu/libnsl-2.27.so
7f9f7c798000-7f9f7c997000 ---p 00017000 fd:01 5373983                    /lib/x86_64-linux-gnu/libnsl-2.27.so
7f9f7c997000-7f9f7c998000 r--p 00016000 fd:01 5373983                    /lib/x86_64-linux-gnu/libnsl-2.27.so
7f9f7c998000-7f9f7c999000 rw-p 00017000 fd:01 5373983                    /lib/x86_64-linux-gnu/libnsl-2.27.so
7f9f7c999000-7f9f7c99b000 rw-p 00000000 00:00 0 
7f9f7c99b000-7f9f7c9a6000 r-xp 00000000 fd:01 5373988                    /lib/x86_64-linux-gnu/libnss_nis-2.27.so
7f9f7c9a6000-7f9f7cba5000 ---p 0000b000 fd:01 5373988                    /lib/x86_64-linux-gnu/libnss_nis-2.27.so
7f9f7cba5000-7f9f7cba6000 r--p 0000a000 fd:01 5373988                    /lib/x86_64-linux-gnu/libnss_nis-2.27.so
7f9f7cba6000-7f9f7cba7000 rw-p 0000b000 fd:01 5373988                    /lib/x86_64-linux-gnu/libnss_nis-2.27.so
7f9f7cba7000-7f9f7cbaf000 r-xp 00000000 fd:01 5373984                    /lib/x86_64-linux-gnu/libnss_compat-2.27.so
7f9f7cbaf000-7f9f7cdaf000 ---p 00008000 fd:01 5373984                    /lib/x86_64-linux-gnu/libnss_compat-2.27.so
7f9f7cdaf000-7f9f7cdb0000 r--p 00008000 fd:01 5373984                    /lib/x86_64-linux-gnu/libnss_compat-2.27.so
7f9f7cdb0000-7f9f7cdb1000 rw-p 00009000 fd:01 5373984                    /lib/x86_64-linux-gnu/libnss_compat-2.27.so
7f9f7cdb1000-7f9f7cdbb000 r-xp 00000000 fd:01 655614                     /usr/lib/jvm/java-8-openjdk-amd64/jre/lib/amd64/libinstrument.so
7f9f7cdbb000-7f9f7cfba000 ---p 0000a000 fd:01 655614                     /usr/lib/jvm/java-8-openjdk-amd64/jre/lib/amd64/libinstrument.so
7f9f7cfba000-7f9f7cfbb000 r--p 00009000 fd:01 655614                     /usr/lib/jvm/java-8-openjdk-amd64/jre/lib/amd64/libinstrument.so
7f9f7cfbb000-7f9f7cfbc000 rw-p 0000a000 fd:01 655614                     /usr/lib/jvm/java-8-openjdk-amd64/jre/lib/amd64/libinstrument.so
7f9f7cfbc000-7f9f7cfea000 r-xp 00000000 fd:01 655619                     /usr/lib/jvm/java-8-openjdk-amd64/jre/lib/amd64/libjava.so
7f9f7cfea000-7f9f7d1e9000 ---p 0002e000 fd:01 655619                     /usr/lib/jvm/java-8-openjdk-amd64/jre/lib/amd64/libjava.so
7f9f7d1e9000-7f9f7d1ea000 r--p 0002d000 fd:01 655619                     /usr/lib/jvm/java-8-openjdk-amd64/jre/lib/amd64/libjava.so
7f9f7d1ea000-7f9f7d1ec000 rw-p 0002e000 fd:01 655619                     /usr/lib/jvm/java-8-openjdk-amd64/jre/lib/amd64/libjava.so
7f9f7d1ec000-7f9f7d1fc000 r-xp 00000000 fd:01 655637                     /usr/lib/jvm/java-8-openjdk-amd64/jre/lib/amd64/libverify.so
7f9f7d1fc000-7f9f7d3fb000 ---p 00010000 fd:01 655637                     /usr/lib/jvm/java-8-openjdk-amd64/jre/lib/amd64/libverify.so
7f9f7d3fb000-7f9f7d3fd000 r--p 0000f000 fd:01 655637                     /usr/lib/jvm/java-8-openjdk-amd64/jre/lib/amd64/libverify.so
7f9f7d3fd000-7f9f7d3fe000 rw-p 00011000 fd:01 655637                     /usr/lib/jvm/java-8-openjdk-amd64/jre/lib/amd64/libverify.so
7f9f7d3fe000-7f9f7d405000 r-xp 00000000 fd:01 5373993                    /lib/x86_64-linux-gnu/librt-2.27.so
7f9f7d405000-7f9f7d604000 ---p 00007000 fd:01 5373993                    /lib/x86_64-linux-gnu/librt-2.27.so
7f9f7d604000-7f9f7d605000 r--p 00006000 fd:01 5373993                    /lib/x86_64-linux-gnu/librt-2.27.so
7f9f7d605000-7f9f7d606000 rw-p 00007000 fd:01 5373993                    /lib/x86_64-linux-gnu/librt-2.27.so
7f9f7d606000-7f9f7d61d000 r-xp 00000000 fd:01 5374015                    /lib/x86_64-linux-gnu/libgcc_s.so.1
7f9f7d61d000-7f9f7d81c000 ---p 00017000 fd:01 5374015                    /lib/x86_64-linux-gnu/libgcc_s.so.1
7f9f7d81c000-7f9f7d81d000 r--p 00016000 fd:01 5374015                    /lib/x86_64-linux-gnu/libgcc_s.so.1
7f9f7d81d000-7f9f7d81e000 rw-p 00017000 fd:01 5374015                    /lib/x86_64-linux-gnu/libgcc_s.so.1
7f9f7d81e000-7f9f7d9bb000 r-xp 00000000 fd:01 5373980                    /lib/x86_64-linux-gnu/libm-2.27.so
7f9f7d9bb000-7f9f7dbba000 ---p 0019d000 fd:01 5373980                    /lib/x86_64-linux-gnu/libm-2.27.so
7f9f7dbba000-7f9f7dbbb000 r--p 0019c000 fd:01 5373980                    /lib/x86_64-linux-gnu/libm-2.27.so
7f9f7dbbb000-7f9f7dbbc000 rw-p 0019d000 fd:01 5373980                    /lib/x86_64-linux-gnu/libm-2.27.so
7f9f7dbbc000-7f9f7dd3a000 r-xp 00000000 fd:01 5772210                    /usr/lib/x86_64-linux-gnu/libstdc++.so.6.0.25
7f9f7dd3a000-7f9f7df3a000 ---p 0017e000 fd:01 5772210                    /usr/lib/x86_64-linux-gnu/libstdc++.so.6.0.25
7f9f7df3a000-7f9f7df44000 r--p 0017e000 fd:01 5772210                    /usr/lib/x86_64-linux-gnu/libstdc++.so.6.0.25
7f9f7df44000-7f9f7df46000 rw-p 00188000 fd:01 5772210                    /usr/lib/x86_64-linux-gnu/libstdc++.so.6.0.25
7f9f7df46000-7f9f7df4a000 rw-p 00000000 00:00 0 
7f9f7df4a000-7f9f7ebdf000 r-xp 00000000 fd:01 655641                     /usr/lib/jvm/java-8-openjdk-amd64/jre/lib/amd64/server/libjvm.so
7f9f7ebdf000-7f9f7edde000 ---p 00c95000 fd:01 655641                     /usr/lib/jvm/java-8-openjdk-amd64/jre/lib/amd64/server/libjvm.so
7f9f7edde000-7f9f7ee72000 r--p 00c94000 fd:01 655641                     /usr/lib/jvm/java-8-openjdk-amd64/jre/lib/amd64/server/libjvm.so
7f9f7ee72000-7f9f7ee9a000 rw-p 00d28000 fd:01 655641                     /usr/lib/jvm/java-8-openjdk-amd64/jre/lib/amd64/server/libjvm.so
7f9f7ee9a000-7f9f7eecb000 rw-p 00000000 00:00 0 
7f9f7eecb000-7f9f7eee5000 r-xp 00000000 fd:01 5373991                    /lib/x86_64-linux-gnu/libpthread-2.27.so
7f9f7eee5000-7f9f7f0e4000 ---p 0001a000 fd:01 5373991                    /lib/x86_64-linux-gnu/libpthread-2.27.so
7f9f7f0e4000-7f9f7f0e5000 r--p 00019000 fd:01 5373991                    /lib/x86_64-linux-gnu/libpthread-2.27.so
7f9f7f0e5000-7f9f7f0e6000 rw-p 0001a000 fd:01 5373991                    /lib/x86_64-linux-gnu/libpthread-2.27.so
7f9f7f0e6000-7f9f7f0ea000 rw-p 00000000 00:00 0 
7f9f7f0ea000-7f9f7f0ed000 r-xp 00000000 fd:01 5373979                    /lib/x86_64-linux-gnu/libdl-2.27.so
7f9f7f0ed000-7f9f7f2ec000 ---p 00003000 fd:01 5373979                    /lib/x86_64-linux-gnu/libdl-2.27.so
7f9f7f2ec000-7f9f7f2ed000 r--p 00002000 fd:01 5373979                    /lib/x86_64-linux-gnu/libdl-2.27.so
7f9f7f2ed000-7f9f7f2ee000 rw-p 00003000 fd:01 5373979                    /lib/x86_64-linux-gnu/libdl-2.27.so
7f9f7f2ee000-7f9f7f30a000 r-xp 00000000 fd:01 5374119                    /lib/x86_64-linux-gnu/libz.so.1.2.11
7f9f7f30a000-7f9f7f509000 ---p 0001c000 fd:01 5374119                    /lib/x86_64-linux-gnu/libz.so.1.2.11
7f9f7f509000-7f9f7f50a000 r--p 0001b000 fd:01 5374119                    /lib/x86_64-linux-gnu/libz.so.1.2.11
7f9f7f50a000-7f9f7f50b000 rw-p 0001c000 fd:01 5374119                    /lib/x86_64-linux-gnu/libz.so.1.2.11
7f9f7f50b000-7f9f7f6f2000 r-xp 00000000 fd:01 5373976                    /lib/x86_64-linux-gnu/libc-2.27.so
7f9f7f6f2000-7f9f7f8f2000 ---p 001e7000 fd:01 5373976                    /lib/x86_64-linux-gnu/libc-2.27.so
7f9f7f8f2000-7f9f7f8f6000 r--p 001e7000 fd:01 5373976                    /lib/x86_64-linux-gnu/libc-2.27.so
7f9f7f8f6000-7f9f7f8f8000 rw-p 001eb000 fd:01 5373976                    /lib/x86_64-linux-gnu/libc-2.27.so
7f9f7f8f8000-7f9f7f8fc000 rw-p 00000000 00:00 0 
7f9f7f8fc000-7f9f7f90a000 r-xp 00000000 fd:01 655605                     /usr/lib/jvm/java-8-openjdk-amd64/jre/lib/amd64/jli/libjli.so
7f9f7f90a000-7f9f7fb09000 ---p 0000e000 fd:01 655605                     /usr/lib/jvm/java-8-openjdk-amd64/jre/lib/amd64/jli/libjli.so
7f9f7fb09000-7f9f7fb0a000 r--p 0000d000 fd:01 655605                     /usr/lib/jvm/java-8-openjdk-amd64/jre/lib/amd64/jli/libjli.so
7f9f7fb0a000-7f9f7fb0b000 rw-p 0000e000 fd:01 655605                     /usr/lib/jvm/java-8-openjdk-amd64/jre/lib/amd64/jli/libjli.so
7f9f7fb0b000-7f9f7fb32000 r-xp 00000000 fd:01 5373967                    /lib/x86_64-linux-gnu/ld-2.27.so
7f9f7fb32000-7f9f7fb33000 r--s 00003000 fd:01 3837468                    /home/mgonzalo/.ivy2/cache/org.apache.spark/spark-tags_2.11/jars/spark-tags_2.11-2.4.0.jar
7f9f7fb33000-7f9f7fb34000 r--s 00006000 fd:01 5264835                    /home/mgonzalo/Escritorio/research/feynman machine/lib/JOgmaNeo.jar
7f9f7fb34000-7f9f7fb35000 r--s 00000000 fd:01 655678                     /usr/lib/jvm/java-8-openjdk-amd64/jre/lib/management-agent.jar
7f9f7fb35000-7f9f7fb3a000 r--s 0009d000 fd:01 655675                     /usr/lib/jvm/java-8-openjdk-amd64/jre/lib/jsse.jar
7f9f7fb3a000-7f9f7fb3f000 r--s 002f9000 fd:01 655642                     /usr/lib/jvm/java-8-openjdk-amd64/jre/lib/charsets.jar
7f9f7fb3f000-7f9f7fb49000 r--s 00116000 fd:01 655656                     /usr/lib/jvm/java-8-openjdk-amd64/jre/lib/ext/localedata.jar
7f9f7fb49000-7f9f7fb64000 r--s 00394000 fd:01 655652                     /usr/lib/jvm/java-8-openjdk-amd64/jre/lib/ext/cldrdata.jar
7f9f7fb64000-7f9f7fc0d000 rw-p 00000000 00:00 0 
7f9f7fc0d000-7f9f7fc0e000 ---p 00000000 00:00 0 
7f9f7fc0e000-7f9f7fc11000 ---p 00000000 00:00 0 
7f9f7fc11000-7f9f7fd10000 rw-p 00000000 00:00 0 
7f9f7fd10000-7f9f7fd12000 r--s 00016000 fd:01 655673                     /usr/lib/jvm/java-8-openjdk-amd64/jre/lib/jce.jar
7f9f7fd12000-7f9f7fd14000 r--s 00008000 fd:01 655658                     /usr/lib/jvm/java-8-openjdk-amd64/jre/lib/ext/sunec.jar
7f9f7fd14000-7f9f7fd15000 r--s 00010000 fd:01 655661                     /usr/lib/jvm/java-8-openjdk-amd64/jre/lib/ext/zipfs.jar
7f9f7fd15000-7f9f7fd18000 r--s 0000f000 fd:01 655654                     /usr/lib/jvm/java-8-openjdk-amd64/jre/lib/ext/icedtea-sound.jar
7f9f7fd18000-7f9f7fd1a000 r--s 00007000 fd:01 7477496                    /usr/share/java/java-atk-wrapper.jar
7f9f7fd1a000-7f9f7fd1c000 r--s 00001000 fd:01 655653                     /usr/lib/jvm/java-8-openjdk-amd64/jre/lib/ext/dnsns.jar
7f9f7fd1c000-7f9f7fd1d000 r--s 0000a000 fd:01 655655                     /usr/lib/jvm/java-8-openjdk-amd64/jre/lib/ext/jaccess.jar
7f9f7fd1d000-7f9f7fd20000 r--s 00038000 fd:01 655660                     /usr/lib/jvm/java-8-openjdk-amd64/jre/lib/ext/sunpkcs11.jar
7f9f7fd20000-7f9f7fd26000 r--s 0003b000 fd:01 655659                     /usr/lib/jvm/java-8-openjdk-amd64/jre/lib/ext/sunjce_provider.jar
7f9f7fd26000-7f9f7fd2e000 rw-s 00000000 fd:01 4751005                    /tmp/hsperfdata_mgonzalo/9984
7f9f7fd2e000-7f9f7fd2f000 rw-p 00000000 00:00 0 
7f9f7fd2f000-7f9f7fd30000 r--p 00000000 00:00 0 
7f9f7fd30000-7f9f7fd32000 rw-p 00000000 00:00 0 
7f9f7fd32000-7f9f7fd33000 r--p 00027000 fd:01 5373967                    /lib/x86_64-linux-gnu/ld-2.27.so
7f9f7fd33000-7f9f7fd34000 rw-p 00028000 fd:01 5373967                    /lib/x86_64-linux-gnu/ld-2.27.so
7f9f7fd34000-7f9f7fd35000 rw-p 00000000 00:00 0 
7ffd20466000-7ffd2048b000 rw-p 00000000 00:00 0                          [stack]
7ffd204d5000-7ffd204d8000 r--p 00000000 00:00 0                          [vvar]
7ffd204d8000-7ffd204da000 r-xp 00000000 00:00 0                          [vdso]
ffffffffff600000-ffffffffff601000 r-xp 00000000 00:00 0                  [vsyscall]

VM Arguments:
jvm_args: -Djava.library.path=/home/mgonzalo/Escritorio/research/OgmaNeo/Java/build -javaagent:/home/mgonzalo/idea-IC-183.4284.148/lib/idea_rt.jar=41791:/home/mgonzalo/idea-IC-183.4284.148/bin -Dfile.encoding=UTF-8 
java_command: body.Main
java_class_path (initial): /usr/lib/jvm/java-8-openjdk-amd64/jre/lib/charsets.jar:/usr/lib/jvm/java-8-openjdk-amd64/jre/lib/ext/cldrdata.jar:/usr/lib/jvm/java-8-openjdk-amd64/jre/lib/ext/dnsns.jar:/usr/lib/jvm/java-8-openjdk-amd64/jre/lib/ext/icedtea-sound.jar:/usr/lib/jvm/java-8-openjdk-amd64/jre/lib/ext/jaccess.jar:/usr/lib/jvm/java-8-openjdk-amd64/jre/lib/ext/java-atk-wrapper.jar:/usr/lib/jvm/java-8-openjdk-amd64/jre/lib/ext/localedata.jar:/usr/lib/jvm/java-8-openjdk-amd64/jre/lib/ext/nashorn.jar:/usr/lib/jvm/java-8-openjdk-amd64/jre/lib/ext/sunec.jar:/usr/lib/jvm/java-8-openjdk-amd64/jre/lib/ext/sunjce_provider.jar:/usr/lib/jvm/java-8-openjdk-amd64/jre/lib/ext/sunpkcs11.jar:/usr/lib/jvm/java-8-openjdk-amd64/jre/lib/ext/zipfs.jar:/usr/lib/jvm/java-8-openjdk-amd64/jre/lib/jce.jar:/usr/lib/jvm/java-8-openjdk-amd64/jre/lib/jsse.jar:/usr/lib/jvm/java-8-openjdk-amd64/jre/lib/management-agent.jar:/usr/lib/jvm/java-8-openjdk-amd64/jre/lib/resources.jar:/usr/lib/jvm/java-8-openjdk-amd64/jre/lib/rt.jar:/home/mgonzalo/Escritorio/research/feynman machine/target/scala-2.11/classes:/home/mgonzalo/Escritorio/research/feynman machine/lib/JOgmaNeo.jar:/home/mgonzalo/.ivy2/cache/com.google.guava/guava/bundles/guava-17.0.jar:/home/mgonzalo/.ivy2/cache/org.scala-lang/scala-reflect/jars/scala-reflect-2.11.8.jar:/home/mgonzalo/.ivy2/cache/org.scala-lang/scala-library/jars/scala-library-2.11.8.jar:/home/mgonzalo/.ivy2/cache/org.apache.spark/spark-tags_2.11/jars/spark-tags_2.11-2.4.0.jar:/home/mgonzalo/.ivy2/cache/org.apache.spark/spark-streaming_2.11/jars/spark-streaming_2.11-2.4.0.jar:/home/mgonzalo/.ivy2/cache/aopalliance/aopalliance/jars/aopalliance-1.0.jar:/home/mgonzalo/.ivy2/cache/com.clearspring.analytics/stream/jars/stream-2.7.0.jar:/home/mgonzalo/.ivy2/cache/com.github.fommil.netlib/core/jars/core-1.1.2.jar:/home/mgonzalo/.ivy2/cache/com.github.rwl/jtransforms/jars/jtransforms-2.4.0.jar:/home/mgonzalo/.ivy2/cache/com.google.inject/guice/jars/guice-3.0.jar:/home/mgonzalo/.iv
Launcher Type: SUN_STANDARD

Environment Variables:
PATH=/usr/local/sbin:/usr/local/bin:/usr/sbin:/usr/bin:/sbin:/bin:/usr/games:/usr/local/games:/snap/bin
USERNAME=mgonzalo
SHELL=/bin/bash
DISPLAY=:0

Signal Handlers:
SIGSEGV: [libjvm.so+0xaaf3a0], sa_mask[0]=11111111011111111101111111111110, sa_flags=SA_RESTART|SA_SIGINFO
SIGBUS: [libjvm.so+0xaaf3a0], sa_mask[0]=11111111011111111101111111111110, sa_flags=SA_RESTART|SA_SIGINFO
SIGFPE: [libjvm.so+0x8e52e0], sa_mask[0]=11111111011111111101111111111110, sa_flags=SA_RESTART|SA_SIGINFO
SIGPIPE: [libjvm.so+0x8e52e0], sa_mask[0]=11111111011111111101111111111110, sa_flags=SA_RESTART|SA_SIGINFO
SIGXFSZ: [libjvm.so+0x8e52e0], sa_mask[0]=11111111011111111101111111111110, sa_flags=SA_RESTART|SA_SIGINFO
SIGILL: [libjvm.so+0x8e52e0], sa_mask[0]=11111111011111111101111111111110, sa_flags=SA_RESTART|SA_SIGINFO
SIGUSR1: SIG_DFL, sa_mask[0]=00000000000000000000000000000000, sa_flags=none
SIGUSR2: [libjvm.so+0x8e5190], sa_mask[0]=00100000000000000000000000000000, sa_flags=SA_RESTART|SA_SIGINFO
SIGHUP: [libjvm.so+0x8e5640], sa_mask[0]=11111111011111111101111111111110, sa_flags=SA_RESTART|SA_SIGINFO
SIGINT: [libjvm.so+0x8e5640], sa_mask[0]=11111111011111111101111111111110, sa_flags=SA_RESTART|SA_SIGINFO
SIGTERM: [libjvm.so+0x8e5640], sa_mask[0]=11111111011111111101111111111110, sa_flags=SA_RESTART|SA_SIGINFO
SIGQUIT: [libjvm.so+0x8e5640], sa_mask[0]=11111111011111111101111111111110, sa_flags=SA_RESTART|SA_SIGINFO


---------------  S Y S T E M  ---------------

OS:DISTRIB_ID=Ubuntu
DISTRIB_RELEASE=18.04
DISTRIB_CODENAME=bionic
DISTRIB_DESCRIPTION="Ubuntu 18.04.1 LTS"

uname:Linux 4.15.0-33-generic #36-Ubuntu SMP Wed Aug 15 16:00:05 UTC 2018 x86_64
libc:glibc 2.27 NPTL 2.27 
rlimit: STACK 8192k, CORE 0k, NPROC 63453, NOFILE 1048576, AS infinity
load average:2,74 1,59 0,98

/proc/meminfo:
MemTotal:       16316048 kB
MemFree:          794216 kB
MemAvailable:   10798660 kB
Buffers:          938084 kB
Cached:          9162860 kB
SwapCached:            0 kB
Active:          8592192 kB
Inactive:        6003184 kB
Active(anon):    4483672 kB
Inactive(anon):   258928 kB
Active(file):    4108520 kB
Inactive(file):  5744256 kB
Unevictable:          16 kB
Mlocked:              16 kB
SwapTotal:       1003516 kB
SwapFree:        1003516 kB
Dirty:             39252 kB
Writeback:             0 kB
AnonPages:       4494624 kB
Mapped:           847824 kB
Shmem:            254076 kB
Slab:             602156 kB
SReclaimable:     493912 kB
SUnreclaim:       108244 kB
KernelStack:       15656 kB
PageTables:        61068 kB
NFS_Unstable:          0 kB
Bounce:                0 kB
WritebackTmp:          0 kB
CommitLimit:     9161540 kB
Committed_AS:   12545148 kB
VmallocTotal:   34359738367 kB
VmallocUsed:           0 kB
VmallocChunk:          0 kB
HardwareCorrupted:     0 kB
AnonHugePages:         0 kB
ShmemHugePages:        0 kB
ShmemPmdMapped:        0 kB
CmaTotal:              0 kB
CmaFree:               0 kB
HugePages_Total:       0
HugePages_Free:        0
HugePages_Rsvd:        0
HugePages_Surp:        0
Hugepagesize:       2048 kB
DirectMap4k:      506420 kB
DirectMap2M:    13015040 kB
DirectMap1G:     3145728 kB


CPU:total 4 (initial active 4) (4 cores per cpu, 1 threads per core) family 6 model 158 stepping 9, cmov, cx8, fxsr, mmx, sse, sse2, sse3, ssse3, sse4.1, sse4.2, popcnt, avx, avx2, aes, clmul, erms, 3dnowpref, lzcnt, tsc, tscinvbit, bmi1, bmi2, adx

/proc/cpuinfo:
processor	: 0
vendor_id	: GenuineIntel
cpu family	: 6
model		: 158
model name	: Intel(R) Core(TM) i5-7300HQ CPU @ 2.50GHz
stepping	: 9
microcode	: 0x8e
cpu MHz		: 3285.266
cache size	: 6144 KB
physical id	: 0
siblings	: 4
core id		: 0
cpu cores	: 4
apicid		: 0
initial apicid	: 0
fpu		: yes
fpu_exception	: yes
cpuid level	: 22
wp		: yes
flags		: fpu vme de pse tsc msr pae mce cx8 apic sep mtrr pge mca cmov pat pse36 clflush dts acpi mmx fxsr sse sse2 ss ht tm pbe syscall nx pdpe1gb rdtscp lm constant_tsc art arch_perfmon pebs bts rep_good nopl xtopology nonstop_tsc cpuid aperfmperf tsc_known_freq pni pclmulqdq dtes64 monitor ds_cpl vmx est tm2 ssse3 sdbg fma cx16 xtpr pdcm pcid sse4_1 sse4_2 x2apic movbe popcnt tsc_deadline_timer aes xsave avx f16c rdrand lahf_lm abm 3dnowprefetch cpuid_fault invpcid_single pti ssbd ibrs ibpb stibp tpr_shadow vnmi flexpriority ept vpid fsgsbase tsc_adjust bmi1 avx2 smep bmi2 erms invpcid mpx rdseed adx smap clflushopt intel_pt xsaveopt xsavec xgetbv1 xsaves dtherm ida arat pln pts hwp hwp_notify hwp_act_window hwp_epp flush_l1d
bugs		: cpu_meltdown spectre_v1 spectre_v2 spec_store_bypass l1tf
bogomips	: 4992.00
clflush size	: 64
cache_alignment	: 64
address sizes	: 39 bits physical, 48 bits virtual
power management:

processor	: 1
vendor_id	: GenuineIntel
cpu family	: 6
model		: 158
model name	: Intel(R) Core(TM) i5-7300HQ CPU @ 2.50GHz
stepping	: 9
microcode	: 0x8e
cpu MHz		: 3416.259
cache size	: 6144 KB
physical id	: 0
siblings	: 4
core id		: 1
cpu cores	: 4
apicid		: 2
initial apicid	: 2
fpu		: yes
fpu_exception	: yes
cpuid level	: 22
wp		: yes
flags		: fpu vme de pse tsc msr pae mce cx8 apic sep mtrr pge mca cmov pat pse36 clflush dts acpi mmx fxsr sse sse2 ss ht tm pbe syscall nx pdpe1gb rdtscp lm constant_tsc art arch_perfmon pebs bts rep_good nopl xtopology nonstop_tsc cpuid aperfmperf tsc_known_freq pni pclmulqdq dtes64 monitor ds_cpl vmx est tm2 ssse3 sdbg fma cx16 xtpr pdcm pcid sse4_1 sse4_2 x2apic movbe popcnt tsc_deadline_timer aes xsave avx f16c rdrand lahf_lm abm 3dnowprefetch cpuid_fault invpcid_single pti ssbd ibrs ibpb stibp tpr_shadow vnmi flexpriority ept vpid fsgsbase tsc_adjust bmi1 avx2 smep bmi2 erms invpcid mpx rdseed adx smap clflushopt intel_pt xsaveopt xsavec xgetbv1 xsaves dtherm ida arat pln pts hwp hwp_notify hwp_act_window hwp_epp flush_l1d
bugs		: cpu_meltdown spectre_v1 spectre_v2 spec_store_bypass l1tf
bogomips	: 4992.00
clflush size	: 64
cache_alignment	: 64
address sizes	: 39 bits physical, 48 bits virtual
power management:

processor	: 2
vendor_id	: GenuineIntel
cpu family	: 6
model		: 158
model name	: Intel(R) Core(TM) i5-7300HQ CPU @ 2.50GHz
stepping	: 9
microcode	: 0x8e
cpu MHz		: 3243.123
cache size	: 6144 KB
physical id	: 0
siblings	: 4
core id		: 2
cpu cores	: 4
apicid		: 4
initial apicid	: 4
fpu		: yes
fpu_exception	: yes
cpuid level	: 22
wp		: yes
flags		: fpu vme de pse tsc msr pae mce cx8 apic sep mtrr pge mca cmov pat pse36 clflush dts acpi mmx fxsr sse sse2 ss ht tm pbe syscall nx pdpe1gb rdtscp lm constant_tsc art arch_perfmon pebs bts rep_good nopl xtopology nonstop_tsc cpuid aperfmperf tsc_known_freq pni pclmulqdq dtes64 monitor ds_cpl vmx est tm2 ssse3 sdbg fma cx16 xtpr pdcm pcid sse4_1 sse4_2 x2apic movbe popcnt tsc_deadline_timer aes xsave avx f16c rdrand lahf_lm abm 3dnowprefetch cpuid_fault invpcid_single pti ssbd ibrs ibpb stibp tpr_shadow vnmi flexpriority ept vpid fsgsbase tsc_adjust bmi1 avx2 smep bmi2 erms invpcid mpx rdseed adx smap clflushopt intel_pt xsaveopt xsavec xgetbv1 xsaves dtherm ida arat pln pts hwp hwp_notify hwp_act_window hwp_epp flush_l1d
bugs		: cpu_meltdown spectre_v1 spectre_v2 spec_store_bypass l1tf
bogomips	: 4992.00
clflush size	: 64
cache_alignment	: 64
address sizes	: 39 bits physical, 48 bits virtual
power management:

processor	: 3
vendor_id	: GenuineIntel
cpu family	: 6
model		: 158
model name	: Intel(R) Core(TM) i5-7300HQ CPU @ 2.50GHz
stepping	: 9
microcode	: 0x8e
cpu MHz		: 3191.632
cache size	: 6144 KB
physical id	: 0
siblings	: 4
core id		: 3
cpu cores	: 4
apicid		: 6
initial apicid	: 6
fpu		: yes
fpu_exception	: yes
cpuid level	: 22
wp		: yes
flags		: fpu vme de pse tsc msr pae mce cx8 apic sep mtrr pge mca cmov pat pse36 clflush dts acpi mmx fxsr sse sse2 ss ht tm pbe syscall nx pdpe1gb rdtscp lm constant_tsc art arch_perfmon pebs bts rep_good nopl xtopology nonstop_tsc cpuid aperfmperf tsc_known_freq pni pclmulqdq dtes64 monitor ds_cpl vmx est tm2 ssse3 sdbg fma cx16 xtpr pdcm pcid sse4_1 sse4_2 x2apic movbe popcnt tsc_deadline_timer aes xsave avx f16c rdrand lahf_lm abm 3dnowprefetch cpuid_fault invpcid_single pti ssbd ibrs ibpb stibp tpr_shadow vnmi flexpriority ept vpid fsgsbase tsc_adjust bmi1 avx2 smep bmi2 erms invpcid mpx rdseed adx smap clflushopt intel_pt xsaveopt xsavec xgetbv1 xsaves dtherm ida arat pln pts hwp hwp_notify hwp_act_window hwp_epp flush_l1d
bugs		: cpu_meltdown spectre_v1 spectre_v2 spec_store_bypass l1tf
bogomips	: 4992.00
clflush size	: 64
cache_alignment	: 64
address sizes	: 39 bits physical, 48 bits virtual
power management:



Memory: 4k page, physical 16316048k(790248k free), swap 1003516k(1003516k free)

vm_info: OpenJDK 64-Bit Server VM (25.181-b13) for linux-amd64 JRE (1.8.0_181-8u181-b13-0ubuntu0.18.04.1-b13), built on Jul 23 2018 19:14:48 by "buildd" with gcc 7.3.0

time: Sat Dec 15 15:09:43 2018
elapsed time: 0 seconds (0d 0h 0m 0s)

