#
# A fatal error has been detected by the Java Runtime Environment:
#
#  SIGSEGV (0xb) at pc=0x00007f1c52b6a60f, pid=9851, tid=0x00007f1caeba0700
#
# JRE version: OpenJDK Runtime Environment (8.0_181-b13) (build 1.8.0_181-8u181-b13-0ubuntu0.18.04.1-b13)
# Java VM: OpenJDK 64-Bit Server VM (25.181-b13 mixed mode linux-amd64 compressed oops)
# Problematic frame:
# C  [libnvidia-opencl.so.1+0x13560f]
#
# Failed to write core dump. Core dumps have been disabled. To enable core dumping, try "ulimit -c unlimited" before starting Java again
#
# If you would like to submit a bug report, please visit:
#   http://bugreport.java.com/bugreport/crash.jsp
# The crash happened outside the Java Virtual Machine in native code.
# See problematic frame for where to report the bug.
#

---------------  T H R E A D  ---------------

Current thread (0x00007f1ca8014000):  JavaThread "main" [_thread_in_native, id=9853, stack(0x00007f1caeaa1000,0x00007f1caeba1000)]

siginfo: si_signo: 11 (SIGSEGV), si_code: 2 (SEGV_ACCERR), si_addr: 0x00007f1c32600000

Registers:
RAX=0x00007f1c325fffc8, RBX=0x00000000000000a0, RCX=0x00007f1c45f09a80, RDX=0x0000000000000020
RSP=0x00007f1caeb9e290, RBP=0x00007f1c45f09a40, RSI=0x0000000000000000, RDI=0x00007f1c45f09a38
R8 =0x00007f1c45f00000, R9 =0x00000000000000a8, R10=0x0000000000000000, R11=0x0000000000000000
R12=0x00007f1c325fff88, R13=0x0000000000000008, R14=0x000000000000005f, R15=0x00007f1c325fff80
RIP=0x00007f1c52b6a60f, EFLAGS=0x0000000000010202, CSGSFS=0x002b000000000033, ERR=0x0000000000000004
  TRAPNO=0x000000000000000e

Top of Stack: (sp=0x00007f1caeb9e290)
0x00007f1caeb9e290:   00007f1ca8d8b4b0 00007f1c45f09a38
0x00007f1caeb9e2a0:   000000000000008c 00000000000000a8
0x00007f1caeb9e2b0:   00007f1caeb9e4b0 00007f1c52c16c2e
0x00007f1caeb9e2c0:   0000000000000001 00007f1caeb9e7d8
0x00007f1caeb9e2d0:   00007f1c325fc128 000000000000008c
0x00007f1caeb9e2e0:   00000000000000a8 00007f1c45f05be0
0x00007f1caeb9e2f0:   000000000000008c 00000000000000a8
0x00007f1caeb9e300:   0000000000000000 0000000000000000
0x00007f1caeb9e310:   00007f1caeb9e7d8 00007f1ca8d922c0
0x00007f1caeb9e320:   00007f1ca8d8b4b0 00007f1ca8bed4e0
0x00007f1caeb9e330:   00007f1caeb9e4b0 00007f1c52cdf919
0x00007f1caeb9e340:   0000000100000000 0000000000000000
0x00007f1caeb9e350:   00007f1ca97cee80 00007f1ca97d0ad0
0x00007f1caeb9e360:   c1d000d2000000c3 000000005c0000ca
0x00007f1caeb9e370:   40164e6577e355a7 fa41b3dd73e3ebdb
0x00007f1caeb9e380:   0000000000000001 000000000000002c
0x00007f1caeb9e390:   00007f1ca8bed4e0 00007f1caeb9e8e0
0x00007f1caeb9e3a0:   00007f1ca8d922c0 000000000000008c
0x00007f1caeb9e3b0:   00000000000000a8 00007f1c52ce04e5
0x00007f1caeb9e3c0:   00007f1ca8d94850 00007f1caeb9e430
0x00007f1caeb9e3d0:   00007f1caeb9e5f0 00007f1caeb9e4b0
0x00007f1caeb9e3e0:   0000000000000000 0000000000000000
0x00007f1caeb9e3f0:   00007f1ca8d8b4b0 0000000000000000
0x00007f1caeb9e400:   00007f1caeb9e7d8 00000000a8be8b60
0x00007f1caeb9e410:   00007f1caeb9e530 00007f1c00000001
0x00007f1caeb9e420:   00007f1ca97d0940 0000000000000000
0x00007f1caeb9e430:   0000000000000001 0000000000000000
0x00007f1caeb9e440:   0000000000000000 0000000000000000
0x00007f1caeb9e450:   00007f1ca8d94850 0000000000000000
0x00007f1caeb9e460:   00000000000000a8 000000000000008c
0x00007f1caeb9e470:   0000000000000000 0000000000000000
0x00007f1caeb9e480:   0000000000000000 0000000000000000 

Instructions: (pc=0x00007f1c52b6a60f)
0x00007f1c52b6a5ef:   48 89 da 48 89 e9 4c 89 e0 0f 1f 84 00 00 00 00
0x00007f1c52b6a5ff:   00 0f 10 18 48 83 ea 40 0f 10 50 10 0f 10 48 20
0x00007f1c52b6a60f:   0f 10 40 30 48 83 c0 40 0f 2b 19 0f 2b 51 10 0f
0x00007f1c52b6a61f:   2b 49 20 0f 2b 41 30 48 83 c1 40 48 83 fa 3f 77 

Register to memory mapping:

RAX=0x00007f1c325fffc8 is an unknown value
RBX=0x00000000000000a0 is an unknown value
RCX=0x00007f1c45f09a80 is an unknown value
RDX=0x0000000000000020 is an unknown value
RSP=0x00007f1caeb9e290 is pointing into the stack for thread: 0x00007f1ca8014000
RBP=0x00007f1c45f09a40 is an unknown value
RSI=0x0000000000000000 is an unknown value
RDI=0x00007f1c45f09a38 is an unknown value
R8 =0x00007f1c45f00000 is an unknown value
R9 =0x00000000000000a8 is an unknown value
R10=0x0000000000000000 is an unknown value
R11=0x0000000000000000 is an unknown value
R12=0x00007f1c325fff88 is an unknown value
R13=0x0000000000000008 is an unknown value
R14=0x000000000000005f is an unknown value
R15=0x00007f1c325fff80 is an unknown value


Stack: [0x00007f1caeaa1000,0x00007f1caeba1000],  sp=0x00007f1caeb9e290,  free space=1012k
Native frames: (J=compiled Java code, j=interpreted, Vv=VM code, C=native code)
C  [libnvidia-opencl.so.1+0x13560f]

Java frames: (J=compiled Java code, j=interpreted, Vv=VM code)
j  com.ogmacorp.ogmaneo.jogmaneoJNI.Hierarchy_load(JLcom/ogmacorp/ogmaneo/Hierarchy;JLcom/ogmacorp/ogmaneo/ComputeSystem;Ljava/lang/String;)V+0
j  com.ogmacorp.ogmaneo.Hierarchy.load(Lcom/ogmacorp/ogmaneo/ComputeSystem;Ljava/lang/String;)V+11
j  model.FeynmanMachine.<init>(II)V+200
j  body.Main$.delayedEndpoint$body$Main$1()V+33
j  body.Main$delayedInit$body.apply()Ljava/lang/Object;+4
j  scala.Function0$class.apply$mcV$sp(Lscala/Function0;)V+1
j  scala.runtime.AbstractFunction0.apply$mcV$sp()V+1
j  scala.App$$anonfun$main$1.apply(Lscala/Function0;)V+1
j  scala.App$$anonfun$main$1.apply(Ljava/lang/Object;)Ljava/lang/Object;+5
j  scala.collection.immutable.List.foreach(Lscala/Function1;)V+15
j  scala.collection.generic.TraversableForwarder$class.foreach(Lscala/collection/generic/TraversableForwarder;Lscala/Function1;)V+7
j  scala.App$class.main(Lscala/App;[Ljava/lang/String;)V+21
j  body.Main$.main([Ljava/lang/String;)V+2
j  body.Main.main([Ljava/lang/String;)V+4
v  ~StubRoutines::call_stub

---------------  P R O C E S S  ---------------

Java Threads: ( => current thread )
  0x00007f1ca8a99000 JavaThread "Service Thread" daemon [_thread_blocked, id=9874, stack(0x00007f1c8c135000,0x00007f1c8c236000)]
  0x00007f1ca8a91800 JavaThread "C1 CompilerThread2" daemon [_thread_blocked, id=9873, stack(0x00007f1c8c237000,0x00007f1c8c337000)]
  0x00007f1ca8a90000 JavaThread "C2 CompilerThread1" daemon [_thread_blocked, id=9872, stack(0x00007f1c8c338000,0x00007f1c8c438000)]
  0x00007f1ca8a8d800 JavaThread "C2 CompilerThread0" daemon [_thread_blocked, id=9869, stack(0x00007f1c8f652000,0x00007f1c8f752000)]
  0x00007f1ca8a8c000 JavaThread "Monitor Ctrl-Break" daemon [_thread_in_native, id=9868, stack(0x00007f1c8f752000,0x00007f1c8f853000)]
  0x00007f1ca8187800 JavaThread "Signal Dispatcher" daemon [_thread_blocked, id=9867, stack(0x00007f1c94271000,0x00007f1c94372000)]
  0x00007f1ca8155000 JavaThread "Finalizer" daemon [_thread_blocked, id=9866, stack(0x00007f1c948c6000,0x00007f1c949c7000)]
  0x00007f1ca8150800 JavaThread "Reference Handler" daemon [_thread_blocked, id=9865, stack(0x00007f1c949c7000,0x00007f1c94ac8000)]
=>0x00007f1ca8014000 JavaThread "main" [_thread_in_native, id=9853, stack(0x00007f1caeaa1000,0x00007f1caeba1000)]

Other Threads:
  0x00007f1ca8149000 VMThread [stack: 0x00007f1c94ac9000,0x00007f1c94bc9000] [id=9864]
  0x00007f1ca8a9b000 WatcherThread [stack: 0x00007f1c8c035000,0x00007f1c8c135000] [id=9875]

VM state:not at safepoint (normal execution)

VM Mutex/Monitor currently owned by a thread: None

Heap:
 PSYoungGen      total 74752K, used 23243K [0x000000076d000000, 0x0000000772300000, 0x00000007c0000000)
  eden space 64512K, 36% used [0x000000076d000000,0x000000076e6b2d88,0x0000000770f00000)
  from space 10240K, 0% used [0x0000000771900000,0x0000000771900000,0x0000000772300000)
  to   space 10240K, 0% used [0x0000000770f00000,0x0000000770f00000,0x0000000771900000)
 ParOldGen       total 171008K, used 0K [0x00000006c7000000, 0x00000006d1700000, 0x000000076d000000)
  object space 171008K, 0% used [0x00000006c7000000,0x00000006c7000000,0x00000006d1700000)
 Metaspace       used 5873K, capacity 6776K, committed 7040K, reserved 1056768K
  class space    used 785K, capacity 808K, committed 896K, reserved 1048576K

Card table byte_map: [0x00007f1c975f1000,0x00007f1c97dba000] byte_map_base: 0x00007f1c93fb9000

Marking Bits: (ParMarkBitMap*) 0x00007f1cadd411c0
 Begin Bits: [0x00007f1c78380000, 0x00007f1c7c1c0000)
 End Bits:   [0x00007f1c7c1c0000, 0x00007f1c80000000)

Polling page: 0x00007f1caebc2000

CodeCache: size=245760Kb used=1929Kb max_used=1929Kb free=243830Kb
 bounds [0x00007f1c9817a000, 0x00007f1c983ea000, 0x00007f1ca717a000]
 total_blobs=583 nmethods=307 adapters=191
 compilation: enabled

Compilation events (10 events):
Event: 0,600 Thread 0x00007f1ca8a91800  303       3       sun.net.www.ParseUtil::<init> (5 bytes)
Event: 0,600 Thread 0x00007f1ca8a91800 nmethod 303 0x00007f1c9834c610 code [0x00007f1c9834c780, 0x00007f1c9834c930]
Event: 0,600 Thread 0x00007f1ca8a91800  304       3       sun.net.www.ParseUtil::canonizeString (195 bytes)
Event: 0,601 Thread 0x00007f1ca8a91800 nmethod 304 0x00007f1c98354f50 code [0x00007f1c98355320, 0x00007f1c98357768]
Event: 0,601 Thread 0x00007f1ca8a91800  306       3       java.lang.ClassNotFoundException::<init> (7 bytes)
Event: 0,601 Thread 0x00007f1ca8a91800 nmethod 306 0x00007f1c9834c150 code [0x00007f1c9834c2c0, 0x00007f1c9834c508]
Event: 0,601 Thread 0x00007f1ca8a91800  307       3       java.net.URLClassLoader::defineClass (142 bytes)
Event: 0,602 Thread 0x00007f1ca8a91800 nmethod 307 0x00007f1c98358710 code [0x00007f1c98358a80, 0x00007f1c9835ad58]
Event: 0,658 Thread 0x00007f1ca8a91800  308       3       java.util.HashMap::putVal (300 bytes)
Event: 0,659 Thread 0x00007f1ca8a91800 nmethod 308 0x00007f1c9835bf90 code [0x00007f1c9835c200, 0x00007f1c9835d4b8]

GC Heap History (0 events):
No events

Deoptimization events (1 events):
Event: 0,304 Thread 0x00007f1ca8014000 Uncommon trap: reason=unstable_if action=reinterpret pc=0x00007f1c982efa10 method=sun.misc.URLClassPath$JarLoader.getResource(Ljava/lang/String;Z)Lsun/misc/Resource; @ 4

Classes redefined (0 events):
No events

Internal exceptions (10 events):
Event: 0,021 Thread 0x00007f1ca8014000 Exception <a 'java/lang/NoSuchMethodError': Method sun.misc.Unsafe.prefetchRead(Ljava/lang/Object;J)V name or signature does not match> (0x000000076d007f98) thrown at [/build/openjdk-8-8iINie/openjdk-8-8u181-b13/src/hotspot/src/share/vm/prims/jni.cpp, lin
Event: 0,065 Thread 0x00007f1ca8014000 Exception <a 'java/util/zip/ZipException'> (0x000000076d0f7570) thrown at [/build/openjdk-8-8iINie/openjdk-8-8u181-b13/src/hotspot/src/share/vm/prims/jni.cpp, line 709]
Event: 0,065 Thread 0x00007f1ca8014000 Exception <a 'java/security/PrivilegedActionException'> (0x000000076d0f7ca8) thrown at [/build/openjdk-8-8iINie/openjdk-8-8u181-b13/src/hotspot/src/share/vm/prims/jvm.cpp, line 1435]
Event: 0,065 Thread 0x00007f1ca8014000 Exception <a 'java/security/PrivilegedActionException'> (0x000000076d0f7eb8) thrown at [/build/openjdk-8-8iINie/openjdk-8-8u181-b13/src/hotspot/src/share/vm/prims/jvm.cpp, line 1435]
Event: 0,304 Thread 0x00007f1ca8014000 Exception <a 'java/security/PrivilegedActionException'> (0x000000076dd20f40) thrown at [/build/openjdk-8-8iINie/openjdk-8-8u181-b13/src/hotspot/src/share/vm/prims/jvm.cpp, line 1435]
Event: 0,304 Thread 0x00007f1ca8014000 Exception <a 'java/security/PrivilegedActionException'> (0x000000076dd21150) thrown at [/build/openjdk-8-8iINie/openjdk-8-8u181-b13/src/hotspot/src/share/vm/prims/jvm.cpp, line 1435]
Event: 0,305 Thread 0x00007f1ca8014000 Exception <a 'java/security/PrivilegedActionException'> (0x000000076dd233c0) thrown at [/build/openjdk-8-8iINie/openjdk-8-8u181-b13/src/hotspot/src/share/vm/prims/jvm.cpp, line 1435]
Event: 0,305 Thread 0x00007f1ca8014000 Exception <a 'java/security/PrivilegedActionException'> (0x000000076dd235d0) thrown at [/build/openjdk-8-8iINie/openjdk-8-8u181-b13/src/hotspot/src/share/vm/prims/jvm.cpp, line 1435]
Event: 0,305 Thread 0x00007f1ca8014000 Exception <a 'java/security/PrivilegedActionException'> (0x000000076dd24290) thrown at [/build/openjdk-8-8iINie/openjdk-8-8u181-b13/src/hotspot/src/share/vm/prims/jvm.cpp, line 1435]
Event: 0,305 Thread 0x00007f1ca8014000 Exception <a 'java/security/PrivilegedActionException'> (0x000000076dd244a0) thrown at [/build/openjdk-8-8iINie/openjdk-8-8u181-b13/src/hotspot/src/share/vm/prims/jvm.cpp, line 1435]

Events (10 events):
Event: 0,600 loading class scala/collection/immutable/Range
Event: 0,600 loading class scala/collection/immutable/Range done
Event: 0,601 loading class model/FeynmanMachine$$anonfun$1
Event: 0,601 loading class model/FeynmanMachine$$anonfun$1 done
Event: 0,601 loading class com/ogmacorp/ogmaneo/SparseFeaturesType
Event: 0,601 loading class com/ogmacorp/ogmaneo/SparseFeaturesType done
Event: 0,658 loading class com/ogmacorp/ogmaneo/Hierarchy
Event: 0,658 loading class com/ogmacorp/ogmaneo/Hierarchy done
Event: 0,658 loading class com/ogmacorp/ogmaneo/ComputeSystem
Event: 0,658 loading class com/ogmacorp/ogmaneo/ComputeSystem done


Dynamic libraries:
200000000-200200000 rw-s 00000000 00:06 485                              /dev/nvidiactl
200200000-200400000 ---p 00000000 00:00 0 
200400000-200404000 rw-s 00000000 00:06 485                              /dev/nvidiactl
200404000-200600000 ---p 00000000 00:00 0 
200600000-200a00000 rw-s 00000000 00:06 485                              /dev/nvidiactl
200a00000-200e00000 ---p 00000000 00:00 0 
200e00000-200e04000 rw-s 00000000 00:06 485                              /dev/nvidiactl
200e04000-201000000 ---p 00000000 00:00 0 
201000000-201400000 rw-s 00000000 00:06 485                              /dev/nvidiactl
201400000-201800000 ---p 00000000 00:00 0 
201800000-201804000 rw-s 00000000 00:06 485                              /dev/nvidiactl
201804000-201a00000 ---p 00000000 00:00 0 
201a00000-201e00000 rw-s 00000000 00:06 485                              /dev/nvidiactl
201e00000-202200000 ---p 00000000 00:00 0 
202200000-202204000 rw-s 00000000 00:06 485                              /dev/nvidiactl
202204000-202400000 ---p 00000000 00:00 0 
202400000-202800000 rw-s 00000000 00:06 485                              /dev/nvidiactl
202800000-202c00000 ---p 00000000 00:00 0 
202c00000-202c04000 rw-s 00000000 00:06 485                              /dev/nvidiactl
202c04000-202e00000 ---p 00000000 00:00 0 
202e00000-203200000 rw-s 00000000 00:06 485                              /dev/nvidiactl
203200000-203600000 ---p 00000000 00:00 0 
203600000-203604000 rw-s 00000000 00:06 485                              /dev/nvidiactl
203604000-203800000 ---p 00000000 00:00 0 
203800000-203c00000 rw-s 00000000 00:06 485                              /dev/nvidiactl
203c00000-204000000 ---p 00000000 00:00 0 
204000000-204004000 rw-s 00000000 00:06 485                              /dev/nvidiactl
204004000-204200000 ---p 00000000 00:00 0 
204200000-204600000 rw-s 00000000 00:06 485                              /dev/nvidiactl
204600000-204a00000 ---p 00000000 00:00 0 
204a00000-204a04000 rw-s 00000000 00:06 485                              /dev/nvidiactl
204a04000-204c00000 ---p 00000000 00:00 0 
204c00000-205000000 rw-s 00000000 00:06 485                              /dev/nvidiactl
205000000-205400000 ---p 00000000 00:00 0 
205400000-205404000 rw-s 00000000 00:06 485                              /dev/nvidiactl
205404000-205600000 ---p 00000000 00:00 0 
205600000-205a00000 rw-s 00000000 00:06 485                              /dev/nvidiactl
205a00000-205a04000 rw-s 00000000 00:06 485                              /dev/nvidiactl
205a04000-205c00000 ---p 00000000 00:00 0 
205c00000-206000000 rw-s 00000000 00:06 485                              /dev/nvidiactl
206000000-206004000 rw-s 00000000 00:06 485                              /dev/nvidiactl
206004000-206200000 ---p 00000000 00:00 0 
206200000-206600000 rw-s 00000000 00:06 485                              /dev/nvidiactl
206600000-206604000 rw-s 00000000 00:06 485                              /dev/nvidiactl
206604000-206800000 ---p 00000000 00:00 0 
206800000-206c00000 rw-s 00000000 00:06 485                              /dev/nvidiactl
206c00000-206c04000 rw-s 00000000 00:06 485                              /dev/nvidiactl
206c04000-206e00000 ---p 00000000 00:00 0 
206e00000-207200000 rw-s 00000000 00:06 485                              /dev/nvidiactl
207200000-207204000 rw-s 00000000 00:06 485                              /dev/nvidiactl
207204000-207400000 ---p 00000000 00:00 0 
207400000-207800000 rw-s 00000000 00:06 485                              /dev/nvidiactl
207800000-207804000 rw-s 00000000 00:06 485                              /dev/nvidiactl
207804000-207a00000 ---p 00000000 00:00 0 
207a00000-207e00000 rw-s 00000000 00:06 485                              /dev/nvidiactl
207e00000-207e04000 rw-s 00000000 00:06 485                              /dev/nvidiactl
207e04000-208000000 ---p 00000000 00:00 0 
208000000-208400000 rw-s 00000000 00:06 485                              /dev/nvidiactl
208400000-208600000 ---p 00000000 00:00 0 
208600000-208800000 rw-s 00000000 00:06 485                              /dev/nvidiactl
208800000-300200000 ---p 00000000 00:00 0 
6c7000000-6d1700000 rw-p 00000000 00:00 0 
6d1700000-76d000000 ---p 00000000 00:00 0 
76d000000-772300000 rw-p 00000000 00:00 0 
772300000-7c0000000 ---p 00000000 00:00 0 
7c0000000-7c00e0000 rw-p 00000000 00:00 0 
7c00e0000-800000000 ---p 00000000 00:00 0 
10000000000-10200200000 ---p 00000000 00:00 0 
56536618f000-565366190000 r-xp 00000000 fd:01 655592                     /usr/lib/jvm/java-8-openjdk-amd64/jre/bin/java
56536638f000-565366390000 r--p 00000000 fd:01 655592                     /usr/lib/jvm/java-8-openjdk-amd64/jre/bin/java
565366390000-565366391000 rw-p 00001000 fd:01 655592                     /usr/lib/jvm/java-8-openjdk-amd64/jre/bin/java
565367480000-5653674a1000 rw-p 00000000 00:00 0                          [heap]
7f1c2de00000-7f1c2fc00000 ---p 00000000 00:00 0 
7f1c2fcdd000-7f1c32600000 rw-p 00000000 00:00 0 
7f1c32600000-7f1c35000000 ---p 00000000 00:00 0 
7f1c3504c000-7f1c366fb000 r-xp 00000000 fd:01 5787662                    /usr/lib/x86_64-linux-gnu/libnvidia-compiler.so.390.48
7f1c366fb000-7f1c368fa000 ---p 016af000 fd:01 5787662                    /usr/lib/x86_64-linux-gnu/libnvidia-compiler.so.390.48
7f1c368fa000-7f1c37fd0000 rw-p 016ae000 fd:01 5787662                    /usr/lib/x86_64-linux-gnu/libnvidia-compiler.so.390.48
7f1c37fd0000-7f1c38000000 rw-p 00000000 00:00 0 
7f1c38000000-7f1c38021000 rw-p 00000000 00:00 0 
7f1c38021000-7f1c3c000000 ---p 00000000 00:00 0 
7f1c3c200000-7f1c3ca00000 ---p 00000000 00:00 0 
7f1c3cbfc000-7f1c3cbfd000 ---p 00000000 00:00 0 
7f1c3cbfd000-7f1c3d3fd000 rw-p 00000000 00:00 0 
7f1c3d3fd000-7f1c3d3fe000 ---p 00000000 00:00 0 
7f1c3d3fe000-7f1c3dbfe000 rw-p 00000000 00:00 0 
7f1c3dbfe000-7f1c3dbff000 ---p 00000000 00:00 0 
7f1c3dbff000-7f1c3e3ff000 rw-p 00000000 00:00 0 
7f1c3e3ff000-7f1c3e400000 ---p 00000000 00:00 0 
7f1c3e400000-7f1c3ec00000 rw-p 00000000 00:00 0 
7f1c3ec00000-7f1c40000000 ---p 00000000 00:00 0 
7f1c40000000-7f1c40021000 rw-p 00000000 00:00 0 
7f1c40021000-7f1c44000000 ---p 00000000 00:00 0 
7f1c44200000-7f1c44400000 ---p 00000000 00:00 0 
7f1c445ff000-7f1c44600000 ---p 00000000 00:00 0 
7f1c44600000-7f1c44e00000 rw-p 00000000 00:00 0 
7f1c44e00000-7f1c45200000 ---p 00000000 00:00 0 
7f1c45200000-7f1c454d6000 rw-s 00000000 00:06 485                        /dev/nvidiactl
7f1c454d6000-7f1c45600000 ---p 00000000 00:00 0 
7f1c457cd000-7f1c45a00000 rw-p 00000000 00:00 0 
7f1c45a00000-7f1c45c00000 rw-s 00000000 00:06 485                        /dev/nvidiactl
7f1c45c00000-7f1c45e00000 rw-s 00000000 00:05 195375                     /dev/zero (deleted)
7f1c45e00000-7f1c46000000 rw-s 00000000 00:06 485                        /dev/nvidiactl
7f1c46000000-7f1c4c000000 ---p 00000000 00:00 0 
7f1c4c000000-7f1c4c021000 rw-p 00000000 00:00 0 
7f1c4c021000-7f1c50000000 ---p 00000000 00:00 0 
7f1c5010f000-7f1c50200000 rw-p 00000000 00:00 0 
7f1c50200000-7f1c50400000 rw-s 00000000 00:05 195374                     /dev/zero (deleted)
7f1c50400000-7f1c50600000 ---p 00000000 00:00 0 
7f1c5061d000-7f1c507ff000 rw-p 00000000 00:00 0 
7f1c507ff000-7f1c50800000 ---p 00000000 00:00 0 
7f1c50800000-7f1c51000000 rw-p 00000000 00:00 0 
7f1c51000000-7f1c51400000 ---p 00000000 00:00 0 
7f1c51448000-7f1c51449000 ---p 00000000 00:00 0 
7f1c51449000-7f1c51c49000 rw-p 00000000 00:00 0 
7f1c51c49000-7f1c5248b000 r-xp 00000000 fd:01 5787661                    /usr/lib/x86_64-linux-gnu/libcuda.so.390.48
7f1c5248b000-7f1c5268a000 ---p 00842000 fd:01 5787661                    /usr/lib/x86_64-linux-gnu/libcuda.so.390.48
7f1c5268a000-7f1c527db000 rw-p 00841000 fd:01 5787661                    /usr/lib/x86_64-linux-gnu/libcuda.so.390.48
7f1c527db000-7f1c527e9000 rw-p 00000000 00:00 0 
7f1c527e9000-7f1c52826000 r-xp 00000000 fd:01 5787663                    /usr/lib/x86_64-linux-gnu/libnvidia-fatbinaryloader.so.390.48
7f1c52826000-7f1c52a25000 ---p 0003d000 fd:01 5787663                    /usr/lib/x86_64-linux-gnu/libnvidia-fatbinaryloader.so.390.48
7f1c52a25000-7f1c52a30000 rw-p 0003c000 fd:01 5787663                    /usr/lib/x86_64-linux-gnu/libnvidia-fatbinaryloader.so.390.48
7f1c52a30000-7f1c52a35000 rw-p 00000000 00:00 0 
7f1c52a35000-7f1c53802000 r-xp 00000000 fd:01 5787665                    /usr/lib/x86_64-linux-gnu/libnvidia-opencl.so.390.48
7f1c53802000-7f1c53a02000 ---p 00dcd000 fd:01 5787665                    /usr/lib/x86_64-linux-gnu/libnvidia-opencl.so.390.48
7f1c53a02000-7f1c53b58000 rw-p 00dcd000 fd:01 5787665                    /usr/lib/x86_64-linux-gnu/libnvidia-opencl.so.390.48
7f1c53b58000-7f1c53b66000 rw-p 00000000 00:00 0 
7f1c53b66000-7f1c53beb000 r-xp 00000000 fd:01 5266102                    /home/mgonzalo/Escritorio/research/OgmaNeo/install/lib/libOgmaNeo.so
7f1c53beb000-7f1c53dea000 ---p 00085000 fd:01 5266102                    /home/mgonzalo/Escritorio/research/OgmaNeo/install/lib/libOgmaNeo.so
7f1c53dea000-7f1c53deb000 r--p 00084000 fd:01 5266102                    /home/mgonzalo/Escritorio/research/OgmaNeo/install/lib/libOgmaNeo.so
7f1c53deb000-7f1c53dec000 rw-p 00085000 fd:01 5266102                    /home/mgonzalo/Escritorio/research/OgmaNeo/install/lib/libOgmaNeo.so
7f1c53dec000-7f1c53df5000 rw-p 00000000 00:00 0 
7f1c53df5000-7f1c53dfe000 r-xp 00000000 fd:01 5815082                    /usr/lib/x86_64-linux-gnu/libOpenCL.so.1.0.0
7f1c53dfe000-7f1c53ffe000 ---p 00009000 fd:01 5815082                    /usr/lib/x86_64-linux-gnu/libOpenCL.so.1.0.0
7f1c53ffe000-7f1c53fff000 r--p 00009000 fd:01 5815082                    /usr/lib/x86_64-linux-gnu/libOpenCL.so.1.0.0
7f1c53fff000-7f1c54000000 rw-p 0000a000 fd:01 5815082                    /usr/lib/x86_64-linux-gnu/libOpenCL.so.1.0.0
7f1c54000000-7f1c54105000 rw-p 00000000 00:00 0 
7f1c54105000-7f1c58000000 ---p 00000000 00:00 0 
7f1c58000000-7f1c58021000 rw-p 00000000 00:00 0 
7f1c58021000-7f1c5c000000 ---p 00000000 00:00 0 
7f1c5c000000-7f1c5c1b8000 rw-p 00000000 00:00 0 
7f1c5c1b8000-7f1c60000000 ---p 00000000 00:00 0 
7f1c60000000-7f1c601e0000 rw-p 00000000 00:00 0 
7f1c601e0000-7f1c64000000 ---p 00000000 00:00 0 
7f1c64000000-7f1c64021000 rw-p 00000000 00:00 0 
7f1c64021000-7f1c68000000 ---p 00000000 00:00 0 
7f1c68000000-7f1c68021000 rw-p 00000000 00:00 0 
7f1c68021000-7f1c6c000000 ---p 00000000 00:00 0 
7f1c6c000000-7f1c6c021000 rw-p 00000000 00:00 0 
7f1c6c021000-7f1c70000000 ---p 00000000 00:00 0 
7f1c70000000-7f1c70021000 rw-p 00000000 00:00 0 
7f1c70021000-7f1c74000000 ---p 00000000 00:00 0 
7f1c74000000-7f1c74021000 rw-p 00000000 00:00 0 
7f1c74021000-7f1c78000000 ---p 00000000 00:00 0 
7f1c7801b000-7f1c7803f000 r--p 00000000 fd:01 7210857                    /usr/share/locale-langpack/es/LC_MESSAGES/libc.mo
7f1c7803f000-7f1c78130000 rw-p 00000000 00:00 0 
7f1c78130000-7f1c7817e000 r-xp 00000000 fd:01 5267078                    /home/mgonzalo/Escritorio/research/OgmaNeo/Java/build/libJOgmaNeo.so
7f1c7817e000-7f1c7837d000 ---p 0004e000 fd:01 5267078                    /home/mgonzalo/Escritorio/research/OgmaNeo/Java/build/libJOgmaNeo.so
7f1c7837d000-7f1c7837e000 r--p 0004d000 fd:01 5267078                    /home/mgonzalo/Escritorio/research/OgmaNeo/Java/build/libJOgmaNeo.so
7f1c7837e000-7f1c78380000 rw-p 0004e000 fd:01 5267078                    /home/mgonzalo/Escritorio/research/OgmaNeo/Java/build/libJOgmaNeo.so
7f1c78380000-7f1c80000000 rw-p 00000000 00:00 0 
7f1c80000000-7f1c80021000 rw-p 00000000 00:00 0 
7f1c80021000-7f1c84000000 ---p 00000000 00:00 0 
7f1c84000000-7f1c84021000 rw-p 00000000 00:00 0 
7f1c84021000-7f1c88000000 ---p 00000000 00:00 0 
7f1c88000000-7f1c88021000 rw-p 00000000 00:00 0 
7f1c88021000-7f1c8c000000 ---p 00000000 00:00 0 
7f1c8c00d000-7f1c8c014000 r--s 00000000 fd:01 5769690                    /usr/lib/x86_64-linux-gnu/gconv/gconv-modules.cache
7f1c8c014000-7f1c8c015000 rw-s 00000000 00:06 486                        /dev/nvidia0
7f1c8c015000-7f1c8c016000 rw-s 00000000 00:06 485                        /dev/nvidiactl
7f1c8c016000-7f1c8c017000 rw-s 00000000 00:06 486                        /dev/nvidia0
7f1c8c017000-7f1c8c018000 rw-s 00000000 00:06 485                        /dev/nvidiactl
7f1c8c018000-7f1c8c019000 rw-s 00000000 00:06 486                        /dev/nvidia0
7f1c8c019000-7f1c8c01a000 rw-s 00000000 00:06 485                        /dev/nvidiactl
7f1c8c01a000-7f1c8c01b000 rw-s 00000000 00:06 486                        /dev/nvidia0
7f1c8c01b000-7f1c8c01c000 rw-s 00000000 00:06 485                        /dev/nvidiactl
7f1c8c01c000-7f1c8c01d000 rw-s 00000000 00:06 486                        /dev/nvidia0
7f1c8c01d000-7f1c8c01e000 rw-s 00000000 00:06 485                        /dev/nvidiactl
7f1c8c01e000-7f1c8c01f000 rw-s 00000000 00:06 486                        /dev/nvidia0
7f1c8c01f000-7f1c8c020000 rw-s 00000000 00:06 485                        /dev/nvidiactl
7f1c8c020000-7f1c8c021000 rw-s 00000000 00:06 486                        /dev/nvidia0
7f1c8c021000-7f1c8c022000 rw-s 00000000 00:06 485                        /dev/nvidiactl
7f1c8c022000-7f1c8c023000 rw-s 00000000 00:06 486                        /dev/nvidia0
7f1c8c023000-7f1c8c024000 rw-s 00000000 00:06 485                        /dev/nvidiactl
7f1c8c024000-7f1c8c025000 rw-s 00000000 00:06 486                        /dev/nvidia0
7f1c8c025000-7f1c8c026000 rw-s 00000000 00:06 485                        /dev/nvidiactl
7f1c8c026000-7f1c8c027000 rw-s 00000000 00:06 486                        /dev/nvidia0
7f1c8c027000-7f1c8c028000 rw-s 00000000 00:06 485                        /dev/nvidiactl
7f1c8c028000-7f1c8c029000 rw-s 00000000 00:06 486                        /dev/nvidia0
7f1c8c029000-7f1c8c02a000 rw-s 00000000 00:06 485                        /dev/nvidiactl
7f1c8c02a000-7f1c8c02b000 rw-s 00000000 00:06 486                        /dev/nvidia0
7f1c8c02b000-7f1c8c02c000 rw-s 00000000 00:06 485                        /dev/nvidiactl
7f1c8c02c000-7f1c8c02d000 rw-s 00000000 00:06 486                        /dev/nvidia0
7f1c8c02d000-7f1c8c02e000 rw-s 00000000 00:06 485                        /dev/nvidiactl
7f1c8c02e000-7f1c8c02f000 rw-s 00000000 00:06 486                        /dev/nvidia0
7f1c8c02f000-7f1c8c030000 rw-s 00000000 00:06 485                        /dev/nvidiactl
7f1c8c030000-7f1c8c031000 rw-s 00000000 00:06 486                        /dev/nvidia0
7f1c8c031000-7f1c8c032000 rw-s 00000000 00:06 485                        /dev/nvidiactl
7f1c8c032000-7f1c8c033000 rw-s 00000000 00:06 486                        /dev/nvidia0
7f1c8c033000-7f1c8c034000 rw-s 00000000 00:06 485                        /dev/nvidiactl
7f1c8c034000-7f1c8c035000 ---p 00000000 00:00 0 
7f1c8c035000-7f1c8c135000 rw-p 00000000 00:00 0 
7f1c8c135000-7f1c8c138000 ---p 00000000 00:00 0 
7f1c8c138000-7f1c8c236000 rw-p 00000000 00:00 0 
7f1c8c236000-7f1c8c237000 ---p 00000000 00:00 0 
7f1c8c237000-7f1c8c23a000 ---p 00000000 00:00 0 
7f1c8c23a000-7f1c8c337000 rw-p 00000000 00:00 0 
7f1c8c337000-7f1c8c338000 ---p 00000000 00:00 0 
7f1c8c338000-7f1c8c33b000 ---p 00000000 00:00 0 
7f1c8c33b000-7f1c8f439000 rw-p 00000000 00:00 0 
7f1c8f439000-7f1c8f450000 r-xp 00000000 fd:01 655630                     /usr/lib/jvm/java-8-openjdk-amd64/jre/lib/amd64/libnet.so
7f1c8f450000-7f1c8f64f000 ---p 00017000 fd:01 655630                     /usr/lib/jvm/java-8-openjdk-amd64/jre/lib/amd64/libnet.so
7f1c8f64f000-7f1c8f650000 r--p 00016000 fd:01 655630                     /usr/lib/jvm/java-8-openjdk-amd64/jre/lib/amd64/libnet.so
7f1c8f650000-7f1c8f651000 rw-p 00017000 fd:01 655630                     /usr/lib/jvm/java-8-openjdk-amd64/jre/lib/amd64/libnet.so
7f1c8f651000-7f1c8f652000 ---p 00000000 00:00 0 
7f1c8f652000-7f1c8f655000 ---p 00000000 00:00 0 
7f1c8f655000-7f1c8f752000 rw-p 00000000 00:00 0 
7f1c8f752000-7f1c8f755000 ---p 00000000 00:00 0 
7f1c8f755000-7f1c8f853000 rw-p 00000000 00:00 0 
7f1c8f853000-7f1c8f855000 r--s 0001a000 fd:01 4876683                    /home/mgonzalo/idea-IC-183.4284.148/lib/idea_rt.jar
7f1c8f855000-7f1c8f85d000 r--s 00028000 fd:01 3835711                    /home/mgonzalo/.ivy2/cache/xml-apis/xml-apis/jars/xml-apis-1.3.04.jar
7f1c8f85d000-7f1c8f875000 r--s 00115000 fd:01 3835649                    /home/mgonzalo/.ivy2/cache/xerces/xercesImpl/jars/xercesImpl-2.9.1.jar
7f1c8f875000-7f1c8f877000 r--s 001eb000 fd:01 3837477                    /home/mgonzalo/.ivy2/cache/org.xerial.snappy/snappy-java/jars/snappy-java-1.1.7.1.jar
7f1c8f877000-7f1c8f87b000 r--s 00015000 fd:01 3837481                    /home/mgonzalo/.ivy2/cache/org.tukaani/xz/jars/xz-1.5.jar
7f1c8f87b000-7f1c8f87c000 r--s 00002000 fd:01 3835684                    /home/mgonzalo/.ivy2/cache/org.slf4j/slf4j-log4j12/jars/slf4j-log4j12-1.7.16.jar
7f1c8f87c000-7f1c8f87e000 r--s 00009000 fd:01 3867403                    /home/mgonzalo/.ivy2/cache/org.slf4j/slf4j-api/jars/slf4j-api-1.7.25.jar
7f1c8f87e000-7f1c8f880000 r--s 00000000 fd:01 3835638                    /home/mgonzalo/.ivy2/cache/org.slf4j/jul-to-slf4j/jars/jul-to-slf4j-1.7.16.jar
7f1c8f880000-7f1c8f882000 r--s 00003000 fd:01 3835641                    /home/mgonzalo/.ivy2/cache/org.slf4j/jcl-over-slf4j/jars/jcl-over-slf4j-1.7.16.jar
7f1c8f882000-7f1c8f88c000 r--s 0009a000 fd:01 3835800                    /home/mgonzalo/.ivy2/cache/org.scala-lang.modules/scala-xml_2.11/bundles/scala-xml_2.11-1.0.6.jar
7f1c8f88c000-7f1c8f898000 r--s 00068000 fd:01 3837664                    /home/mgonzalo/.ivy2/cache/org.scala-lang.modules/scala-parser-combinators_2.11/bundles/scala-parser-combinators_2.11-1.1.0.jar
7f1c8f898000-7f1c8f89b000 r--s 0000b000 fd:01 3837485                    /home/mgonzalo/.ivy2/cache/org.objenesis/objenesis/jars/objenesis-2.5.1.jar
7f1c8f89b000-7f1c8f89e000 r--s 00058000 fd:01 3835726                    /home/mgonzalo/.ivy2/cache/org.lz4/lz4-java/jars/lz4-java-1.4.0.jar
7f1c8f89e000-7f1c8f8ac000 r--s 00089000 fd:01 3837492                    /home/mgonzalo/.ivy2/cache/org.json4s/json4s-scalap_2.11/jars/json4s-scalap_2.11-3.5.3.jar
7f1c8f8ac000-7f1c8f8ae000 r--s 0000a000 fd:01 3837478                    /home/mgonzalo/.ivy2/cache/org.json4s/json4s-jackson_2.11/jars/json4s-jackson_2.11-3.5.3.jar
7f1c8f8ae000-7f1c8f8bb000 r--s 0009c000 fd:01 3837490                    /home/mgonzalo/.ivy2/cache/org.json4s/json4s-core_2.11/jars/json4s-core_2.11-3.5.3.jar
7f1c8f8bb000-7f1c8f8be000 r--s 00014000 fd:01 3837491                    /home/mgonzalo/.ivy2/cache/org.json4s/json4s-ast_2.11/jars/json4s-ast_2.11-3.5.3.jar
7f1c8f8be000-7f1c8f8c8000 r--s 000a5000 fd:01 3835645                    /home/mgonzalo/.ivy2/cache/org.javassist/javassist/bundles/javassist-3.18.1-GA.jar
7f1c8f8c8000-7f1c8f8ca000 r--s 00006000 fd:01 3835655                    /home/mgonzalo/.ivy2/cache/org.htrace/htrace-core/jars/htrace-core-3.0.4.jar
7f1c8f8ca000-7f1c8f8cc000 r--s 00010000 fd:01 3835701                    /home/mgonzalo/.ivy2/cache/org.glassfish.jersey.media/jersey-media-jaxb/jars/jersey-media-jaxb-2.22.2.jar
7f1c8f8cc000-7f1c8f8e2000 r--s 000d3000 fd:01 3835721                    /home/mgonzalo/.ivy2/cache/org.glassfish.jersey.core/jersey-server/jars/jersey-server-2.22.2.jar
7f1c8f8e2000-7f1c8f8f0000 r--s 0009d000 fd:01 3835681                    /home/mgonzalo/.ivy2/cache/org.glassfish.jersey.core/jersey-common/jars/jersey-common-2.22.2.jar
7f1c8f8f0000-7f1c8f8f4000 r--s 00025000 fd:01 3835667                    /home/mgonzalo/.ivy2/cache/org.glassfish.jersey.core/jersey-client/jars/jersey-client-2.22.2.jar
7f1c8f8f4000-7f1c8f8f7000 r--s 0000e000 fd:01 3835753                    /home/mgonzalo/.ivy2/cache/org.glassfish.jersey.containers/jersey-container-servlet-core/jars/jersey-container-servlet-core-2.22.2.jar
7f1c8f8f7000-7f1c8f8f9000 r--s 00003000 fd:01 3835752                    /home/mgonzalo/.ivy2/cache/org.glassfish.jersey.containers/jersey-container-servlet/jars/jersey-container-servlet-2.22.2.jar
7f1c8f8f9000-7f1c8f911000 r--s 000d6000 fd:01 3835706                    /home/mgonzalo/.ivy2/cache/org.glassfish.jersey.bundles.repackaged/jersey-guava/bundles/jersey-guava-2.22.2.jar
7f1c8f911000-7f1c8f912000 r--s 00001000 fd:01 3835694                    /home/mgonzalo/.ivy2/cache/org.glassfish.hk2.external/javax.inject/jars/javax.inject-2.4.0-b34.jar
7f1c8f912000-7f1c8f914000 r--s 00002000 fd:01 3835643                    /home/mgonzalo/.ivy2/cache/org.glassfish.hk2.external/aopalliance-repackaged/jars/aopalliance-repackaged-2.4.0-b34.jar
7f1c8f914000-7f1c8f915000 r--s 00004000 fd:01 3835735                    /home/mgonzalo/.ivy2/cache/org.glassfish.hk2/osgi-resource-locator/jars/osgi-resource-locator-1.0.1.jar
7f1c8f915000-7f1c8f919000 r--s 0001a000 fd:01 3835608                    /home/mgonzalo/.ivy2/cache/org.glassfish.hk2/hk2-utils/jars/hk2-utils-2.4.0-b34.jar
7f1c8f919000-7f1c8f91d000 r--s 00029000 fd:01 3835696                    /home/mgonzalo/.ivy2/cache/org.glassfish.hk2/hk2-locator/jars/hk2-locator-2.4.0-b34.jar
7f1c8f91d000-7f1c8f922000 r--s 00027000 fd:01 3835686                    /home/mgonzalo/.ivy2/cache/org.glassfish.hk2/hk2-api/jars/hk2-api-2.4.0-b34.jar
7f1c8f922000-7f1c8f92d000 r--s 000b9000 fd:01 3837665                    /home/mgonzalo/.ivy2/cache/org.codehaus.janino/janino/jars/janino-3.0.9.jar
7f1c8f92d000-7f1c8f92f000 r--s 00008000 fd:01 3837666                    /home/mgonzalo/.ivy2/cache/org.codehaus.janino/commons-compiler/jars/commons-compiler-3.0.9.jar
7f1c8f92f000-7f1c8f930000 r--s 00006000 fd:01 3835688                    /home/mgonzalo/.ivy2/cache/org.codehaus.jackson/jackson-xc/jars/jackson-xc-1.9.13.jar
7f1c8f930000-7f1c8f931000 r--s 00004000 fd:01 3835679                    /home/mgonzalo/.ivy2/cache/org.codehaus.jackson/jackson-jaxrs/jars/jackson-jaxrs-1.9.13.jar
7f1c8f931000-7f1c8f93d000 r--s 000b6000 fd:01 3835622                    /home/mgonzalo/.ivy2/cache/org.apache.zookeeper/zookeeper/jars/zookeeper-3.4.6.jar
7f1c8f93d000-7f1c8f942000 r--s 00041000 fd:01 3837471                    /home/mgonzalo/.ivy2/cache/org.apache.xbean/xbean-asm6-shaded/bundles/xbean-asm6-shaded-4.8.jar
7f1c8f942000-7f1c8f944000 r--s 0000b000 fd:01 3837476                    /home/mgonzalo/.ivy2/cache/org.apache.spark/spark-unsafe_2.11/jars/spark-unsafe_2.11-2.4.0.jar
7f1c8f944000-7f1c8fa0b000 r--s 008a5000 fd:01 3837652                    /home/mgonzalo/.ivy2/cache/org.apache.spark/spark-sql_2.11/jars/spark-sql_2.11-2.4.0.jar
7f1c8fa0b000-7f1c8fa0d000 r--s 00006000 fd:01 3837656                    /home/mgonzalo/.ivy2/cache/org.apache.spark/spark-sketch_2.11/jars/spark-sketch_2.11-2.4.0.jar
7f1c8fa0d000-7f1c8fa10000 r--s 0000f000 fd:01 3837475                    /home/mgonzalo/.ivy2/cache/org.apache.spark/spark-network-shuffle_2.11/jars/spark-network-shuffle_2.11-2.4.0.jar
7f1c8fa10000-7f1c8fa3e000 r--s 0021a000 fd:01 3837474                    /home/mgonzalo/.ivy2/cache/org.apache.spark/spark-network-common_2.11/jars/spark-network-common_2.11-2.4.0.jar
7f1c8fa3e000-7f1c8fa40000 r--s 00011000 fd:01 3837472                    /home/mgonzalo/.ivy2/cache/org.apache.spark/spark-launcher_2.11/jars/spark-launcher_2.11-2.4.0.jar
7f1c8fa40000-7f1c8fa42000 r--s 0000b000 fd:01 3837473                    /home/mgonzalo/.ivy2/cache/org.apache.spark/spark-kvstore_2.11/jars/spark-kvstore_2.11-2.4.0.jar
7f1c8fa42000-7f1c8fb36000 r--s 00be3000 fd:01 3837465                    /home/mgonzalo/.ivy2/cache/org.apache.spark/spark-core_2.11/jars/spark-core_2.11-2.4.0.jar
7f1c8fb36000-7f1c8fbf2000 r--s 008fb000 fd:01 3837651                    /home/mgonzalo/.ivy2/cache/org.apache.spark/spark-catalyst_2.11/jars/spark-catalyst_2.11-2.4.0.jar
7f1c8fbf2000-7f1c8fc06000 r--s 000ec000 fd:01 3837673                    /home/mgonzalo/.ivy2/cache/org.apache.parquet/parquet-jackson/jars/parquet-jackson-1.10.0.jar
7f1c8fc06000-7f1c8fc0c000 r--s 00040000 fd:01 3837658                    /home/mgonzalo/.ivy2/cache/org.apache.parquet/parquet-hadoop/jars/parquet-hadoop-1.10.0.jar
7f1c8fc0c000-7f1c8fc1a000 r--s 000a3000 fd:01 3837672                    /home/mgonzalo/.ivy2/cache/org.apache.parquet/parquet-format/jars/parquet-format-2.4.0.jar
7f1c8fc1a000-7f1c8fc25000 r--s 000c5000 fd:01 3837671                    /home/mgonzalo/.ivy2/cache/org.apache.parquet/parquet-encoding/jars/parquet-encoding-1.10.0.jar
7f1c8fc25000-7f1c8fc29000 r--s 00014000 fd:01 3837670                    /home/mgonzalo/.ivy2/cache/org.apache.parquet/parquet-common/jars/parquet-common-1.10.0.jar
7f1c8fc29000-7f1c8fc42000 r--s 000f4000 fd:01 3837657                    /home/mgonzalo/.ivy2/cache/org.apache.parquet/parquet-column/jars/parquet-column-1.10.0.jar
7f1c8fc42000-7f1c8fc43000 r--s 00006000 fd:01 3837668                    /home/mgonzalo/.ivy2/cache/org.apache.orc/orc-shims/jars/orc-shims-1.5.2.jar
7f1c8fc43000-7f1c8fc4e000 r--s 000bc000 fd:01 3837653                    /home/mgonzalo/.ivy2/cache/org.apache.orc/orc-mapreduce/jars/orc-mapreduce-1.5.2-nohive.jar
7f1c8fc4e000-7f1c8fc62000 r--s 0016d000 fd:01 3837655                    /home/mgonzalo/.ivy2/cache/org.apache.orc/orc-core/jars/orc-core-1.5.2-nohive.jar
7f1c8fc62000-7f1c8fc68000 r--s 00032000 fd:01 3837487                    /home/mgonzalo/.ivy2/cache/org.apache.httpcomponents/httpcore/jars/httpcore-4.2.4.jar
7f1c8fc68000-7f1c8fc71000 r--s 00061000 fd:01 3837486                    /home/mgonzalo/.ivy2/cache/org.apache.httpcomponents/httpclient/jars/httpclient-4.2.5.jar
7f1c8fc71000-7f1c8fc77000 r--s 00049000 fd:01 3835636                    /home/mgonzalo/.ivy2/cache/org.apache.hadoop/hadoop-yarn-server-common/jars/hadoop-yarn-server-common-2.6.5.jar
7f1c8fc77000-7f1c8fc8e000 r--s 00177000 fd:01 3835736                    /home/mgonzalo/.ivy2/cache/org.apache.hadoop/hadoop-yarn-common/jars/hadoop-yarn-common-2.6.5.jar
7f1c8fc8e000-7f1c8fc91000 r--s 00023000 fd:01 3835605                    /home/mgonzalo/.ivy2/cache/org.apache.hadoop/hadoop-yarn-client/jars/hadoop-yarn-client-2.6.5.jar
7f1c8fc91000-7f1c8fcab000 r--s 001b5000 fd:01 3835824                    /home/mgonzalo/.ivy2/cache/org.apache.hadoop/hadoop-yarn-api/jars/hadoop-yarn-api-2.6.5.jar
7f1c8fcab000-7f1c8fcad000 r--s 0000f000 fd:01 3835732                    /home/mgonzalo/.ivy2/cache/org.apache.hadoop/hadoop-mapreduce-client-shuffle/jars/hadoop-mapreduce-client-shuffle-2.6.5.jar
7f1c8fcad000-7f1c8fcae000 r--s 0000e000 fd:01 3835868                    /home/mgonzalo/.ivy2/cache/org.apache.hadoop/hadoop-mapreduce-client-jobclient/jars/hadoop-mapreduce-client-jobclient-2.6.5.jar
7f1c8fcae000-7f1c8fcc7000 r--s 0015f000 fd:01 3835825                    /home/mgonzalo/.ivy2/cache/org.apache.hadoop/hadoop-mapreduce-client-core/jars/hadoop-mapreduce-client-core-2.6.5.jar
7f1c8fcc7000-7f1c8fcd3000 r--s 0009d000 fd:01 3835715                    /home/mgonzalo/.ivy2/cache/org.apache.hadoop/hadoop-mapreduce-client-common/jars/hadoop-mapreduce-client-common-2.6.5.jar
7f1c8fcd3000-7f1c8fcdd000 r--s 00078000 fd:01 3835809                    /home/mgonzalo/.ivy2/cache/org.apache.hadoop/hadoop-mapreduce-client-app/jars/hadoop-mapreduce-client-app-2.6.5.jar
7f1c8fcdd000-7f1c8fd44000 r--s 0072d000 fd:01 3835763                    /home/mgonzalo/.ivy2/cache/org.apache.hadoop/hadoop-hdfs/jars/hadoop-hdfs-2.6.5.jar
7f1c8fd44000-7f1c8fd7a000 r--s 002fe000 fd:01 3835623                    /home/mgonzalo/.ivy2/cache/org.apache.hadoop/hadoop-common/jars/hadoop-common-2.6.5.jar
7f1c8fd7a000-7f1c8fd7b000 r--s 00006000 fd:01 3835677                    /home/mgonzalo/.ivy2/cache/org.apache.hadoop/hadoop-client/jars/hadoop-client-2.6.5.jar
7f1c8fd7b000-7f1c8fd7e000 r--s 00014000 fd:01 3835630                    /home/mgonzalo/.ivy2/cache/org.apache.hadoop/hadoop-auth/jars/hadoop-auth-2.6.5.jar
7f1c8fd7e000-7f1c8fd7f000 r--s 00009000 fd:01 3835619                    /home/mgonzalo/.ivy2/cache/org.apache.hadoop/hadoop-annotations/jars/hadoop-annotations-2.6.5.jar
7f1c8fd7f000-7f1c8fd91000 r--s 00097000 fd:01 3835624                    /home/mgonzalo/.ivy2/cache/org.apache.directory.server/apacheds-kerberos-codec/bundles/apacheds-kerberos-codec-2.0.0-M15.jar
7f1c8fd91000-7f1c8fd92000 r--s 0000a000 fd:01 3835708                    /home/mgonzalo/.ivy2/cache/org.apache.directory.server/apacheds-i18n/bundles/apacheds-i18n-2.0.0-M15.jar
7f1c8fd92000-7f1c8fd94000 r--s 00012000 fd:01 3835713                    /home/mgonzalo/.ivy2/cache/org.apache.directory.api/api-util/bundles/api-util-1.0.0-M20.jar
7f1c8fd94000-7f1c8fd96000 r--s 00003000 fd:01 3835712                    /home/mgonzalo/.ivy2/cache/org.apache.directory.api/api-asn1-api/bundles/api-asn1-api-1.0.0-M20.jar
7f1c8fd96000-7f1c8fd9d000 r--s 00036000 fd:01 3835733                    /home/mgonzalo/.ivy2/cache/org.apache.curator/curator-recipes/bundles/curator-recipes-2.6.0.jar
7f1c8fd9d000-7f1c8fda3000 r--s 00028000 fd:01 3835698                    /home/mgonzalo/.ivy2/cache/org.apache.curator/curator-framework/bundles/curator-framework-2.6.0.jar
7f1c8fda3000-7f1c8fda5000 r--s 0000f000 fd:01 3835647                    /home/mgonzalo/.ivy2/cache/org.apache.curator/curator-client/bundles/curator-client-2.6.0.jar
7f1c8fda5000-7f1c8fdad000 r--s 0006e000 fd:01 3835751                    /home/mgonzalo/.ivy2/cache/org.apache.commons/commons-lang3/jars/commons-lang3-3.5.jar
7f1c8fdad000-7f1c8fdaf000 r--s 0001f000 fd:01 3835743                    /home/mgonzalo/.ivy2/cache/org.apache.commons/commons-crypto/jars/commons-crypto-1.0.0.jar
7f1c8fdaf000-7f1c8fdb6000 r--s 00053000 fd:01 3837480                    /home/mgonzalo/.ivy2/cache/org.apache.commons/commons-compress/jars/commons-compress-1.8.1.jar
7f1c8fdb6000-7f1c8fdba000 r--s 0002a000 fd:01 3837469                    /home/mgonzalo/.ivy2/cache/org.apache.avro/avro-mapred/jars/avro-mapred-1.8.2-hadoop2.jar
7f1c8fdba000-7f1c8fdbd000 r--s 0001e000 fd:01 3837662                    /home/mgonzalo/.ivy2/cache/org.apache.avro/avro-ipc/jars/avro-ipc-1.8.2.jar
7f1c8fdbd000-7f1c8fdde000 r--s 0015c000 fd:01 3837660                    /home/mgonzalo/.ivy2/cache/org.apache.avro/avro/jars/avro-1.8.2.jar
7f1c8fdde000-7f1c8fdee000 r--s 00133000 fd:01 3837659                    /home/mgonzalo/.ivy2/cache/org.apache.arrow/arrow-vector/jars/arrow-vector-0.10.0.jar
7f1c8fdee000-7f1c8fdf0000 r--s 00012000 fd:01 3837675                    /home/mgonzalo/.ivy2/cache/org.apache.arrow/arrow-memory/jars/arrow-memory-0.10.0.jar
7f1c8fdf0000-7f1c8fdf2000 r--s 0000b000 fd:01 3837674                    /home/mgonzalo/.ivy2/cache/org.apache.arrow/arrow-format/jars/arrow-format-0.10.0.jar
7f1c8fdf2000-7f1c8fdf8000 r--s 0004c000 fd:01 3835747                    /home/mgonzalo/.ivy2/cache/org.antlr/antlr4-runtime/jars/antlr4-runtime-4.7.jar
7f1c8fdf8000-7f1c8fdfa000 r--s 0001c000 fd:01 3837479                    /home/mgonzalo/.ivy2/cache/net.sf.py4j/py4j/jars/py4j-0.10.7.jar
7f1c8fdfa000-7f1c8fdfd000 r--s 00015000 fd:01 3835731                    /home/mgonzalo/.ivy2/cache/net.razorvine/pyrolite/jars/pyrolite-4.13.jar
7f1c8fdfd000-7f1c8fe00000 r--s 0001b000 fd:01 3837663                    /home/mgonzalo/.ivy2/cache/junit/junit/jars/junit-3.8.1.jar
7f1c8fe00000-7f1c8fe11000 r--s 0008a000 fd:01 3835614                    /home/mgonzalo/.ivy2/cache/joda-time/joda-time/jars/joda-time-2.9.9.jar
7f1c8fe11000-7f1c8fe13000 r--s 00004000 fd:01 3835719                    /home/mgonzalo/.ivy2/cache/javax.xml.stream/stax-api/jars/stax-api-1.0-2.jar
7f1c8fe13000-7f1c8fe17000 r--s 00019000 fd:01 3835676                    /home/mgonzalo/.ivy2/cache/javax.ws.rs/javax.ws.rs-api/jars/javax.ws.rs-api-2.0.1.jar
7f1c8fe17000-7f1c8fe1b000 r--s 0000c000 fd:01 3835707                    /home/mgonzalo/.ivy2/cache/javax.validation/validation-api/jars/validation-api-1.1.0.Final.jar
7f1c8fe1b000-7f1c8fe1e000 r--s 00015000 fd:01 3835745                    /home/mgonzalo/.ivy2/cache/javax.servlet/javax.servlet-api/jars/javax.servlet-api-3.1.0.jar
7f1c8fe1e000-7f1c8fe20000 r--s 00005000 fd:01 3835703                    /home/mgonzalo/.ivy2/cache/javax.annotation/javax.annotation-api/jars/javax.annotation-api-1.2.jar
7f1c8fe20000-7f1c8fe22000 r--s 0000f000 fd:01 3835666                    /home/mgonzalo/.ivy2/cache/javax.activation/activation/jars/activation-1.1.1.jar
7f1c8fe22000-7f1c8fe63000 r--s 0035a000 fd:01 3835616                    /home/mgonzalo/.ivy2/cache/io.netty/netty-all/jars/netty-all-4.1.17.Final.jar
7f1c8fe63000-7f1c8fe7c000 r--s 0012c000 fd:01 3835764                    /home/mgonzalo/.ivy2/cache/io.netty/netty/bundles/netty-3.9.9.Final.jar
7f1c8fe7c000-7f1c8fe7e000 r--s 00008000 fd:01 3835774                    /home/mgonzalo/.ivy2/cache/io.dropwizard.metrics/metrics-jvm/bundles/metrics-jvm-3.1.5.jar
7f1c8fe7e000-7f1c8fe7f000 r--s 00003000 fd:01 3835775                    /home/mgonzalo/.ivy2/cache/io.dropwizard.metrics/metrics-json/bundles/metrics-json-3.1.5.jar
7f1c8fe7f000-7f1c8fe81000 r--s 00004000 fd:01 3835776                    /home/mgonzalo/.ivy2/cache/io.dropwizard.metrics/metrics-graphite/bundles/metrics-graphite-3.1.5.jar
7f1c8fe81000-7f1c8fe85000 r--s 0001a000 fd:01 3835773                    /home/mgonzalo/.ivy2/cache/io.dropwizard.metrics/metrics-core/bundles/metrics-core-3.1.5.jar
7f1c8fe85000-7f1c8fe88000 r--s 0001e000 fd:01 3837669                    /home/mgonzalo/.ivy2/cache/io.airlift/aircompressor/jars/aircompressor-0.10.jar
7f1c8fe88000-7f1c8fe8d000 r--s 0003e000 fd:01 3837661                    /home/mgonzalo/.ivy2/cache/commons-net/commons-net/jars/commons-net-3.1.jar
7f1c8fe8d000-7f1c8fe92000 r--s 00041000 fd:01 3835680                    /home/mgonzalo/.ivy2/cache/commons-lang/commons-lang/jars/commons-lang-2.6.jar
7f1c8fe92000-7f1c8fe9f000 r--s 00083000 fd:01 3835606                    /home/mgonzalo/.ivy2/cache/commons-collections/commons-collections/jars/commons-collections-3.2.2.jar
7f1c8fe9f000-7f1c8fea6000 r--s 0003f000 fd:01 3837667                    /home/mgonzalo/.ivy2/cache/commons-codec/commons-codec/jars/commons-codec-1.10.jar
7f1c8fea6000-7f1c8feae000 r--s 0005b000 fd:01 3837654                    /home/mgonzalo/.ivy2/cache/com.univocity/univocity-parsers/jars/univocity-parsers-2.7.3.jar
7f1c8feae000-7f1c8feb3000 r--s 00035000 fd:01 3837467                    /home/mgonzalo/.ivy2/cache/com.twitter/chill_2.11/jars/chill_2.11-0.9.3.jar
7f1c8feb3000-7f1c8feb5000 r--s 0000d000 fd:01 3837470                    /home/mgonzalo/.ivy2/cache/com.twitter/chill-java/jars/chill-java-0.9.3.jar
7f1c8feb5000-7f1c8feba000 r--s 0002a000 fd:01 3835730                    /home/mgonzalo/.ivy2/cache/com.google.code.gson/gson/jars/gson-2.2.4.jar
7f1c8feba000-7f1c8fec7000 r--s 00071000 fd:01 3835602                    /home/mgonzalo/.ivy2/cache/com.fasterxml.jackson.module/jackson-module-scala_2.11/bundles/jackson-module-scala_2.11-2.6.7.1.jar
7f1c8fec7000-7f1c8fed8000 r--s 0010c000 fd:01 3835777                    /home/mgonzalo/.ivy2/cache/com.fasterxml.jackson.core/jackson-databind/bundles/jackson-databind-2.6.7.1.jar
7f1c8fed8000-7f1c8ff2d000 r--s 0069c000 fd:01 3836848                    /home/mgonzalo/.ivy2/cache/org.spire-math/spire_2.11/jars/spire_2.11-0.7.4.jar
7f1c8ff2d000-7f1c90000000 r--s 00bcb000 fd:01 3836834                    /home/mgonzalo/.ivy2/cache/org.scalanlp/breeze_2.11/jars/breeze_2.11-0.11.1.jar
7f1c90000000-7f1c90021000 rw-p 00000000 00:00 0 
7f1c90021000-7f1c94000000 ---p 00000000 00:00 0 
7f1c94000000-7f1c94001000 r--s 00002000 fd:01 3835759                    /home/mgonzalo/.ivy2/cache/com.vlkan/flatbuffers/jars/flatbuffers-1.2.0-3f79e055.jar
7f1c94001000-7f1c94003000 r--s 00007000 fd:01 3835625                    /home/mgonzalo/.ivy2/cache/com.thoughtworks.paranamer/paranamer/bundles/paranamer-2.8.jar
7f1c94003000-7f1c94005000 r--s 00003000 fd:01 3835760                    /home/mgonzalo/.ivy2/cache/com.google.code.findbugs/jsr305/jars/jsr305-3.0.2.jar
7f1c94005000-7f1c94007000 r--s 00238000 fd:01 3835746                    /home/mgonzalo/.ivy2/cache/com.github.luben/zstd-jni/bundles/zstd-jni-1.3.2-2.jar
7f1c94007000-7f1c94009000 r--s 00009000 fd:01 3835709                    /home/mgonzalo/.ivy2/cache/com.fasterxml.jackson.module/jackson-module-paranamer/bundles/jackson-module-paranamer-2.7.9.jar
7f1c94009000-7f1c9400c000 r--s 0003b000 fd:01 3835678                    /home/mgonzalo/.ivy2/cache/com.fasterxml.jackson.core/jackson-core/bundles/jackson-core-2.7.9.jar
7f1c9400c000-7f1c9400f000 r--s 00009000 fd:01 3835750                    /home/mgonzalo/.ivy2/cache/com.fasterxml.jackson.core/jackson-annotations/bundles/jackson-annotations-2.6.7.jar
7f1c9400f000-7f1c94010000 r--s 00001000 fd:01 3835601                    /home/mgonzalo/.ivy2/cache/com.esotericsoftware/minlog/bundles/minlog-1.3.0.jar
7f1c94010000-7f1c94018000 r--s 0005d000 fd:01 3837484                    /home/mgonzalo/.ivy2/cache/com.esotericsoftware/kryo-shaded/bundles/kryo-shaded-4.0.2.jar
7f1c94018000-7f1c94039000 r--s 00177000 fd:01 3835704                    /home/mgonzalo/.ivy2/cache/com.carrotsearch/hppc/bundles/hppc-0.7.2.jar
7f1c94039000-7f1c9403a000 r--s 00003000 fd:01 3835725                    /home/mgonzalo/.ivy2/cache/xmlenc/xmlenc/jars/xmlenc-0.52.jar
7f1c9403a000-7f1c9403c000 r--s 0000e000 fd:01 3835728                    /home/mgonzalo/.ivy2/cache/oro/oro/jars/oro-2.0.8.jar
7f1c9403c000-7f1c9403e000 r--s 00014000 fd:01 3836849                    /home/mgonzalo/.ivy2/cache/org.spire-math/spire-macros_2.11/jars/spire-macros_2.11-0.7.4.jar
7f1c9403e000-7f1c9403f000 r--s 00000000 fd:01 3835748                    /home/mgonzalo/.ivy2/cache/org.spark-project.spark/unused/jars/unused-1.0.0.jar
7f1c9403f000-7f1c94046000 r--s 0003e000 fd:01 3835609                    /home/mgonzalo/.ivy2/cache/org.sonatype.sisu.inject/cglib/jars/cglib-2.2.1-v20090111.jar
7f1c94046000-7f1c9404a000 r--s 0001e000 fd:01 3836847                    /home/mgonzalo/.ivy2/cache/org.scalanlp/breeze-macros_2.11/jars/breeze-macros_2.11-0.11.1.jar
7f1c9404a000-7f1c9404d000 r--s 0002f000 fd:01 3835600                    /home/mgonzalo/.ivy2/cache/org.roaringbitmap/RoaringBitmap/bundles/RoaringBitmap-0.5.11.jar
7f1c9404d000-7f1c94051000 r--s 00028000 fd:01 3835631                    /home/mgonzalo/.ivy2/cache/org.mortbay.jetty/jetty-util/jars/jetty-util-6.1.26.jar
7f1c94051000-7f1c94054000 r--s 00721000 fd:01 3836835                    /home/mgonzalo/.ivy2/cache/org.jblas/jblas/jars/jblas-1.2.3.jar
7f1c94054000-7f1c94057000 r--s 000fd000 fd:01 3835650                    /home/mgonzalo/.ivy2/cache/org.fusesource.leveldbjni/leveldbjni-all/bundles/leveldbjni-all-1.8.jar
7f1c94057000-7f1c94059000 r--s 0000f000 fd:01 3835741                    /home/mgonzalo/.ivy2/cache/org.codehaus.jettison/jettison/bundles/jettison-1.1.jar
7f1c94059000-7f1c94067000 r--s 000b1000 fd:01 3835653                    /home/mgonzalo/.ivy2/cache/org.codehaus.jackson/jackson-mapper-asl/jars/jackson-mapper-asl-1.9.13.jar
7f1c94067000-7f1c9406b000 r--s 00035000 fd:01 3835617                    /home/mgonzalo/.ivy2/cache/org.codehaus.jackson/jackson-core-asl/jars/jackson-core-asl-1.9.13.jar
7f1c9406b000-7f1c94099000 r--s 001fd000 fd:01 3836832                    /home/mgonzalo/.ivy2/cache/org.apache.spark/spark-mllib_2.11/jars/spark-mllib_2.11-1.3.0.jar
7f1c94099000-7f1c940a6000 r--s 0008c000 fd:01 3836833                    /home/mgonzalo/.ivy2/cache/org.apache.spark/spark-graphx_2.11/jars/spark-graphx_2.11-1.3.0.jar
7f1c940a6000-7f1c940bc000 r--s 00124000 fd:01 3835663                    /home/mgonzalo/.ivy2/cache/org.apache.ivy/ivy/jars/ivy-2.4.0.jar
7f1c940bc000-7f1c940e0000 r--s 001cd000 fd:01 3835758                    /home/mgonzalo/.ivy2/cache/org.apache.commons/commons-math3/jars/commons-math3-3.4.1.jar
7f1c940e0000-7f1c940f2000 r--s 00112000 fd:01 3835799                    /home/mgonzalo/.ivy2/cache/net.sourceforge.f2j/arpack_combined_all/jars/arpack_combined_all-0.1.jar
7f1c940f2000-7f1c940f3000 r--s 00004000 fd:01 3835654                    /home/mgonzalo/.ivy2/cache/net.sf.opencsv/opencsv/jars/opencsv-2.3.jar
7f1c940f3000-7f1c940fc000 r--s 0006f000 fd:01 3835652                    /home/mgonzalo/.ivy2/cache/log4j/log4j/bundles/log4j-1.2.17.jar
7f1c940fc000-7f1c940fe000 r--s 00014000 fd:01 3835699                    /home/mgonzalo/.ivy2/cache/jline/jline/jars/jline-0.9.94.jar
7f1c940fe000-7f1c94101000 r--s 00017000 fd:01 3835671                    /home/mgonzalo/.ivy2/cache/javax.xml.bind/jaxb-api/jars/jaxb-api-2.2.2.jar
7f1c94101000-7f1c94102000 r--s 00000000 fd:01 3835720                    /home/mgonzalo/.ivy2/cache/javax.inject/javax.inject/jars/javax.inject-1.jar
7f1c94102000-7f1c94106000 r--s 0002a000 fd:01 3835740                    /home/mgonzalo/.ivy2/cache/commons-io/commons-io/jars/commons-io-2.4.jar
7f1c94106000-7f1c9410c000 r--s 00045000 fd:01 3835727                    /home/mgonzalo/.ivy2/cache/commons-httpclient/commons-httpclient/jars/commons-httpclient-3.1.jar
7f1c9410c000-7f1c94110000 r--s 00020000 fd:01 3835657                    /home/mgonzalo/.ivy2/cache/commons-digester/commons-digester/jars/commons-digester-1.8.jar
7f1c94110000-7f1c94116000 r--s 00043000 fd:01 3835705                    /home/mgonzalo/.ivy2/cache/commons-configuration/commons-configuration/jars/commons-configuration-1.6.jar
7f1c94116000-7f1c94118000 r--s 00009000 fd:01 3835722                    /home/mgonzalo/.ivy2/cache/commons-cli/commons-cli/jars/commons-cli-1.2.jar
7f1c94118000-7f1c9411c000 r--s 0002f000 fd:01 3835665                    /home/mgonzalo/.ivy2/cache/commons-beanutils/commons-beanutils-core/jars/commons-beanutils-core-1.8.0.jar
7f1c9411c000-7f1c94121000 r--s 0002a000 fd:01 3835683                    /home/mgonzalo/.ivy2/cache/commons-beanutils/commons-beanutils/jars/commons-beanutils-1.7.0.jar
7f1c94121000-7f1c94129000 r--s 0007b000 fd:01 3835716                    /home/mgonzalo/.ivy2/cache/com.google.protobuf/protobuf-java/bundles/protobuf-java-2.5.0.jar
7f1c94129000-7f1c94138000 r--s 0009f000 fd:01 3835691                    /home/mgonzalo/.ivy2/cache/com.google.inject/guice/jars/guice-3.0.jar
7f1c94138000-7f1c94143000 r--s 000b0000 fd:01 3835803                    /home/mgonzalo/.ivy2/cache/com.github.rwl/jtransforms/jars/jtransforms-2.4.0.jar
7f1c94143000-7f1c94173000 r--s 001e3000 fd:01 3837464                    /home/mgonzalo/.ivy2/cache/org.apache.spark/spark-streaming_2.11/jars/spark-streaming_2.11-2.4.0.jar
7f1c94173000-7f1c941cc000 r--s 00522000 fd:01 3835598                    /home/mgonzalo/.ivy2/cache/org.scala-lang/scala-library/jars/scala-library-2.11.8.jar
7f1c941cc000-7f1c94218000 r--s 00411000 fd:01 3835874                    /home/mgonzalo/.ivy2/cache/org.scala-lang/scala-reflect/jars/scala-reflect-2.11.8.jar
7f1c94218000-7f1c94243000 r--s 001f9000 fd:01 3837804                    /home/mgonzalo/.ivy2/cache/com.google.guava/guava/bundles/guava-17.0.jar
7f1c94243000-7f1c94256000 r--s 00346000 fd:01 655680                     /usr/lib/jvm/java-8-openjdk-amd64/jre/lib/resources.jar
7f1c94256000-7f1c94271000 r--s 001d6000 fd:01 655657                     /usr/lib/jvm/java-8-openjdk-amd64/jre/lib/ext/nashorn.jar
7f1c94271000-7f1c94274000 ---p 00000000 00:00 0 
7f1c94274000-7f1c94372000 rw-p 00000000 00:00 0 
7f1c94372000-7f1c948c6000 r--p 00000000 fd:01 5767190                    /usr/lib/locale/locale-archive
7f1c948c6000-7f1c948c9000 ---p 00000000 00:00 0 
7f1c948c9000-7f1c949c7000 rw-p 00000000 00:00 0 
7f1c949c7000-7f1c949ca000 ---p 00000000 00:00 0 
7f1c949ca000-7f1c94ac8000 rw-p 00000000 00:00 0 
7f1c94ac8000-7f1c94ac9000 ---p 00000000 00:00 0 
7f1c94ac9000-7f1c95b26000 rw-p 00000000 00:00 0 
7f1c95b26000-7f1c95cf5000 r--s 03c32000 fd:01 655681                     /usr/lib/jvm/java-8-openjdk-amd64/jre/lib/rt.jar
7f1c95cf5000-7f1c962f5000 rw-p 00000000 00:00 0 
7f1c962f5000-7f1c964f5000 ---p 00000000 00:00 0 
7f1c964f5000-7f1c96cbd000 rw-p 00000000 00:00 0 
7f1c96cbd000-7f1c96cbe000 ---p 00000000 00:00 0 
7f1c96cbe000-7f1c96dbe000 rw-p 00000000 00:00 0 
7f1c96dbe000-7f1c96dbf000 ---p 00000000 00:00 0 
7f1c96dbf000-7f1c96ebf000 rw-p 00000000 00:00 0 
7f1c96ebf000-7f1c96ec0000 ---p 00000000 00:00 0 
7f1c96ec0000-7f1c96fc0000 rw-p 00000000 00:00 0 
7f1c96fc0000-7f1c96fc1000 ---p 00000000 00:00 0 
7f1c96fc1000-7f1c97115000 rw-p 00000000 00:00 0 
7f1c97115000-7f1c975f1000 ---p 00000000 00:00 0 
7f1c975f1000-7f1c97645000 rw-p 00000000 00:00 0 
7f1c97645000-7f1c97b21000 ---p 00000000 00:00 0 
7f1c97b21000-7f1c97b4b000 rw-p 00000000 00:00 0 
7f1c97b4b000-7f1c97db9000 ---p 00000000 00:00 0 
7f1c97db9000-7f1c97dc4000 rw-p 00000000 00:00 0 
7f1c97dc4000-7f1c9817a000 ---p 00000000 00:00 0 
7f1c9817a000-7f1c983ea000 rwxp 00000000 00:00 0 
7f1c983ea000-7f1ca717a000 ---p 00000000 00:00 0 
7f1ca717a000-7f1ca7182000 r-xp 00000000 fd:01 655638                     /usr/lib/jvm/java-8-openjdk-amd64/jre/lib/amd64/libzip.so
7f1ca7182000-7f1ca7381000 ---p 00008000 fd:01 655638                     /usr/lib/jvm/java-8-openjdk-amd64/jre/lib/amd64/libzip.so
7f1ca7381000-7f1ca7382000 r--p 00007000 fd:01 655638                     /usr/lib/jvm/java-8-openjdk-amd64/jre/lib/amd64/libzip.so
7f1ca7382000-7f1ca7383000 rw-p 00008000 fd:01 655638                     /usr/lib/jvm/java-8-openjdk-amd64/jre/lib/amd64/libzip.so
7f1ca7383000-7f1ca738e000 r-xp 00000000 fd:01 5373986                    /lib/x86_64-linux-gnu/libnss_files-2.27.so
7f1ca738e000-7f1ca758d000 ---p 0000b000 fd:01 5373986                    /lib/x86_64-linux-gnu/libnss_files-2.27.so
7f1ca758d000-7f1ca758e000 r--p 0000a000 fd:01 5373986                    /lib/x86_64-linux-gnu/libnss_files-2.27.so
7f1ca758e000-7f1ca758f000 rw-p 0000b000 fd:01 5373986                    /lib/x86_64-linux-gnu/libnss_files-2.27.so
7f1ca758f000-7f1ca7595000 rw-p 00000000 00:00 0 
7f1ca7595000-7f1ca75ac000 r-xp 00000000 fd:01 5373983                    /lib/x86_64-linux-gnu/libnsl-2.27.so
7f1ca75ac000-7f1ca77ab000 ---p 00017000 fd:01 5373983                    /lib/x86_64-linux-gnu/libnsl-2.27.so
7f1ca77ab000-7f1ca77ac000 r--p 00016000 fd:01 5373983                    /lib/x86_64-linux-gnu/libnsl-2.27.so
7f1ca77ac000-7f1ca77ad000 rw-p 00017000 fd:01 5373983                    /lib/x86_64-linux-gnu/libnsl-2.27.so
7f1ca77ad000-7f1ca77af000 rw-p 00000000 00:00 0 
7f1ca77af000-7f1ca77ba000 r-xp 00000000 fd:01 5373988                    /lib/x86_64-linux-gnu/libnss_nis-2.27.so
7f1ca77ba000-7f1ca79b9000 ---p 0000b000 fd:01 5373988                    /lib/x86_64-linux-gnu/libnss_nis-2.27.so
7f1ca79b9000-7f1ca79ba000 r--p 0000a000 fd:01 5373988                    /lib/x86_64-linux-gnu/libnss_nis-2.27.so
7f1ca79ba000-7f1ca79bb000 rw-p 0000b000 fd:01 5373988                    /lib/x86_64-linux-gnu/libnss_nis-2.27.so
7f1ca79bb000-7f1ca79c3000 r-xp 00000000 fd:01 5373984                    /lib/x86_64-linux-gnu/libnss_compat-2.27.so
7f1ca79c3000-7f1ca7bc3000 ---p 00008000 fd:01 5373984                    /lib/x86_64-linux-gnu/libnss_compat-2.27.so
7f1ca7bc3000-7f1ca7bc4000 r--p 00008000 fd:01 5373984                    /lib/x86_64-linux-gnu/libnss_compat-2.27.so
7f1ca7bc4000-7f1ca7bc5000 rw-p 00009000 fd:01 5373984                    /lib/x86_64-linux-gnu/libnss_compat-2.27.so
7f1ca7bc5000-7f1ca7bcf000 r-xp 00000000 fd:01 655614                     /usr/lib/jvm/java-8-openjdk-amd64/jre/lib/amd64/libinstrument.so
7f1ca7bcf000-7f1ca7dce000 ---p 0000a000 fd:01 655614                     /usr/lib/jvm/java-8-openjdk-amd64/jre/lib/amd64/libinstrument.so
7f1ca7dce000-7f1ca7dcf000 r--p 00009000 fd:01 655614                     /usr/lib/jvm/java-8-openjdk-amd64/jre/lib/amd64/libinstrument.so
7f1ca7dcf000-7f1ca7dd0000 rw-p 0000a000 fd:01 655614                     /usr/lib/jvm/java-8-openjdk-amd64/jre/lib/amd64/libinstrument.so
7f1ca7dd0000-7f1ca7dfe000 r-xp 00000000 fd:01 655619                     /usr/lib/jvm/java-8-openjdk-amd64/jre/lib/amd64/libjava.so
7f1ca7dfe000-7f1ca7ffd000 ---p 0002e000 fd:01 655619                     /usr/lib/jvm/java-8-openjdk-amd64/jre/lib/amd64/libjava.so
7f1ca7ffd000-7f1ca7ffe000 r--p 0002d000 fd:01 655619                     /usr/lib/jvm/java-8-openjdk-amd64/jre/lib/amd64/libjava.so
7f1ca7ffe000-7f1ca8000000 rw-p 0002e000 fd:01 655619                     /usr/lib/jvm/java-8-openjdk-amd64/jre/lib/amd64/libjava.so
7f1ca8000000-7f1ca9909000 rw-p 00000000 00:00 0 
7f1ca9909000-7f1cac000000 ---p 00000000 00:00 0 
7f1cac000000-7f1cac002000 r--s 00012000 fd:01 3835687                    /home/mgonzalo/.ivy2/cache/com.ning/compress-lzf/bundles/compress-lzf-1.0.3.jar
7f1cac002000-7f1cac004000 r--s 00027000 fd:01 3835790                    /home/mgonzalo/.ivy2/cache/com.github.fommil.netlib/core/jars/core-1.1.2.jar
7f1cac004000-7f1cac007000 r--s 00028000 fd:01 3835772                    /home/mgonzalo/.ivy2/cache/com.clearspring.analytics/stream/jars/stream-2.7.0.jar
7f1cac007000-7f1cac009000 r--s 00000000 fd:01 3835599                    /home/mgonzalo/.ivy2/cache/aopalliance/aopalliance/jars/aopalliance-1.0.jar
7f1cac009000-7f1cac07f000 rw-p 00000000 00:00 0 
7f1cac07f000-7f1cac08f000 r-xp 00000000 fd:01 655637                     /usr/lib/jvm/java-8-openjdk-amd64/jre/lib/amd64/libverify.so
7f1cac08f000-7f1cac28e000 ---p 00010000 fd:01 655637                     /usr/lib/jvm/java-8-openjdk-amd64/jre/lib/amd64/libverify.so
7f1cac28e000-7f1cac290000 r--p 0000f000 fd:01 655637                     /usr/lib/jvm/java-8-openjdk-amd64/jre/lib/amd64/libverify.so
7f1cac290000-7f1cac291000 rw-p 00011000 fd:01 655637                     /usr/lib/jvm/java-8-openjdk-amd64/jre/lib/amd64/libverify.so
7f1cac291000-7f1cac298000 r-xp 00000000 fd:01 5373993                    /lib/x86_64-linux-gnu/librt-2.27.so
7f1cac298000-7f1cac497000 ---p 00007000 fd:01 5373993                    /lib/x86_64-linux-gnu/librt-2.27.so
7f1cac497000-7f1cac498000 r--p 00006000 fd:01 5373993                    /lib/x86_64-linux-gnu/librt-2.27.so
7f1cac498000-7f1cac499000 rw-p 00007000 fd:01 5373993                    /lib/x86_64-linux-gnu/librt-2.27.so
7f1cac499000-7f1cac4b0000 r-xp 00000000 fd:01 5374015                    /lib/x86_64-linux-gnu/libgcc_s.so.1
7f1cac4b0000-7f1cac6af000 ---p 00017000 fd:01 5374015                    /lib/x86_64-linux-gnu/libgcc_s.so.1
7f1cac6af000-7f1cac6b0000 r--p 00016000 fd:01 5374015                    /lib/x86_64-linux-gnu/libgcc_s.so.1
7f1cac6b0000-7f1cac6b1000 rw-p 00017000 fd:01 5374015                    /lib/x86_64-linux-gnu/libgcc_s.so.1
7f1cac6b1000-7f1cac84e000 r-xp 00000000 fd:01 5373980                    /lib/x86_64-linux-gnu/libm-2.27.so
7f1cac84e000-7f1caca4d000 ---p 0019d000 fd:01 5373980                    /lib/x86_64-linux-gnu/libm-2.27.so
7f1caca4d000-7f1caca4e000 r--p 0019c000 fd:01 5373980                    /lib/x86_64-linux-gnu/libm-2.27.so
7f1caca4e000-7f1caca4f000 rw-p 0019d000 fd:01 5373980                    /lib/x86_64-linux-gnu/libm-2.27.so
7f1caca4f000-7f1cacbcd000 r-xp 00000000 fd:01 5772210                    /usr/lib/x86_64-linux-gnu/libstdc++.so.6.0.25
7f1cacbcd000-7f1cacdcd000 ---p 0017e000 fd:01 5772210                    /usr/lib/x86_64-linux-gnu/libstdc++.so.6.0.25
7f1cacdcd000-7f1cacdd7000 r--p 0017e000 fd:01 5772210                    /usr/lib/x86_64-linux-gnu/libstdc++.so.6.0.25
7f1cacdd7000-7f1cacdd9000 rw-p 00188000 fd:01 5772210                    /usr/lib/x86_64-linux-gnu/libstdc++.so.6.0.25
7f1cacdd9000-7f1cacddd000 rw-p 00000000 00:00 0 
7f1cacddd000-7f1cada72000 r-xp 00000000 fd:01 655641                     /usr/lib/jvm/java-8-openjdk-amd64/jre/lib/amd64/server/libjvm.so
7f1cada72000-7f1cadc71000 ---p 00c95000 fd:01 655641                     /usr/lib/jvm/java-8-openjdk-amd64/jre/lib/amd64/server/libjvm.so
7f1cadc71000-7f1cadd05000 r--p 00c94000 fd:01 655641                     /usr/lib/jvm/java-8-openjdk-amd64/jre/lib/amd64/server/libjvm.so
7f1cadd05000-7f1cadd2d000 rw-p 00d28000 fd:01 655641                     /usr/lib/jvm/java-8-openjdk-amd64/jre/lib/amd64/server/libjvm.so
7f1cadd2d000-7f1cadd5e000 rw-p 00000000 00:00 0 
7f1cadd5e000-7f1cadd78000 r-xp 00000000 fd:01 5373991                    /lib/x86_64-linux-gnu/libpthread-2.27.so
7f1cadd78000-7f1cadf77000 ---p 0001a000 fd:01 5373991                    /lib/x86_64-linux-gnu/libpthread-2.27.so
7f1cadf77000-7f1cadf78000 r--p 00019000 fd:01 5373991                    /lib/x86_64-linux-gnu/libpthread-2.27.so
7f1cadf78000-7f1cadf79000 rw-p 0001a000 fd:01 5373991                    /lib/x86_64-linux-gnu/libpthread-2.27.so
7f1cadf79000-7f1cadf7d000 rw-p 00000000 00:00 0 
7f1cadf7d000-7f1cadf80000 r-xp 00000000 fd:01 5373979                    /lib/x86_64-linux-gnu/libdl-2.27.so
7f1cadf80000-7f1cae17f000 ---p 00003000 fd:01 5373979                    /lib/x86_64-linux-gnu/libdl-2.27.so
7f1cae17f000-7f1cae180000 r--p 00002000 fd:01 5373979                    /lib/x86_64-linux-gnu/libdl-2.27.so
7f1cae180000-7f1cae181000 rw-p 00003000 fd:01 5373979                    /lib/x86_64-linux-gnu/libdl-2.27.so
7f1cae181000-7f1cae19d000 r-xp 00000000 fd:01 5374119                    /lib/x86_64-linux-gnu/libz.so.1.2.11
7f1cae19d000-7f1cae39c000 ---p 0001c000 fd:01 5374119                    /lib/x86_64-linux-gnu/libz.so.1.2.11
7f1cae39c000-7f1cae39d000 r--p 0001b000 fd:01 5374119                    /lib/x86_64-linux-gnu/libz.so.1.2.11
7f1cae39d000-7f1cae39e000 rw-p 0001c000 fd:01 5374119                    /lib/x86_64-linux-gnu/libz.so.1.2.11
7f1cae39e000-7f1cae585000 r-xp 00000000 fd:01 5373976                    /lib/x86_64-linux-gnu/libc-2.27.so
7f1cae585000-7f1cae785000 ---p 001e7000 fd:01 5373976                    /lib/x86_64-linux-gnu/libc-2.27.so
7f1cae785000-7f1cae789000 r--p 001e7000 fd:01 5373976                    /lib/x86_64-linux-gnu/libc-2.27.so
7f1cae789000-7f1cae78b000 rw-p 001eb000 fd:01 5373976                    /lib/x86_64-linux-gnu/libc-2.27.so
7f1cae78b000-7f1cae78f000 rw-p 00000000 00:00 0 
7f1cae78f000-7f1cae79d000 r-xp 00000000 fd:01 655605                     /usr/lib/jvm/java-8-openjdk-amd64/jre/lib/amd64/jli/libjli.so
7f1cae79d000-7f1cae99c000 ---p 0000e000 fd:01 655605                     /usr/lib/jvm/java-8-openjdk-amd64/jre/lib/amd64/jli/libjli.so
7f1cae99c000-7f1cae99d000 r--p 0000d000 fd:01 655605                     /usr/lib/jvm/java-8-openjdk-amd64/jre/lib/amd64/jli/libjli.so
7f1cae99d000-7f1cae99e000 rw-p 0000e000 fd:01 655605                     /usr/lib/jvm/java-8-openjdk-amd64/jre/lib/amd64/jli/libjli.so
7f1cae99e000-7f1cae9c5000 r-xp 00000000 fd:01 5373967                    /lib/x86_64-linux-gnu/ld-2.27.so
7f1cae9c5000-7f1cae9c6000 r--s 00003000 fd:01 3837468                    /home/mgonzalo/.ivy2/cache/org.apache.spark/spark-tags_2.11/jars/spark-tags_2.11-2.4.0.jar
7f1cae9c6000-7f1cae9c7000 r--s 00006000 fd:01 5264835                    /home/mgonzalo/Escritorio/research/feynman machine/lib/JOgmaNeo.jar
7f1cae9c7000-7f1cae9c8000 r--s 00000000 fd:01 655678                     /usr/lib/jvm/java-8-openjdk-amd64/jre/lib/management-agent.jar
7f1cae9c8000-7f1cae9cd000 r--s 0009d000 fd:01 655675                     /usr/lib/jvm/java-8-openjdk-amd64/jre/lib/jsse.jar
7f1cae9cd000-7f1cae9d2000 r--s 002f9000 fd:01 655642                     /usr/lib/jvm/java-8-openjdk-amd64/jre/lib/charsets.jar
7f1cae9d2000-7f1cae9dc000 r--s 00116000 fd:01 655656                     /usr/lib/jvm/java-8-openjdk-amd64/jre/lib/ext/localedata.jar
7f1cae9dc000-7f1cae9f7000 r--s 00394000 fd:01 655652                     /usr/lib/jvm/java-8-openjdk-amd64/jre/lib/ext/cldrdata.jar
7f1cae9f7000-7f1caeaa0000 rw-p 00000000 00:00 0 
7f1caeaa0000-7f1caeaa1000 ---p 00000000 00:00 0 
7f1caeaa1000-7f1caeaa4000 ---p 00000000 00:00 0 
7f1caeaa4000-7f1caeba3000 rw-p 00000000 00:00 0 
7f1caeba3000-7f1caeba5000 r--s 00016000 fd:01 655673                     /usr/lib/jvm/java-8-openjdk-amd64/jre/lib/jce.jar
7f1caeba5000-7f1caeba7000 r--s 00008000 fd:01 655658                     /usr/lib/jvm/java-8-openjdk-amd64/jre/lib/ext/sunec.jar
7f1caeba7000-7f1caeba8000 r--s 00010000 fd:01 655661                     /usr/lib/jvm/java-8-openjdk-amd64/jre/lib/ext/zipfs.jar
7f1caeba8000-7f1caebab000 r--s 0000f000 fd:01 655654                     /usr/lib/jvm/java-8-openjdk-amd64/jre/lib/ext/icedtea-sound.jar
7f1caebab000-7f1caebad000 r--s 00007000 fd:01 7477496                    /usr/share/java/java-atk-wrapper.jar
7f1caebad000-7f1caebaf000 r--s 00001000 fd:01 655653                     /usr/lib/jvm/java-8-openjdk-amd64/jre/lib/ext/dnsns.jar
7f1caebaf000-7f1caebb0000 r--s 0000a000 fd:01 655655                     /usr/lib/jvm/java-8-openjdk-amd64/jre/lib/ext/jaccess.jar
7f1caebb0000-7f1caebb3000 r--s 00038000 fd:01 655660                     /usr/lib/jvm/java-8-openjdk-amd64/jre/lib/ext/sunpkcs11.jar
7f1caebb3000-7f1caebb9000 r--s 0003b000 fd:01 655659                     /usr/lib/jvm/java-8-openjdk-amd64/jre/lib/ext/sunjce_provider.jar
7f1caebb9000-7f1caebc1000 rw-s 00000000 fd:01 4751005                    /tmp/hsperfdata_mgonzalo/9851
7f1caebc1000-7f1caebc2000 rw-p 00000000 00:00 0 
7f1caebc2000-7f1caebc3000 r--p 00000000 00:00 0 
7f1caebc3000-7f1caebc5000 rw-p 00000000 00:00 0 
7f1caebc5000-7f1caebc6000 r--p 00027000 fd:01 5373967                    /lib/x86_64-linux-gnu/ld-2.27.so
7f1caebc6000-7f1caebc7000 rw-p 00028000 fd:01 5373967                    /lib/x86_64-linux-gnu/ld-2.27.so
7f1caebc7000-7f1caebc8000 rw-p 00000000 00:00 0 
7ffffae67000-7ffffae8c000 rw-p 00000000 00:00 0                          [stack]
7ffffafed000-7ffffaff0000 r--p 00000000 00:00 0                          [vvar]
7ffffaff0000-7ffffaff2000 r-xp 00000000 00:00 0                          [vdso]
ffffffffff600000-ffffffffff601000 r-xp 00000000 00:00 0                  [vsyscall]

VM Arguments:
jvm_args: -Djava.library.path=/home/mgonzalo/Escritorio/research/OgmaNeo/Java/build -javaagent:/home/mgonzalo/idea-IC-183.4284.148/lib/idea_rt.jar=45893:/home/mgonzalo/idea-IC-183.4284.148/bin -Dfile.encoding=UTF-8 
java_command: body.Main
java_class_path (initial): /usr/lib/jvm/java-8-openjdk-amd64/jre/lib/charsets.jar:/usr/lib/jvm/java-8-openjdk-amd64/jre/lib/ext/cldrdata.jar:/usr/lib/jvm/java-8-openjdk-amd64/jre/lib/ext/dnsns.jar:/usr/lib/jvm/java-8-openjdk-amd64/jre/lib/ext/icedtea-sound.jar:/usr/lib/jvm/java-8-openjdk-amd64/jre/lib/ext/jaccess.jar:/usr/lib/jvm/java-8-openjdk-amd64/jre/lib/ext/java-atk-wrapper.jar:/usr/lib/jvm/java-8-openjdk-amd64/jre/lib/ext/localedata.jar:/usr/lib/jvm/java-8-openjdk-amd64/jre/lib/ext/nashorn.jar:/usr/lib/jvm/java-8-openjdk-amd64/jre/lib/ext/sunec.jar:/usr/lib/jvm/java-8-openjdk-amd64/jre/lib/ext/sunjce_provider.jar:/usr/lib/jvm/java-8-openjdk-amd64/jre/lib/ext/sunpkcs11.jar:/usr/lib/jvm/java-8-openjdk-amd64/jre/lib/ext/zipfs.jar:/usr/lib/jvm/java-8-openjdk-amd64/jre/lib/jce.jar:/usr/lib/jvm/java-8-openjdk-amd64/jre/lib/jsse.jar:/usr/lib/jvm/java-8-openjdk-amd64/jre/lib/management-agent.jar:/usr/lib/jvm/java-8-openjdk-amd64/jre/lib/resources.jar:/usr/lib/jvm/java-8-openjdk-amd64/jre/lib/rt.jar:/home/mgonzalo/Escritorio/research/feynman machine/target/scala-2.11/classes:/home/mgonzalo/Escritorio/research/feynman machine/lib/JOgmaNeo.jar:/home/mgonzalo/.ivy2/cache/com.google.guava/guava/bundles/guava-17.0.jar:/home/mgonzalo/.ivy2/cache/org.scala-lang/scala-reflect/jars/scala-reflect-2.11.8.jar:/home/mgonzalo/.ivy2/cache/org.scala-lang/scala-library/jars/scala-library-2.11.8.jar:/home/mgonzalo/.ivy2/cache/org.apache.spark/spark-tags_2.11/jars/spark-tags_2.11-2.4.0.jar:/home/mgonzalo/.ivy2/cache/org.apache.spark/spark-streaming_2.11/jars/spark-streaming_2.11-2.4.0.jar:/home/mgonzalo/.ivy2/cache/aopalliance/aopalliance/jars/aopalliance-1.0.jar:/home/mgonzalo/.ivy2/cache/com.clearspring.analytics/stream/jars/stream-2.7.0.jar:/home/mgonzalo/.ivy2/cache/com.github.fommil.netlib/core/jars/core-1.1.2.jar:/home/mgonzalo/.ivy2/cache/com.github.rwl/jtransforms/jars/jtransforms-2.4.0.jar:/home/mgonzalo/.ivy2/cache/com.google.inject/guice/jars/guice-3.0.jar:/home/mgonzalo/.iv
Launcher Type: SUN_STANDARD

Environment Variables:
PATH=/usr/local/sbin:/usr/local/bin:/usr/sbin:/usr/bin:/sbin:/bin:/usr/games:/usr/local/games:/snap/bin
USERNAME=mgonzalo
SHELL=/bin/bash
DISPLAY=:0

Signal Handlers:
SIGSEGV: [libjvm.so+0xaaf3a0], sa_mask[0]=11111111011111111101111111111110, sa_flags=SA_RESTART|SA_SIGINFO
SIGBUS: [libjvm.so+0xaaf3a0], sa_mask[0]=11111111011111111101111111111110, sa_flags=SA_RESTART|SA_SIGINFO
SIGFPE: [libjvm.so+0x8e52e0], sa_mask[0]=11111111011111111101111111111110, sa_flags=SA_RESTART|SA_SIGINFO
SIGPIPE: [libjvm.so+0x8e52e0], sa_mask[0]=11111111011111111101111111111110, sa_flags=SA_RESTART|SA_SIGINFO
SIGXFSZ: [libjvm.so+0x8e52e0], sa_mask[0]=11111111011111111101111111111110, sa_flags=SA_RESTART|SA_SIGINFO
SIGILL: [libjvm.so+0x8e52e0], sa_mask[0]=11111111011111111101111111111110, sa_flags=SA_RESTART|SA_SIGINFO
SIGUSR1: SIG_DFL, sa_mask[0]=00000000000000000000000000000000, sa_flags=none
SIGUSR2: [libjvm.so+0x8e5190], sa_mask[0]=00100000000000000000000000000000, sa_flags=SA_RESTART|SA_SIGINFO
SIGHUP: [libjvm.so+0x8e5640], sa_mask[0]=11111111011111111101111111111110, sa_flags=SA_RESTART|SA_SIGINFO
SIGINT: [libjvm.so+0x8e5640], sa_mask[0]=11111111011111111101111111111110, sa_flags=SA_RESTART|SA_SIGINFO
SIGTERM: [libjvm.so+0x8e5640], sa_mask[0]=11111111011111111101111111111110, sa_flags=SA_RESTART|SA_SIGINFO
SIGQUIT: [libjvm.so+0x8e5640], sa_mask[0]=11111111011111111101111111111110, sa_flags=SA_RESTART|SA_SIGINFO


---------------  S Y S T E M  ---------------

OS:DISTRIB_ID=Ubuntu
DISTRIB_RELEASE=18.04
DISTRIB_CODENAME=bionic
DISTRIB_DESCRIPTION="Ubuntu 18.04.1 LTS"

uname:Linux 4.15.0-33-generic #36-Ubuntu SMP Wed Aug 15 16:00:05 UTC 2018 x86_64
libc:glibc 2.27 NPTL 2.27 
rlimit: STACK 8192k, CORE 0k, NPROC 63453, NOFILE 1048576, AS infinity
load average:0,91 0,66 0,63

/proc/meminfo:
MemTotal:       16316048 kB
MemFree:          245164 kB
MemAvailable:   10641088 kB
Buffers:          937936 kB
Cached:          9263432 kB
SwapCached:            0 kB
Active:          8791628 kB
Inactive:        6063368 kB
Active(anon):    4651920 kB
Inactive(anon):   249920 kB
Active(file):    4139708 kB
Inactive(file):  5813448 kB
Unevictable:          16 kB
Mlocked:              16 kB
SwapTotal:       1003516 kB
SwapFree:        1003516 kB
Dirty:              2572 kB
Writeback:             0 kB
AnonPages:       4653920 kB
Mapped:           847860 kB
Shmem:            254292 kB
Slab:             893576 kB
SReclaimable:     785012 kB
SUnreclaim:       108564 kB
KernelStack:       15696 kB
PageTables:        61164 kB
NFS_Unstable:          0 kB
Bounce:                0 kB
WritebackTmp:          0 kB
CommitLimit:     9161540 kB
Committed_AS:   12563720 kB
VmallocTotal:   34359738367 kB
VmallocUsed:           0 kB
VmallocChunk:          0 kB
HardwareCorrupted:     0 kB
AnonHugePages:         0 kB
ShmemHugePages:        0 kB
ShmemPmdMapped:        0 kB
CmaTotal:              0 kB
CmaFree:               0 kB
HugePages_Total:       0
HugePages_Free:        0
HugePages_Rsvd:        0
HugePages_Surp:        0
Hugepagesize:       2048 kB
DirectMap4k:      463412 kB
DirectMap2M:     9912320 kB
DirectMap1G:     6291456 kB


CPU:total 4 (initial active 4) (4 cores per cpu, 1 threads per core) family 6 model 158 stepping 9, cmov, cx8, fxsr, mmx, sse, sse2, sse3, ssse3, sse4.1, sse4.2, popcnt, avx, avx2, aes, clmul, erms, 3dnowpref, lzcnt, tsc, tscinvbit, bmi1, bmi2, adx

/proc/cpuinfo:
processor	: 0
vendor_id	: GenuineIntel
cpu family	: 6
model		: 158
model name	: Intel(R) Core(TM) i5-7300HQ CPU @ 2.50GHz
stepping	: 9
microcode	: 0x8e
cpu MHz		: 3099.999
cache size	: 6144 KB
physical id	: 0
siblings	: 4
core id		: 0
cpu cores	: 4
apicid		: 0
initial apicid	: 0
fpu		: yes
fpu_exception	: yes
cpuid level	: 22
wp		: yes
flags		: fpu vme de pse tsc msr pae mce cx8 apic sep mtrr pge mca cmov pat pse36 clflush dts acpi mmx fxsr sse sse2 ss ht tm pbe syscall nx pdpe1gb rdtscp lm constant_tsc art arch_perfmon pebs bts rep_good nopl xtopology nonstop_tsc cpuid aperfmperf tsc_known_freq pni pclmulqdq dtes64 monitor ds_cpl vmx est tm2 ssse3 sdbg fma cx16 xtpr pdcm pcid sse4_1 sse4_2 x2apic movbe popcnt tsc_deadline_timer aes xsave avx f16c rdrand lahf_lm abm 3dnowprefetch cpuid_fault invpcid_single pti ssbd ibrs ibpb stibp tpr_shadow vnmi flexpriority ept vpid fsgsbase tsc_adjust bmi1 avx2 smep bmi2 erms invpcid mpx rdseed adx smap clflushopt intel_pt xsaveopt xsavec xgetbv1 xsaves dtherm ida arat pln pts hwp hwp_notify hwp_act_window hwp_epp flush_l1d
bugs		: cpu_meltdown spectre_v1 spectre_v2 spec_store_bypass l1tf
bogomips	: 4992.00
clflush size	: 64
cache_alignment	: 64
address sizes	: 39 bits physical, 48 bits virtual
power management:

processor	: 1
vendor_id	: GenuineIntel
cpu family	: 6
model		: 158
model name	: Intel(R) Core(TM) i5-7300HQ CPU @ 2.50GHz
stepping	: 9
microcode	: 0x8e
cpu MHz		: 3099.999
cache size	: 6144 KB
physical id	: 0
siblings	: 4
core id		: 1
cpu cores	: 4
apicid		: 2
initial apicid	: 2
fpu		: yes
fpu_exception	: yes
cpuid level	: 22
wp		: yes
flags		: fpu vme de pse tsc msr pae mce cx8 apic sep mtrr pge mca cmov pat pse36 clflush dts acpi mmx fxsr sse sse2 ss ht tm pbe syscall nx pdpe1gb rdtscp lm constant_tsc art arch_perfmon pebs bts rep_good nopl xtopology nonstop_tsc cpuid aperfmperf tsc_known_freq pni pclmulqdq dtes64 monitor ds_cpl vmx est tm2 ssse3 sdbg fma cx16 xtpr pdcm pcid sse4_1 sse4_2 x2apic movbe popcnt tsc_deadline_timer aes xsave avx f16c rdrand lahf_lm abm 3dnowprefetch cpuid_fault invpcid_single pti ssbd ibrs ibpb stibp tpr_shadow vnmi flexpriority ept vpid fsgsbase tsc_adjust bmi1 avx2 smep bmi2 erms invpcid mpx rdseed adx smap clflushopt intel_pt xsaveopt xsavec xgetbv1 xsaves dtherm ida arat pln pts hwp hwp_notify hwp_act_window hwp_epp flush_l1d
bugs		: cpu_meltdown spectre_v1 spectre_v2 spec_store_bypass l1tf
bogomips	: 4992.00
clflush size	: 64
cache_alignment	: 64
address sizes	: 39 bits physical, 48 bits virtual
power management:

processor	: 2
vendor_id	: GenuineIntel
cpu family	: 6
model		: 158
model name	: Intel(R) Core(TM) i5-7300HQ CPU @ 2.50GHz
stepping	: 9
microcode	: 0x8e
cpu MHz		: 3100.000
cache size	: 6144 KB
physical id	: 0
siblings	: 4
core id		: 2
cpu cores	: 4
apicid		: 4
initial apicid	: 4
fpu		: yes
fpu_exception	: yes
cpuid level	: 22
wp		: yes
flags		: fpu vme de pse tsc msr pae mce cx8 apic sep mtrr pge mca cmov pat pse36 clflush dts acpi mmx fxsr sse sse2 ss ht tm pbe syscall nx pdpe1gb rdtscp lm constant_tsc art arch_perfmon pebs bts rep_good nopl xtopology nonstop_tsc cpuid aperfmperf tsc_known_freq pni pclmulqdq dtes64 monitor ds_cpl vmx est tm2 ssse3 sdbg fma cx16 xtpr pdcm pcid sse4_1 sse4_2 x2apic movbe popcnt tsc_deadline_timer aes xsave avx f16c rdrand lahf_lm abm 3dnowprefetch cpuid_fault invpcid_single pti ssbd ibrs ibpb stibp tpr_shadow vnmi flexpriority ept vpid fsgsbase tsc_adjust bmi1 avx2 smep bmi2 erms invpcid mpx rdseed adx smap clflushopt intel_pt xsaveopt xsavec xgetbv1 xsaves dtherm ida arat pln pts hwp hwp_notify hwp_act_window hwp_epp flush_l1d
bugs		: cpu_meltdown spectre_v1 spectre_v2 spec_store_bypass l1tf
bogomips	: 4992.00
clflush size	: 64
cache_alignment	: 64
address sizes	: 39 bits physical, 48 bits virtual
power management:

processor	: 3
vendor_id	: GenuineIntel
cpu family	: 6
model		: 158
model name	: Intel(R) Core(TM) i5-7300HQ CPU @ 2.50GHz
stepping	: 9
microcode	: 0x8e
cpu MHz		: 3099.999
cache size	: 6144 KB
physical id	: 0
siblings	: 4
core id		: 3
cpu cores	: 4
apicid		: 6
initial apicid	: 6
fpu		: yes
fpu_exception	: yes
cpuid level	: 22
wp		: yes
flags		: fpu vme de pse tsc msr pae mce cx8 apic sep mtrr pge mca cmov pat pse36 clflush dts acpi mmx fxsr sse sse2 ss ht tm pbe syscall nx pdpe1gb rdtscp lm constant_tsc art arch_perfmon pebs bts rep_good nopl xtopology nonstop_tsc cpuid aperfmperf tsc_known_freq pni pclmulqdq dtes64 monitor ds_cpl vmx est tm2 ssse3 sdbg fma cx16 xtpr pdcm pcid sse4_1 sse4_2 x2apic movbe popcnt tsc_deadline_timer aes xsave avx f16c rdrand lahf_lm abm 3dnowprefetch cpuid_fault invpcid_single pti ssbd ibrs ibpb stibp tpr_shadow vnmi flexpriority ept vpid fsgsbase tsc_adjust bmi1 avx2 smep bmi2 erms invpcid mpx rdseed adx smap clflushopt intel_pt xsaveopt xsavec xgetbv1 xsaves dtherm ida arat pln pts hwp hwp_notify hwp_act_window hwp_epp flush_l1d
bugs		: cpu_meltdown spectre_v1 spectre_v2 spec_store_bypass l1tf
bogomips	: 4992.00
clflush size	: 64
cache_alignment	: 64
address sizes	: 39 bits physical, 48 bits virtual
power management:



Memory: 4k page, physical 16316048k(242280k free), swap 1003516k(1003516k free)

vm_info: OpenJDK 64-Bit Server VM (25.181-b13) for linux-amd64 JRE (1.8.0_181-8u181-b13-0ubuntu0.18.04.1-b13), built on Jul 23 2018 19:14:48 by "buildd" with gcc 7.3.0

time: Sat Dec 15 15:08:30 2018
elapsed time: 0 seconds (0d 0h 0m 0s)

