#
# A fatal error has been detected by the Java Runtime Environment:
#
#  SIGSEGV (0xb) at pc=0x00007fb5c0c3cc8f, pid=10409, tid=0x00007fb5c12ab700
#
# JRE version: OpenJDK Runtime Environment (8.0_181-b13) (build 1.8.0_181-8u181-b13-0ubuntu0.18.04.1-b13)
# Java VM: OpenJDK 64-Bit Server VM (25.181-b13 mixed mode linux-amd64 compressed oops)
# Problematic frame:
# C  [libc.so.6+0x18ec8f]
#
# Failed to write core dump. Core dumps have been disabled. To enable core dumping, try "ulimit -c unlimited" before starting Java again
#
# If you would like to submit a bug report, please visit:
#   http://bugreport.java.com/bugreport/crash.jsp
# The crash happened outside the Java Virtual Machine in native code.
# See problematic frame for where to report the bug.
#

---------------  T H R E A D  ---------------

Current thread (0x00007fb5b8014000):  JavaThread "main" [_thread_in_native, id=10412, stack(0x00007fb5c11ac000,0x00007fb5c12ac000)]

siginfo: si_signo: 11 (SIGSEGV), si_code: 2 (SEGV_ACCERR), si_addr: 0x00007fb545e00000

Registers:
RAX=0x00007fb4ce023010, RBX=0x00007fb5b97dca80, RCX=0x00007fb545dffa70, RDX=0x00000000739dcaf0
RSP=0x00007fb5c12a97c8, RBP=0x00007fb5c12a9800, RSI=0x00007fb545dfff90, RDI=0x00007fb4d2422fa0
R8 =0xfffffffffffffff0, R9 =0x0000000000000000, R10=0x00007fb545dffa90, R11=0x00007fb4ce023010
R12=0x00007fb4ce023010, R13=0x00007fb5b97c3120, R14=0x00007fb5c12a9bf8, R15=0x00007fb5b8014000
RIP=0x00007fb5c0c3cc8f, EFLAGS=0x0000000000010202, CSGSFS=0x002b000000000033, ERR=0x0000000000000004
  TRAPNO=0x000000000000000e

Top of Stack: (sp=0x00007fb5c12a97c8)
0x00007fb5c12a97c8:   00007fb5918b0031 0000000000000000
0x00007fb5c12a97d8:   00007fb4ce023010 00007fb5b97dca80
0x00007fb5c12a97e8:   00007fb541a00000 00007fb5b97dca80
0x00007fb5c12a97f8:   000000001df772a0 00007fb5c12a9840
0x00007fb5c12a9808:   00007fb5918ae8e4 00007fb5b97dca80
0x00007fb5c12a9818:   00007fb4ce023010 00007fb5b97dca80
0x00007fb5c12a9828:   00007fb541a00000 00007fb5b97dca80
0x00007fb5c12a9838:   01007fb5b8b8dd40 00007fb5c12a9880
0x00007fb5c12a9848:   00007fb5918b1447 00007fb5b8014000
0x00007fb5c12a9858:   00007fb4ce023010 00007fb5b97dca80
0x00007fb5c12a9868:   00007fb541a00000 00007fb5b97dca80
0x00007fb5c12a9878:   00007fb5b97dca80 00007fb5c12a98c0
0x00007fb5c12a9888:   00007fb5918b0e0f 00007fb5b97c3120
0x00007fb5c12a9898:   00007fb4ce023010 00007fb5b97dca80
0x00007fb5c12a98a8:   00007fb541a00000 00007fb4ce023010
0x00007fb5c12a98b8:   00007fb4ce023010 00007fb5c12a98f0
0x00007fb5c12a98c8:   00007fb5918affdf 000000001df772a0
0x00007fb5c12a98d8:   00007fb4ce023010 00007fb5b97dca80
0x00007fb5c12a98e8:   00007fb541a00000 00007fb5c12a9930
0x00007fb5c12a98f8:   00007fb5918ae896 00007fb5c12a9920
0x00007fb5c12a9908:   00007fb4ce023010 00007fb5b97dca80
0x00007fb5c12a9918:   00007fb541a00000 00007fb4ce023010
0x00007fb5c12a9928:   01007fb5b8b8dd40 00007fb5c12a9960
0x00007fb5c12a9938:   00007fb5918acccc 00007fb5b97c3120
0x00007fb5c12a9948:   00007fb4ce023010 00007fb5b97dca80
0x00007fb5c12a9958:   00007fb541a00000 00007fb5c12a99b0
0x00007fb5c12a9968:   00007fb5918af20b 00007fb5b97dca90
0x00007fb5c12a9978:   00007fb5b97c3120 00007fb5a9061220
0x00007fb5c12a9988:   c88734ce645ace00 00007fb5c12a98f0
0x00007fb5c12a9998:   00007fb5b97c3120 00007fb5b97c3120
0x00007fb5c12a99a8:   00007fb5b97dca90 00007fb5c12a99d0
0x00007fb5c12a99b8:   00007fb5918ad8ff 00007fb5b97dca90 

Instructions: (pc=0x00007fb5c0c3cc8f)
0x00007fb5c0c3cc6f:   29 c7 4c 01 c2 48 3b 15 fd 19 26 00 0f 87 07 01
0x00007fb5c0c3cc7f:   00 00 c5 fe 6f 06 c5 fe 6f 4e 20 c5 fe 6f 56 40
0x00007fb5c0c3cc8f:   c5 fe 6f 5e 60 48 81 c6 80 00 00 00 48 81 ea 80
0x00007fb5c0c3cc9f:   00 00 00 c5 fd 7f 07 c5 fd 7f 4f 20 c5 fd 7f 57 

Register to memory mapping:

RAX=0x00007fb4ce023010 is an unknown value
RBX=0x00007fb5b97dca80 is an unknown value
RCX=0x00007fb545dffa70 is an unknown value
RDX=0x00000000739dcaf0 is an unknown value
RSP=0x00007fb5c12a97c8 is pointing into the stack for thread: 0x00007fb5b8014000
RBP=0x00007fb5c12a9800 is pointing into the stack for thread: 0x00007fb5b8014000
RSI=0x00007fb545dfff90 is an unknown value
RDI=0x00007fb4d2422fa0 is an unknown value
R8 =0xfffffffffffffff0 is an unknown value
R9 =0x0000000000000000 is an unknown value
R10=0x00007fb545dffa90 is an unknown value
R11=0x00007fb4ce023010 is an unknown value
R12=0x00007fb4ce023010 is an unknown value
R13=0x00007fb5b97c3120 is an unknown value
R14=0x00007fb5c12a9bf8 is pointing into the stack for thread: 0x00007fb5b8014000
R15=0x00007fb5b8014000 is a thread


Stack: [0x00007fb5c11ac000,0x00007fb5c12ac000],  sp=0x00007fb5c12a97c8,  free space=1013k
Native frames: (J=compiled Java code, j=interpreted, Vv=VM code, C=native code)
C  [libc.so.6+0x18ec8f]
C  [libJOgmaNeo.so+0x3e8e4]  float* std::__copy_move_a<false, float const*, float*>(float const*, float const*, float*)+0x2f
C  [libJOgmaNeo.so+0x41447]  float* std::__copy_move_a2<false, __gnu_cxx::__normal_iterator<float const*, std::vector<float, std::allocator<float> > >, float*>(__gnu_cxx::__normal_iterator<float const*, std::vector<float, std::allocator<float> > >, __gnu_cxx::__normal_iterator<float const*, std::vector<float, std::allocator<float> > >, float*)+0x4f
C  [libJOgmaNeo.so+0x40e0f]  float* std::copy<__gnu_cxx::__normal_iterator<float const*, std::vector<float, std::allocator<float> > >, float*>(__gnu_cxx::__normal_iterator<float const*, std::vector<float, std::allocator<float> > >, __gnu_cxx::__normal_iterator<float const*, std::vector<float, std::allocator<float> > >, float*)+0x45
C  [libJOgmaNeo.so+0x3ffdf]  float* std::__uninitialized_copy<true>::__uninit_copy<__gnu_cxx::__normal_iterator<float const*, std::vector<float, std::allocator<float> > >, float*>(__gnu_cxx::__normal_iterator<float const*, std::vector<float, std::allocator<float> > >, __gnu_cxx::__normal_iterator<float const*, std::vector<float, std::allocator<float> > >, float*)+0x2b
C  [libJOgmaNeo.so+0x3e896]  float* std::uninitialized_copy<__gnu_cxx::__normal_iterator<float const*, std::vector<float, std::allocator<float> > >, float*>(__gnu_cxx::__normal_iterator<float const*, std::vector<float, std::allocator<float> > >, __gnu_cxx::__normal_iterator<float const*, std::vector<float, std::allocator<float> > >, float*)+0x2f
C  [libJOgmaNeo.so+0x3cccc]  float* std::__uninitialized_copy_a<__gnu_cxx::__normal_iterator<float const*, std::vector<float, std::allocator<float> > >, float*, float>(__gnu_cxx::__normal_iterator<float const*, std::vector<float, std::allocator<float> > >, __gnu_cxx::__normal_iterator<float const*, std::vector<float, std::allocator<float> > >, float*, std::allocator<float>&)+0x2f
C  [libJOgmaNeo.so+0x3f20b]  std::vector<float, std::allocator<float> >::vector(std::vector<float, std::allocator<float> > const&)+0xb5
C  [libJOgmaNeo.so+0x3d8ff]  ogmaneo::ValueField2D::ValueField2D(ogmaneo::ValueField2D const&)+0x23
C  [libJOgmaNeo.so+0x3d95e]  void __gnu_cxx::new_allocator<ogmaneo::ValueField2D>::construct<ogmaneo::ValueField2D, ogmaneo::ValueField2D const&>(ogmaneo::ValueField2D*, ogmaneo::ValueField2D const&)+0x4c
C  [libJOgmaNeo.so+0x3bc5f]  void std::allocator_traits<std::allocator<ogmaneo::ValueField2D> >::construct<ogmaneo::ValueField2D, ogmaneo::ValueField2D const&>(std::allocator<ogmaneo::ValueField2D>&, ogmaneo::ValueField2D*, ogmaneo::ValueField2D const&)+0x36
C  [libJOgmaNeo.so+0x3bd6a]  void std::vector<ogmaneo::ValueField2D, std::allocator<ogmaneo::ValueField2D> >::_M_realloc_insert<ogmaneo::ValueField2D const&>(__gnu_cxx::__normal_iterator<ogmaneo::ValueField2D*, std::vector<ogmaneo::ValueField2D, std::allocator<ogmaneo::ValueField2D> > >, ogmaneo::ValueField2D const&)+0xbc
C  [libJOgmaNeo.so+0x3a0e4]  std::vector<ogmaneo::ValueField2D, std::allocator<ogmaneo::ValueField2D> >::push_back(ogmaneo::ValueField2D const&)+0x78
C  [libJOgmaNeo.so+0x31bd7]  Java_com_ogmacorp_ogmaneo_jogmaneoJNI_vectorvf_1add+0x7a
j  com.ogmacorp.ogmaneo.jogmaneoJNI.vectorvf_add(JLcom/ogmacorp/ogmaneo/vectorvf;JLcom/ogmacorp/ogmaneo/ValueField2D;)V+0
j  com.ogmacorp.ogmaneo.vectorvf.add(Lcom/ogmacorp/ogmaneo/ValueField2D;)V+10
j  model.FeynmanMachine$$anonfun$2.apply$mcVI$sp(I)V+15
j  scala.collection.immutable.Range.foreach$mVc$sp(Lscala/Function1;)V+15
j  model.FeynmanMachine$.<init>()V+300
j  model.FeynmanMachine$.<clinit>()V+3
v  ~StubRoutines::call_stub
V  [libjvm.so+0x67f7bb]
V  [libjvm.so+0x638e7f]
V  [libjvm.so+0x639210]
V  [libjvm.so+0x639690]
V  [libjvm.so+0x7ac6f9]
V  [libjvm.so+0x7acd99]
V  [libjvm.so+0x670ca3]
j  body.Main$.delayedEndpoint$body$Main$1()V+1
j  body.Main$delayedInit$body.apply()Ljava/lang/Object;+4
j  scala.Function0$class.apply$mcV$sp(Lscala/Function0;)V+1
j  scala.runtime.AbstractFunction0.apply$mcV$sp()V+1
j  scala.App$$anonfun$main$1.apply(Lscala/Function0;)V+1
j  scala.App$$anonfun$main$1.apply(Ljava/lang/Object;)Ljava/lang/Object;+5
j  scala.collection.immutable.List.foreach(Lscala/Function1;)V+15
j  scala.collection.generic.TraversableForwarder$class.foreach(Lscala/collection/generic/TraversableForwarder;Lscala/Function1;)V+7
j  scala.App$class.main(Lscala/App;[Ljava/lang/String;)V+21
j  body.Main$.main([Ljava/lang/String;)V+2
j  body.Main.main([Ljava/lang/String;)V+4
v  ~StubRoutines::call_stub
V  [libjvm.so+0x67f7bb]
V  [libjvm.so+0x6a39c7]
V  [libjvm.so+0x6a6383]
C  [libjli.so+0x36d6]
C  [libjli.so+0x77ad]
C  [libpthread.so.0+0x76db]  start_thread+0xdb

Java frames: (J=compiled Java code, j=interpreted, Vv=VM code)
j  com.ogmacorp.ogmaneo.jogmaneoJNI.vectorvf_add(JLcom/ogmacorp/ogmaneo/vectorvf;JLcom/ogmacorp/ogmaneo/ValueField2D;)V+0
j  com.ogmacorp.ogmaneo.vectorvf.add(Lcom/ogmacorp/ogmaneo/ValueField2D;)V+10
j  model.FeynmanMachine$$anonfun$2.apply$mcVI$sp(I)V+15
j  scala.collection.immutable.Range.foreach$mVc$sp(Lscala/Function1;)V+15
j  model.FeynmanMachine$.<init>()V+300
j  model.FeynmanMachine$.<clinit>()V+3
v  ~StubRoutines::call_stub
j  body.Main$.delayedEndpoint$body$Main$1()V+1
j  body.Main$delayedInit$body.apply()Ljava/lang/Object;+4
j  scala.Function0$class.apply$mcV$sp(Lscala/Function0;)V+1
j  scala.runtime.AbstractFunction0.apply$mcV$sp()V+1
j  scala.App$$anonfun$main$1.apply(Lscala/Function0;)V+1
j  scala.App$$anonfun$main$1.apply(Ljava/lang/Object;)Ljava/lang/Object;+5
j  scala.collection.immutable.List.foreach(Lscala/Function1;)V+15
j  scala.collection.generic.TraversableForwarder$class.foreach(Lscala/collection/generic/TraversableForwarder;Lscala/Function1;)V+7
j  scala.App$class.main(Lscala/App;[Ljava/lang/String;)V+21
j  body.Main$.main([Ljava/lang/String;)V+2
j  body.Main.main([Ljava/lang/String;)V+4
v  ~StubRoutines::call_stub

---------------  P R O C E S S  ---------------

Java Threads: ( => current thread )
  0x00007fb5b8a94800 JavaThread "Service Thread" daemon [_thread_blocked, id=10430, stack(0x00007fb591bc1000,0x00007fb591cc2000)]
  0x00007fb5b8a91800 JavaThread "C1 CompilerThread2" daemon [_thread_blocked, id=10429, stack(0x00007fb591cc3000,0x00007fb591dc3000)]
  0x00007fb5b8a90000 JavaThread "C2 CompilerThread1" daemon [_thread_blocked, id=10428, stack(0x00007fb591dc4000,0x00007fb591ec4000)]
  0x00007fb5b8a8d800 JavaThread "C2 CompilerThread0" daemon [_thread_blocked, id=10426, stack(0x00007fb5920dd000,0x00007fb5921dd000)]
  0x00007fb5b8a8c000 JavaThread "Monitor Ctrl-Break" daemon [_thread_in_native, id=10425, stack(0x00007fb5921dd000,0x00007fb5922de000)]
  0x00007fb5b8187800 JavaThread "Signal Dispatcher" daemon [_thread_blocked, id=10424, stack(0x00007fb592b9d000,0x00007fb592c9e000)]
  0x00007fb5b8155000 JavaThread "Finalizer" daemon [_thread_blocked, id=10423, stack(0x00007fb5931f2000,0x00007fb5932f3000)]
  0x00007fb5b8150800 JavaThread "Reference Handler" daemon [_thread_blocked, id=10422, stack(0x00007fb5932f3000,0x00007fb5933f4000)]
=>0x00007fb5b8014000 JavaThread "main" [_thread_in_native, id=10412, stack(0x00007fb5c11ac000,0x00007fb5c12ac000)]

Other Threads:
  0x00007fb5b8149000 VMThread [stack: 0x00007fb5933f5000,0x00007fb5934f5000] [id=10421]
  0x00007fb5b8a97000 WatcherThread [stack: 0x00007fb591ac1000,0x00007fb591bc1000] [id=10431]

VM state:not at safepoint (normal execution)

VM Mutex/Monitor currently owned by a thread: None

Heap:
 PSYoungGen      total 74752K, used 21988K [0x000000076d000000, 0x0000000772300000, 0x00000007c0000000)
  eden space 64512K, 34% used [0x000000076d000000,0x000000076e5792d0,0x0000000770f00000)
  from space 10240K, 0% used [0x0000000771900000,0x0000000771900000,0x0000000772300000)
  to   space 10240K, 0% used [0x0000000770f00000,0x0000000770f00000,0x0000000771900000)
 ParOldGen       total 171008K, used 0K [0x00000006c7000000, 0x00000006d1700000, 0x000000076d000000)
  object space 171008K, 0% used [0x00000006c7000000,0x00000006c7000000,0x00000006d1700000)
 Metaspace       used 5777K, capacity 6712K, committed 7040K, reserved 1056768K
  class space    used 777K, capacity 808K, committed 896K, reserved 1048576K

Card table byte_map: [0x00007fb5bcd80000,0x00007fb5bd549000] byte_map_base: 0x00007fb5b9748000

Marking Bits: (ParMarkBitMap*) 0x00007fb5c04511c0
 Begin Bits: [0x00007fb5a1380000, 0x00007fb5a51c0000)
 End Bits:   [0x00007fb5a51c0000, 0x00007fb5a9000000)

Polling page: 0x00007fb5c12cd000

CodeCache: size=245760Kb used=1989Kb max_used=1989Kb free=243770Kb
 bounds [0x00007fb5a9000000, 0x00007fb5a9270000, 0x00007fb5b8000000]
 total_blobs=595 nmethods=319 adapters=191
 compilation: enabled

Compilation events (10 events):
Event: 0,673 Thread 0x00007fb5b8a91800  315       3       sun.net.www.protocol.file.Handler::hostsEqual (69 bytes)
Event: 0,673 Thread 0x00007fb5b8a91800 nmethod 315 0x00007fb5a91eb810 code [0x00007fb5a91eb9e0, 0x00007fb5a91ec148]
Event: 0,673 Thread 0x00007fb5b8a91800  316       3       java.net.URLStreamHandler::hostsEqual (75 bytes)
Event: 0,673 Thread 0x00007fb5b8a91800 nmethod 316 0x00007fb5a91ec2d0 code [0x00007fb5a91ec4a0, 0x00007fb5a91ece18]
Event: 0,673 Thread 0x00007fb5b8a91800  317       3       java.security.CodeSource::matchCerts (254 bytes)
Event: 0,674 Thread 0x00007fb5b8a91800 nmethod 317 0x00007fb5a91ed010 code [0x00007fb5a91ed220, 0x00007fb5a91eddb8]
Event: 0,674 Thread 0x00007fb5b8a91800  318       3       sun.net.www.protocol.jar.Handler::indexOfBangSlash (52 bytes)
Event: 0,674 Thread 0x00007fb5b8a91800 nmethod 318 0x00007fb5a91ee310 code [0x00007fb5a91ee4c0, 0x00007fb5a91eeb98]
Event: 0,674 Thread 0x00007fb5b8a91800  319       3       sun.net.www.ParseUtil::canonizeString (195 bytes)
Event: 0,675 Thread 0x00007fb5b8a91800 nmethod 319 0x00007fb5a91eee10 code [0x00007fb5a91ef1e0, 0x00007fb5a91f1628]

GC Heap History (0 events):
No events

Deoptimization events (0 events):
No events

Classes redefined (0 events):
No events

Internal exceptions (10 events):
Event: 0,021 Thread 0x00007fb5b8014000 Exception <a 'java/lang/NoSuchMethodError': Method sun.misc.Unsafe.prefetchRead(Ljava/lang/Object;J)V name or signature does not match> (0x000000076d007f98) thrown at [/build/openjdk-8-8iINie/openjdk-8-8u181-b13/src/hotspot/src/share/vm/prims/jni.cpp, lin
Event: 0,061 Thread 0x00007fb5b8014000 Exception <a 'java/util/zip/ZipException'> (0x000000076d0f7570) thrown at [/build/openjdk-8-8iINie/openjdk-8-8u181-b13/src/hotspot/src/share/vm/prims/jni.cpp, line 709]
Event: 0,061 Thread 0x00007fb5b8014000 Exception <a 'java/security/PrivilegedActionException'> (0x000000076d0f7ca8) thrown at [/build/openjdk-8-8iINie/openjdk-8-8u181-b13/src/hotspot/src/share/vm/prims/jvm.cpp, line 1435]
Event: 0,061 Thread 0x00007fb5b8014000 Exception <a 'java/security/PrivilegedActionException'> (0x000000076d0f7eb8) thrown at [/build/openjdk-8-8iINie/openjdk-8-8u181-b13/src/hotspot/src/share/vm/prims/jvm.cpp, line 1435]
Event: 0,255 Thread 0x00007fb5b8014000 Exception <a 'java/security/PrivilegedActionException'> (0x000000076dc35e10) thrown at [/build/openjdk-8-8iINie/openjdk-8-8u181-b13/src/hotspot/src/share/vm/prims/jvm.cpp, line 1435]
Event: 0,255 Thread 0x00007fb5b8014000 Exception <a 'java/security/PrivilegedActionException'> (0x000000076dc36020) thrown at [/build/openjdk-8-8iINie/openjdk-8-8u181-b13/src/hotspot/src/share/vm/prims/jvm.cpp, line 1435]
Event: 0,255 Thread 0x00007fb5b8014000 Exception <a 'java/security/PrivilegedActionException'> (0x000000076dc38290) thrown at [/build/openjdk-8-8iINie/openjdk-8-8u181-b13/src/hotspot/src/share/vm/prims/jvm.cpp, line 1435]
Event: 0,255 Thread 0x00007fb5b8014000 Exception <a 'java/security/PrivilegedActionException'> (0x000000076dc384a0) thrown at [/build/openjdk-8-8iINie/openjdk-8-8u181-b13/src/hotspot/src/share/vm/prims/jvm.cpp, line 1435]
Event: 0,255 Thread 0x00007fb5b8014000 Exception <a 'java/security/PrivilegedActionException'> (0x000000076dc39160) thrown at [/build/openjdk-8-8iINie/openjdk-8-8u181-b13/src/hotspot/src/share/vm/prims/jvm.cpp, line 1435]
Event: 0,255 Thread 0x00007fb5b8014000 Exception <a 'java/security/PrivilegedActionException'> (0x000000076dc39370) thrown at [/build/openjdk-8-8iINie/openjdk-8-8u181-b13/src/hotspot/src/share/vm/prims/jvm.cpp, line 1435]

Events (10 events):
Event: 0,673 loading class scala/Function1$mcVI$sp
Event: 0,673 loading class scala/Function1$mcVI$sp done
Event: 0,673 loading class scala/Function1$mcVI$sp$class
Event: 0,673 loading class scala/Function1$mcVI$sp$class done
Event: 0,673 loading class model/FeynmanMachine$$anonfun$1$$anonfun$apply$mcVI$sp$1
Event: 0,673 loading class model/FeynmanMachine$$anonfun$1$$anonfun$apply$mcVI$sp$1 done
Event: 0,681 loading class model/FeynmanMachine$$anonfun$2
Event: 0,681 loading class model/FeynmanMachine$$anonfun$2 done
Event: 0,682 loading class com/ogmacorp/ogmaneo/vectorvf
Event: 0,682 loading class com/ogmacorp/ogmaneo/vectorvf done


Dynamic libraries:
200000000-200200000 rw-s 00000000 00:06 468                              /dev/nvidiactl
200200000-200400000 ---p 00000000 00:00 0 
200400000-200404000 rw-s 00000000 00:06 468                              /dev/nvidiactl
200404000-200600000 ---p 00000000 00:00 0 
200600000-200a00000 rw-s 00000000 00:06 468                              /dev/nvidiactl
200a00000-200e00000 ---p 00000000 00:00 0 
200e00000-200e04000 rw-s 00000000 00:06 468                              /dev/nvidiactl
200e04000-201000000 ---p 00000000 00:00 0 
201000000-201400000 rw-s 00000000 00:06 468                              /dev/nvidiactl
201400000-201800000 ---p 00000000 00:00 0 
201800000-201804000 rw-s 00000000 00:06 468                              /dev/nvidiactl
201804000-201a00000 ---p 00000000 00:00 0 
201a00000-201e00000 rw-s 00000000 00:06 468                              /dev/nvidiactl
201e00000-202200000 ---p 00000000 00:00 0 
202200000-202204000 rw-s 00000000 00:06 468                              /dev/nvidiactl
202204000-202400000 ---p 00000000 00:00 0 
202400000-202800000 rw-s 00000000 00:06 468                              /dev/nvidiactl
202800000-202c00000 ---p 00000000 00:00 0 
202c00000-202c04000 rw-s 00000000 00:06 468                              /dev/nvidiactl
202c04000-202e00000 ---p 00000000 00:00 0 
202e00000-203200000 rw-s 00000000 00:06 468                              /dev/nvidiactl
203200000-203600000 ---p 00000000 00:00 0 
203600000-203604000 rw-s 00000000 00:06 468                              /dev/nvidiactl
203604000-203800000 ---p 00000000 00:00 0 
203800000-203c00000 rw-s 00000000 00:06 468                              /dev/nvidiactl
203c00000-204000000 ---p 00000000 00:00 0 
204000000-204004000 rw-s 00000000 00:06 468                              /dev/nvidiactl
204004000-204200000 ---p 00000000 00:00 0 
204200000-204600000 rw-s 00000000 00:06 468                              /dev/nvidiactl
204600000-204a00000 ---p 00000000 00:00 0 
204a00000-204a04000 rw-s 00000000 00:06 468                              /dev/nvidiactl
204a04000-204c00000 ---p 00000000 00:00 0 
204c00000-205000000 rw-s 00000000 00:06 468                              /dev/nvidiactl
205000000-205400000 ---p 00000000 00:00 0 
205400000-205404000 rw-s 00000000 00:06 468                              /dev/nvidiactl
205404000-205600000 ---p 00000000 00:00 0 
205600000-205a00000 rw-s 00000000 00:06 468                              /dev/nvidiactl
205a00000-205a04000 rw-s 00000000 00:06 468                              /dev/nvidiactl
205a04000-205c00000 ---p 00000000 00:00 0 
205c00000-206000000 rw-s 00000000 00:06 468                              /dev/nvidiactl
206000000-206004000 rw-s 00000000 00:06 468                              /dev/nvidiactl
206004000-206200000 ---p 00000000 00:00 0 
206200000-206600000 rw-s 00000000 00:06 468                              /dev/nvidiactl
206600000-206604000 rw-s 00000000 00:06 468                              /dev/nvidiactl
206604000-206800000 ---p 00000000 00:00 0 
206800000-206c00000 rw-s 00000000 00:06 468                              /dev/nvidiactl
206c00000-206c04000 rw-s 00000000 00:06 468                              /dev/nvidiactl
206c04000-206e00000 ---p 00000000 00:00 0 
206e00000-207200000 rw-s 00000000 00:06 468                              /dev/nvidiactl
207200000-207204000 rw-s 00000000 00:06 468                              /dev/nvidiactl
207204000-207400000 ---p 00000000 00:00 0 
207400000-207800000 rw-s 00000000 00:06 468                              /dev/nvidiactl
207800000-207804000 rw-s 00000000 00:06 468                              /dev/nvidiactl
207804000-207a00000 ---p 00000000 00:00 0 
207a00000-207e00000 rw-s 00000000 00:06 468                              /dev/nvidiactl
207e00000-207e04000 rw-s 00000000 00:06 468                              /dev/nvidiactl
207e04000-208000000 ---p 00000000 00:00 0 
208000000-208400000 rw-s 00000000 00:06 468                              /dev/nvidiactl
208400000-208600000 ---p 00000000 00:00 0 
208600000-208800000 rw-s 00000000 00:06 468                              /dev/nvidiactl
208800000-300200000 ---p 00000000 00:00 0 
6c7000000-6d1700000 rw-p 00000000 00:00 0 
6d1700000-76d000000 ---p 00000000 00:00 0 
76d000000-772300000 rw-p 00000000 00:00 0 
772300000-7c0000000 ---p 00000000 00:00 0 
7c0000000-7c00e0000 rw-p 00000000 00:00 0 
7c00e0000-800000000 ---p 00000000 00:00 0 
10000000000-10200200000 ---p 00000000 00:00 0 
5560dfc4c000-5560dfc4d000 r-xp 00000000 fd:01 655592                     /usr/lib/jvm/java-8-openjdk-amd64/jre/bin/java
5560dfe4c000-5560dfe4d000 r--p 00000000 fd:01 655592                     /usr/lib/jvm/java-8-openjdk-amd64/jre/bin/java
5560dfe4d000-5560dfe4e000 rw-p 00001000 fd:01 655592                     /usr/lib/jvm/java-8-openjdk-amd64/jre/bin/java
5560e0096000-5560e00b7000 rw-p 00000000 00:00 0                          [heap]
7fb4ce023000-7fb545e00000 rw-p 00000000 00:00 0 
7fb545e00000-7fb548000000 ---p 00000000 00:00 0 
7fb54804a000-7fb5496f9000 r-xp 00000000 fd:01 5787662                    /usr/lib/x86_64-linux-gnu/libnvidia-compiler.so.390.48
7fb5496f9000-7fb5498f8000 ---p 016af000 fd:01 5787662                    /usr/lib/x86_64-linux-gnu/libnvidia-compiler.so.390.48
7fb5498f8000-7fb54afce000 rw-p 016ae000 fd:01 5787662                    /usr/lib/x86_64-linux-gnu/libnvidia-compiler.so.390.48
7fb54afce000-7fb54affe000 rw-p 00000000 00:00 0 
7fb54affe000-7fb54afff000 ---p 00000000 00:00 0 
7fb54afff000-7fb54b7ff000 rw-p 00000000 00:00 0 
7fb54b7ff000-7fb54b800000 ---p 00000000 00:00 0 
7fb54b800000-7fb54c000000 rw-p 00000000 00:00 0 
7fb54c000000-7fb54c021000 rw-p 00000000 00:00 0 
7fb54c021000-7fb550000000 ---p 00000000 00:00 0 
7fb550200000-7fb550400000 ---p 00000000 00:00 0 
7fb5505fd000-7fb5505fe000 ---p 00000000 00:00 0 
7fb5505fe000-7fb550dfe000 rw-p 00000000 00:00 0 
7fb550dfe000-7fb550dff000 ---p 00000000 00:00 0 
7fb550dff000-7fb5515ff000 rw-p 00000000 00:00 0 
7fb5515ff000-7fb551600000 ---p 00000000 00:00 0 
7fb551600000-7fb551e00000 rw-p 00000000 00:00 0 
7fb551e00000-7fb553600000 ---p 00000000 00:00 0 
7fb553600000-7fb5538d6000 rw-s 00000000 00:06 468                        /dev/nvidiactl
7fb5538d6000-7fb553a00000 ---p 00000000 00:00 0 
7fb553bcd000-7fb553e00000 rw-p 00000000 00:00 0 
7fb553e00000-7fb554000000 rw-s 00000000 00:06 468                        /dev/nvidiactl
7fb554000000-7fb554021000 rw-p 00000000 00:00 0 
7fb554021000-7fb558000000 ---p 00000000 00:00 0 
7fb558200000-7fb558400000 rw-s 00000000 00:05 435502                     /dev/zero (deleted)
7fb558400000-7fb558600000 rw-s 00000000 00:06 468                        /dev/nvidiactl
7fb558600000-7fb558800000 rw-s 00000000 00:05 438156                     /dev/zero (deleted)
7fb558800000-7fb558a00000 ---p 00000000 00:00 0 
7fb558bff000-7fb558c00000 ---p 00000000 00:00 0 
7fb558c00000-7fb559400000 rw-p 00000000 00:00 0 
7fb559400000-7fb559600000 ---p 00000000 00:00 0 
7fb55961d000-7fb5597ff000 rw-p 00000000 00:00 0 
7fb5597ff000-7fb559800000 ---p 00000000 00:00 0 
7fb559800000-7fb55a000000 rw-p 00000000 00:00 0 
7fb55a000000-7fb560000000 ---p 00000000 00:00 0 
7fb560000000-7fb560021000 rw-p 00000000 00:00 0 
7fb560021000-7fb564000000 ---p 00000000 00:00 0 
7fb564000000-7fb564021000 rw-p 00000000 00:00 0 
7fb564021000-7fb568000000 ---p 00000000 00:00 0 
7fb568000000-7fb5682ce000 rw-p 00000000 00:00 0 
7fb5682ce000-7fb56c000000 ---p 00000000 00:00 0 
7fb56c000000-7fb56c0d8000 rw-p 00000000 00:00 0 
7fb56c0d8000-7fb570000000 ---p 00000000 00:00 0 
7fb570000000-7fb5701fb000 rw-p 00000000 00:00 0 
7fb5701fb000-7fb574000000 ---p 00000000 00:00 0 
7fb57401e000-7fb574200000 rw-p 00000000 00:00 0 
7fb574200000-7fb574400000 ---p 00000000 00:00 0 
7fb57445f000-7fb574ca1000 r-xp 00000000 fd:01 5787661                    /usr/lib/x86_64-linux-gnu/libcuda.so.390.48
7fb574ca1000-7fb574ea0000 ---p 00842000 fd:01 5787661                    /usr/lib/x86_64-linux-gnu/libcuda.so.390.48
7fb574ea0000-7fb574ff1000 rw-p 00841000 fd:01 5787661                    /usr/lib/x86_64-linux-gnu/libcuda.so.390.48
7fb574ff1000-7fb578000000 rw-p 00000000 00:00 0 
7fb578000000-7fb578021000 rw-p 00000000 00:00 0 
7fb578021000-7fb57c000000 ---p 00000000 00:00 0 
7fb57c000000-7fb57c021000 rw-p 00000000 00:00 0 
7fb57c021000-7fb580000000 ---p 00000000 00:00 0 
7fb580000000-7fb580021000 rw-p 00000000 00:00 0 
7fb580021000-7fb584000000 ---p 00000000 00:00 0 
7fb584000000-7fb584021000 rw-p 00000000 00:00 0 
7fb584021000-7fb588000000 ---p 00000000 00:00 0 
7fb588000000-7fb588021000 rw-p 00000000 00:00 0 
7fb588021000-7fb58c000000 ---p 00000000 00:00 0 
7fb58c000000-7fb58c021000 rw-p 00000000 00:00 0 
7fb58c021000-7fb590000000 ---p 00000000 00:00 0 
7fb59000e000-7fb590015000 r--s 00000000 fd:01 5769690                    /usr/lib/x86_64-linux-gnu/gconv/gconv-modules.cache
7fb590015000-7fb590039000 r--p 00000000 fd:01 7210857                    /usr/share/locale-langpack/es/LC_MESSAGES/libc.mo
7fb590039000-7fb590076000 r-xp 00000000 fd:01 5787663                    /usr/lib/x86_64-linux-gnu/libnvidia-fatbinaryloader.so.390.48
7fb590076000-7fb590275000 ---p 0003d000 fd:01 5787663                    /usr/lib/x86_64-linux-gnu/libnvidia-fatbinaryloader.so.390.48
7fb590275000-7fb590280000 rw-p 0003c000 fd:01 5787663                    /usr/lib/x86_64-linux-gnu/libnvidia-fatbinaryloader.so.390.48
7fb590280000-7fb590285000 rw-p 00000000 00:00 0 
7fb590285000-7fb591052000 r-xp 00000000 fd:01 5787665                    /usr/lib/x86_64-linux-gnu/libnvidia-opencl.so.390.48
7fb591052000-7fb591252000 ---p 00dcd000 fd:01 5787665                    /usr/lib/x86_64-linux-gnu/libnvidia-opencl.so.390.48
7fb591252000-7fb5913a8000 rw-p 00dcd000 fd:01 5787665                    /usr/lib/x86_64-linux-gnu/libnvidia-opencl.so.390.48
7fb5913a8000-7fb5913b6000 rw-p 00000000 00:00 0 
7fb5913b6000-7fb59143b000 r-xp 00000000 fd:01 5266102                    /home/mgonzalo/Escritorio/research/OgmaNeo/install/lib/libOgmaNeo.so
7fb59143b000-7fb59163a000 ---p 00085000 fd:01 5266102                    /home/mgonzalo/Escritorio/research/OgmaNeo/install/lib/libOgmaNeo.so
7fb59163a000-7fb59163b000 r--p 00084000 fd:01 5266102                    /home/mgonzalo/Escritorio/research/OgmaNeo/install/lib/libOgmaNeo.so
7fb59163b000-7fb59163c000 rw-p 00085000 fd:01 5266102                    /home/mgonzalo/Escritorio/research/OgmaNeo/install/lib/libOgmaNeo.so
7fb59163c000-7fb591645000 rw-p 00000000 00:00 0 
7fb591645000-7fb59164e000 r-xp 00000000 fd:01 5815082                    /usr/lib/x86_64-linux-gnu/libOpenCL.so.1.0.0
7fb59164e000-7fb59184e000 ---p 00009000 fd:01 5815082                    /usr/lib/x86_64-linux-gnu/libOpenCL.so.1.0.0
7fb59184e000-7fb59184f000 r--p 00009000 fd:01 5815082                    /usr/lib/x86_64-linux-gnu/libOpenCL.so.1.0.0
7fb59184f000-7fb591850000 rw-p 0000a000 fd:01 5815082                    /usr/lib/x86_64-linux-gnu/libOpenCL.so.1.0.0
7fb591850000-7fb591851000 rw-s 00000000 00:06 469                        /dev/nvidia0
7fb591851000-7fb591852000 rw-s 00000000 00:06 468                        /dev/nvidiactl
7fb591852000-7fb591853000 rw-s 00000000 00:06 469                        /dev/nvidia0
7fb591853000-7fb591854000 rw-s 00000000 00:06 468                        /dev/nvidiactl
7fb591854000-7fb591855000 rw-s 00000000 00:06 469                        /dev/nvidia0
7fb591855000-7fb591856000 rw-s 00000000 00:06 468                        /dev/nvidiactl
7fb591856000-7fb591857000 rw-s 00000000 00:06 469                        /dev/nvidia0
7fb591857000-7fb591858000 rw-s 00000000 00:06 468                        /dev/nvidiactl
7fb591858000-7fb591859000 rw-s 00000000 00:06 469                        /dev/nvidia0
7fb591859000-7fb59185a000 rw-s 00000000 00:06 468                        /dev/nvidiactl
7fb59185a000-7fb59185b000 rw-s 00000000 00:06 469                        /dev/nvidia0
7fb59185b000-7fb59185c000 rw-s 00000000 00:06 468                        /dev/nvidiactl
7fb59185c000-7fb59185d000 rw-s 00000000 00:06 469                        /dev/nvidia0
7fb59185d000-7fb59185e000 rw-s 00000000 00:06 468                        /dev/nvidiactl
7fb59185e000-7fb59185f000 rw-s 00000000 00:06 469                        /dev/nvidia0
7fb59185f000-7fb591860000 rw-s 00000000 00:06 468                        /dev/nvidiactl
7fb591860000-7fb591861000 rw-s 00000000 00:06 469                        /dev/nvidia0
7fb591861000-7fb591862000 rw-s 00000000 00:06 468                        /dev/nvidiactl
7fb591862000-7fb591863000 rw-s 00000000 00:06 469                        /dev/nvidia0
7fb591863000-7fb591864000 rw-s 00000000 00:06 468                        /dev/nvidiactl
7fb591864000-7fb591865000 rw-s 00000000 00:06 469                        /dev/nvidia0
7fb591865000-7fb591866000 rw-s 00000000 00:06 468                        /dev/nvidiactl
7fb591866000-7fb591867000 rw-s 00000000 00:06 469                        /dev/nvidia0
7fb591867000-7fb591868000 rw-s 00000000 00:06 468                        /dev/nvidiactl
7fb591868000-7fb591869000 rw-s 00000000 00:06 469                        /dev/nvidia0
7fb591869000-7fb59186a000 rw-s 00000000 00:06 468                        /dev/nvidiactl
7fb59186a000-7fb59186b000 rw-s 00000000 00:06 469                        /dev/nvidia0
7fb59186b000-7fb59186c000 rw-s 00000000 00:06 468                        /dev/nvidiactl
7fb59186c000-7fb59186d000 rw-s 00000000 00:06 469                        /dev/nvidia0
7fb59186d000-7fb59186e000 rw-s 00000000 00:06 468                        /dev/nvidiactl
7fb59186e000-7fb59186f000 rw-s 00000000 00:06 469                        /dev/nvidia0
7fb59186f000-7fb591870000 rw-s 00000000 00:06 468                        /dev/nvidiactl
7fb591870000-7fb5918be000 r-xp 00000000 fd:01 5267078                    /home/mgonzalo/Escritorio/research/OgmaNeo/Java/build/libJOgmaNeo.so
7fb5918be000-7fb591abd000 ---p 0004e000 fd:01 5267078                    /home/mgonzalo/Escritorio/research/OgmaNeo/Java/build/libJOgmaNeo.so
7fb591abd000-7fb591abe000 r--p 0004d000 fd:01 5267078                    /home/mgonzalo/Escritorio/research/OgmaNeo/Java/build/libJOgmaNeo.so
7fb591abe000-7fb591ac0000 rw-p 0004e000 fd:01 5267078                    /home/mgonzalo/Escritorio/research/OgmaNeo/Java/build/libJOgmaNeo.so
7fb591ac0000-7fb591ac1000 ---p 00000000 00:00 0 
7fb591ac1000-7fb591bc1000 rw-p 00000000 00:00 0 
7fb591bc1000-7fb591bc4000 ---p 00000000 00:00 0 
7fb591bc4000-7fb591cc2000 rw-p 00000000 00:00 0 
7fb591cc2000-7fb591cc3000 ---p 00000000 00:00 0 
7fb591cc3000-7fb591cc6000 ---p 00000000 00:00 0 
7fb591cc6000-7fb591dc3000 rw-p 00000000 00:00 0 
7fb591dc3000-7fb591dc4000 ---p 00000000 00:00 0 
7fb591dc4000-7fb591dc7000 ---p 00000000 00:00 0 
7fb591dc7000-7fb591ec4000 rw-p 00000000 00:00 0 
7fb591ec4000-7fb591edb000 r-xp 00000000 fd:01 655630                     /usr/lib/jvm/java-8-openjdk-amd64/jre/lib/amd64/libnet.so
7fb591edb000-7fb5920da000 ---p 00017000 fd:01 655630                     /usr/lib/jvm/java-8-openjdk-amd64/jre/lib/amd64/libnet.so
7fb5920da000-7fb5920db000 r--p 00016000 fd:01 655630                     /usr/lib/jvm/java-8-openjdk-amd64/jre/lib/amd64/libnet.so
7fb5920db000-7fb5920dc000 rw-p 00017000 fd:01 655630                     /usr/lib/jvm/java-8-openjdk-amd64/jre/lib/amd64/libnet.so
7fb5920dc000-7fb5920dd000 ---p 00000000 00:00 0 
7fb5920dd000-7fb5920e0000 ---p 00000000 00:00 0 
7fb5920e0000-7fb5921dd000 rw-p 00000000 00:00 0 
7fb5921dd000-7fb5921e0000 ---p 00000000 00:00 0 
7fb5921e0000-7fb5922de000 rw-p 00000000 00:00 0 
7fb5922de000-7fb5922e0000 r--s 0001a000 fd:01 4876683                    /home/mgonzalo/idea-IC-183.4284.148/lib/idea_rt.jar
7fb5922e0000-7fb5922e8000 r--s 00028000 fd:01 3835711                    /home/mgonzalo/.ivy2/cache/xml-apis/xml-apis/jars/xml-apis-1.3.04.jar
7fb5922e8000-7fb592300000 r--s 00115000 fd:01 3835649                    /home/mgonzalo/.ivy2/cache/xerces/xercesImpl/jars/xercesImpl-2.9.1.jar
7fb592300000-7fb592302000 r--s 001eb000 fd:01 3837477                    /home/mgonzalo/.ivy2/cache/org.xerial.snappy/snappy-java/jars/snappy-java-1.1.7.1.jar
7fb592302000-7fb592306000 r--s 00015000 fd:01 3837481                    /home/mgonzalo/.ivy2/cache/org.tukaani/xz/jars/xz-1.5.jar
7fb592306000-7fb592307000 r--s 00002000 fd:01 3835684                    /home/mgonzalo/.ivy2/cache/org.slf4j/slf4j-log4j12/jars/slf4j-log4j12-1.7.16.jar
7fb592307000-7fb592309000 r--s 00009000 fd:01 3867403                    /home/mgonzalo/.ivy2/cache/org.slf4j/slf4j-api/jars/slf4j-api-1.7.25.jar
7fb592309000-7fb59230b000 r--s 00000000 fd:01 3835638                    /home/mgonzalo/.ivy2/cache/org.slf4j/jul-to-slf4j/jars/jul-to-slf4j-1.7.16.jar
7fb59230b000-7fb59230d000 r--s 00003000 fd:01 3835641                    /home/mgonzalo/.ivy2/cache/org.slf4j/jcl-over-slf4j/jars/jcl-over-slf4j-1.7.16.jar
7fb59230d000-7fb592317000 r--s 0009a000 fd:01 3835800                    /home/mgonzalo/.ivy2/cache/org.scala-lang.modules/scala-xml_2.11/bundles/scala-xml_2.11-1.0.6.jar
7fb592317000-7fb592323000 r--s 00068000 fd:01 3837664                    /home/mgonzalo/.ivy2/cache/org.scala-lang.modules/scala-parser-combinators_2.11/bundles/scala-parser-combinators_2.11-1.1.0.jar
7fb592323000-7fb592326000 r--s 0000b000 fd:01 3837485                    /home/mgonzalo/.ivy2/cache/org.objenesis/objenesis/jars/objenesis-2.5.1.jar
7fb592326000-7fb592329000 r--s 00058000 fd:01 3835726                    /home/mgonzalo/.ivy2/cache/org.lz4/lz4-java/jars/lz4-java-1.4.0.jar
7fb592329000-7fb592337000 r--s 00089000 fd:01 3837492                    /home/mgonzalo/.ivy2/cache/org.json4s/json4s-scalap_2.11/jars/json4s-scalap_2.11-3.5.3.jar
7fb592337000-7fb592339000 r--s 0000a000 fd:01 3837478                    /home/mgonzalo/.ivy2/cache/org.json4s/json4s-jackson_2.11/jars/json4s-jackson_2.11-3.5.3.jar
7fb592339000-7fb592346000 r--s 0009c000 fd:01 3837490                    /home/mgonzalo/.ivy2/cache/org.json4s/json4s-core_2.11/jars/json4s-core_2.11-3.5.3.jar
7fb592346000-7fb592349000 r--s 00014000 fd:01 3837491                    /home/mgonzalo/.ivy2/cache/org.json4s/json4s-ast_2.11/jars/json4s-ast_2.11-3.5.3.jar
7fb592349000-7fb592353000 r--s 000a5000 fd:01 3835645                    /home/mgonzalo/.ivy2/cache/org.javassist/javassist/bundles/javassist-3.18.1-GA.jar
7fb592353000-7fb592355000 r--s 00006000 fd:01 3835655                    /home/mgonzalo/.ivy2/cache/org.htrace/htrace-core/jars/htrace-core-3.0.4.jar
7fb592355000-7fb592357000 r--s 00010000 fd:01 3835701                    /home/mgonzalo/.ivy2/cache/org.glassfish.jersey.media/jersey-media-jaxb/jars/jersey-media-jaxb-2.22.2.jar
7fb592357000-7fb59236d000 r--s 000d3000 fd:01 3835721                    /home/mgonzalo/.ivy2/cache/org.glassfish.jersey.core/jersey-server/jars/jersey-server-2.22.2.jar
7fb59236d000-7fb59237b000 r--s 0009d000 fd:01 3835681                    /home/mgonzalo/.ivy2/cache/org.glassfish.jersey.core/jersey-common/jars/jersey-common-2.22.2.jar
7fb59237b000-7fb59237f000 r--s 00025000 fd:01 3835667                    /home/mgonzalo/.ivy2/cache/org.glassfish.jersey.core/jersey-client/jars/jersey-client-2.22.2.jar
7fb59237f000-7fb592382000 r--s 0000e000 fd:01 3835753                    /home/mgonzalo/.ivy2/cache/org.glassfish.jersey.containers/jersey-container-servlet-core/jars/jersey-container-servlet-core-2.22.2.jar
7fb592382000-7fb592384000 r--s 00003000 fd:01 3835752                    /home/mgonzalo/.ivy2/cache/org.glassfish.jersey.containers/jersey-container-servlet/jars/jersey-container-servlet-2.22.2.jar
7fb592384000-7fb59239c000 r--s 000d6000 fd:01 3835706                    /home/mgonzalo/.ivy2/cache/org.glassfish.jersey.bundles.repackaged/jersey-guava/bundles/jersey-guava-2.22.2.jar
7fb59239c000-7fb59239d000 r--s 00001000 fd:01 3835694                    /home/mgonzalo/.ivy2/cache/org.glassfish.hk2.external/javax.inject/jars/javax.inject-2.4.0-b34.jar
7fb59239d000-7fb59239f000 r--s 00002000 fd:01 3835643                    /home/mgonzalo/.ivy2/cache/org.glassfish.hk2.external/aopalliance-repackaged/jars/aopalliance-repackaged-2.4.0-b34.jar
7fb59239f000-7fb5923a0000 r--s 00004000 fd:01 3835735                    /home/mgonzalo/.ivy2/cache/org.glassfish.hk2/osgi-resource-locator/jars/osgi-resource-locator-1.0.1.jar
7fb5923a0000-7fb5923a4000 r--s 0001a000 fd:01 3835608                    /home/mgonzalo/.ivy2/cache/org.glassfish.hk2/hk2-utils/jars/hk2-utils-2.4.0-b34.jar
7fb5923a4000-7fb5923a8000 r--s 00029000 fd:01 3835696                    /home/mgonzalo/.ivy2/cache/org.glassfish.hk2/hk2-locator/jars/hk2-locator-2.4.0-b34.jar
7fb5923a8000-7fb5923ad000 r--s 00027000 fd:01 3835686                    /home/mgonzalo/.ivy2/cache/org.glassfish.hk2/hk2-api/jars/hk2-api-2.4.0-b34.jar
7fb5923ad000-7fb5923b8000 r--s 000b9000 fd:01 3837665                    /home/mgonzalo/.ivy2/cache/org.codehaus.janino/janino/jars/janino-3.0.9.jar
7fb5923b8000-7fb5923ba000 r--s 00008000 fd:01 3837666                    /home/mgonzalo/.ivy2/cache/org.codehaus.janino/commons-compiler/jars/commons-compiler-3.0.9.jar
7fb5923ba000-7fb5923bb000 r--s 00006000 fd:01 3835688                    /home/mgonzalo/.ivy2/cache/org.codehaus.jackson/jackson-xc/jars/jackson-xc-1.9.13.jar
7fb5923bb000-7fb5923bc000 r--s 00004000 fd:01 3835679                    /home/mgonzalo/.ivy2/cache/org.codehaus.jackson/jackson-jaxrs/jars/jackson-jaxrs-1.9.13.jar
7fb5923bc000-7fb5923c8000 r--s 000b6000 fd:01 3835622                    /home/mgonzalo/.ivy2/cache/org.apache.zookeeper/zookeeper/jars/zookeeper-3.4.6.jar
7fb5923c8000-7fb5923cd000 r--s 00041000 fd:01 3837471                    /home/mgonzalo/.ivy2/cache/org.apache.xbean/xbean-asm6-shaded/bundles/xbean-asm6-shaded-4.8.jar
7fb5923cd000-7fb5923cf000 r--s 0000b000 fd:01 3837476                    /home/mgonzalo/.ivy2/cache/org.apache.spark/spark-unsafe_2.11/jars/spark-unsafe_2.11-2.4.0.jar
7fb5923cf000-7fb592496000 r--s 008a5000 fd:01 3837652                    /home/mgonzalo/.ivy2/cache/org.apache.spark/spark-sql_2.11/jars/spark-sql_2.11-2.4.0.jar
7fb592496000-7fb592498000 r--s 00006000 fd:01 3837656                    /home/mgonzalo/.ivy2/cache/org.apache.spark/spark-sketch_2.11/jars/spark-sketch_2.11-2.4.0.jar
7fb592498000-7fb59249b000 r--s 0000f000 fd:01 3837475                    /home/mgonzalo/.ivy2/cache/org.apache.spark/spark-network-shuffle_2.11/jars/spark-network-shuffle_2.11-2.4.0.jar
7fb59249b000-7fb5924c9000 r--s 0021a000 fd:01 3837474                    /home/mgonzalo/.ivy2/cache/org.apache.spark/spark-network-common_2.11/jars/spark-network-common_2.11-2.4.0.jar
7fb5924c9000-7fb5924cb000 r--s 00011000 fd:01 3837472                    /home/mgonzalo/.ivy2/cache/org.apache.spark/spark-launcher_2.11/jars/spark-launcher_2.11-2.4.0.jar
7fb5924cb000-7fb5924cd000 r--s 0000b000 fd:01 3837473                    /home/mgonzalo/.ivy2/cache/org.apache.spark/spark-kvstore_2.11/jars/spark-kvstore_2.11-2.4.0.jar
7fb5924cd000-7fb5925c1000 r--s 00be3000 fd:01 3837465                    /home/mgonzalo/.ivy2/cache/org.apache.spark/spark-core_2.11/jars/spark-core_2.11-2.4.0.jar
7fb5925c1000-7fb59267d000 r--s 008fb000 fd:01 3837651                    /home/mgonzalo/.ivy2/cache/org.apache.spark/spark-catalyst_2.11/jars/spark-catalyst_2.11-2.4.0.jar
7fb59267d000-7fb592691000 r--s 000ec000 fd:01 3837673                    /home/mgonzalo/.ivy2/cache/org.apache.parquet/parquet-jackson/jars/parquet-jackson-1.10.0.jar
7fb592691000-7fb592697000 r--s 00040000 fd:01 3837658                    /home/mgonzalo/.ivy2/cache/org.apache.parquet/parquet-hadoop/jars/parquet-hadoop-1.10.0.jar
7fb592697000-7fb5926a5000 r--s 000a3000 fd:01 3837672                    /home/mgonzalo/.ivy2/cache/org.apache.parquet/parquet-format/jars/parquet-format-2.4.0.jar
7fb5926a5000-7fb5926b0000 r--s 000c5000 fd:01 3837671                    /home/mgonzalo/.ivy2/cache/org.apache.parquet/parquet-encoding/jars/parquet-encoding-1.10.0.jar
7fb5926b0000-7fb5926b4000 r--s 00014000 fd:01 3837670                    /home/mgonzalo/.ivy2/cache/org.apache.parquet/parquet-common/jars/parquet-common-1.10.0.jar
7fb5926b4000-7fb5926cd000 r--s 000f4000 fd:01 3837657                    /home/mgonzalo/.ivy2/cache/org.apache.parquet/parquet-column/jars/parquet-column-1.10.0.jar
7fb5926cd000-7fb5926ce000 r--s 00006000 fd:01 3837668                    /home/mgonzalo/.ivy2/cache/org.apache.orc/orc-shims/jars/orc-shims-1.5.2.jar
7fb5926ce000-7fb5926d9000 r--s 000bc000 fd:01 3837653                    /home/mgonzalo/.ivy2/cache/org.apache.orc/orc-mapreduce/jars/orc-mapreduce-1.5.2-nohive.jar
7fb5926d9000-7fb5926ed000 r--s 0016d000 fd:01 3837655                    /home/mgonzalo/.ivy2/cache/org.apache.orc/orc-core/jars/orc-core-1.5.2-nohive.jar
7fb5926ed000-7fb5926f3000 r--s 00032000 fd:01 3837487                    /home/mgonzalo/.ivy2/cache/org.apache.httpcomponents/httpcore/jars/httpcore-4.2.4.jar
7fb5926f3000-7fb5926fc000 r--s 00061000 fd:01 3837486                    /home/mgonzalo/.ivy2/cache/org.apache.httpcomponents/httpclient/jars/httpclient-4.2.5.jar
7fb5926fc000-7fb592702000 r--s 00049000 fd:01 3835636                    /home/mgonzalo/.ivy2/cache/org.apache.hadoop/hadoop-yarn-server-common/jars/hadoop-yarn-server-common-2.6.5.jar
7fb592702000-7fb592719000 r--s 00177000 fd:01 3835736                    /home/mgonzalo/.ivy2/cache/org.apache.hadoop/hadoop-yarn-common/jars/hadoop-yarn-common-2.6.5.jar
7fb592719000-7fb59271c000 r--s 00023000 fd:01 3835605                    /home/mgonzalo/.ivy2/cache/org.apache.hadoop/hadoop-yarn-client/jars/hadoop-yarn-client-2.6.5.jar
7fb59271c000-7fb592736000 r--s 001b5000 fd:01 3835824                    /home/mgonzalo/.ivy2/cache/org.apache.hadoop/hadoop-yarn-api/jars/hadoop-yarn-api-2.6.5.jar
7fb592736000-7fb592738000 r--s 0000f000 fd:01 3835732                    /home/mgonzalo/.ivy2/cache/org.apache.hadoop/hadoop-mapreduce-client-shuffle/jars/hadoop-mapreduce-client-shuffle-2.6.5.jar
7fb592738000-7fb592739000 r--s 0000e000 fd:01 3835868                    /home/mgonzalo/.ivy2/cache/org.apache.hadoop/hadoop-mapreduce-client-jobclient/jars/hadoop-mapreduce-client-jobclient-2.6.5.jar
7fb592739000-7fb592752000 r--s 0015f000 fd:01 3835825                    /home/mgonzalo/.ivy2/cache/org.apache.hadoop/hadoop-mapreduce-client-core/jars/hadoop-mapreduce-client-core-2.6.5.jar
7fb592752000-7fb59275e000 r--s 0009d000 fd:01 3835715                    /home/mgonzalo/.ivy2/cache/org.apache.hadoop/hadoop-mapreduce-client-common/jars/hadoop-mapreduce-client-common-2.6.5.jar
7fb59275e000-7fb592768000 r--s 00078000 fd:01 3835809                    /home/mgonzalo/.ivy2/cache/org.apache.hadoop/hadoop-mapreduce-client-app/jars/hadoop-mapreduce-client-app-2.6.5.jar
7fb592768000-7fb5927cf000 r--s 0072d000 fd:01 3835763                    /home/mgonzalo/.ivy2/cache/org.apache.hadoop/hadoop-hdfs/jars/hadoop-hdfs-2.6.5.jar
7fb5927cf000-7fb592805000 r--s 002fe000 fd:01 3835623                    /home/mgonzalo/.ivy2/cache/org.apache.hadoop/hadoop-common/jars/hadoop-common-2.6.5.jar
7fb592805000-7fb592806000 r--s 00006000 fd:01 3835677                    /home/mgonzalo/.ivy2/cache/org.apache.hadoop/hadoop-client/jars/hadoop-client-2.6.5.jar
7fb592806000-7fb592809000 r--s 00014000 fd:01 3835630                    /home/mgonzalo/.ivy2/cache/org.apache.hadoop/hadoop-auth/jars/hadoop-auth-2.6.5.jar
7fb592809000-7fb59280a000 r--s 00009000 fd:01 3835619                    /home/mgonzalo/.ivy2/cache/org.apache.hadoop/hadoop-annotations/jars/hadoop-annotations-2.6.5.jar
7fb59280a000-7fb59281c000 r--s 00097000 fd:01 3835624                    /home/mgonzalo/.ivy2/cache/org.apache.directory.server/apacheds-kerberos-codec/bundles/apacheds-kerberos-codec-2.0.0-M15.jar
7fb59281c000-7fb59281d000 r--s 0000a000 fd:01 3835708                    /home/mgonzalo/.ivy2/cache/org.apache.directory.server/apacheds-i18n/bundles/apacheds-i18n-2.0.0-M15.jar
7fb59281d000-7fb59281f000 r--s 00012000 fd:01 3835713                    /home/mgonzalo/.ivy2/cache/org.apache.directory.api/api-util/bundles/api-util-1.0.0-M20.jar
7fb59281f000-7fb592821000 r--s 00003000 fd:01 3835712                    /home/mgonzalo/.ivy2/cache/org.apache.directory.api/api-asn1-api/bundles/api-asn1-api-1.0.0-M20.jar
7fb592821000-7fb592828000 r--s 00036000 fd:01 3835733                    /home/mgonzalo/.ivy2/cache/org.apache.curator/curator-recipes/bundles/curator-recipes-2.6.0.jar
7fb592828000-7fb59282e000 r--s 00028000 fd:01 3835698                    /home/mgonzalo/.ivy2/cache/org.apache.curator/curator-framework/bundles/curator-framework-2.6.0.jar
7fb59282e000-7fb592830000 r--s 0000f000 fd:01 3835647                    /home/mgonzalo/.ivy2/cache/org.apache.curator/curator-client/bundles/curator-client-2.6.0.jar
7fb592830000-7fb592838000 r--s 0006e000 fd:01 3835751                    /home/mgonzalo/.ivy2/cache/org.apache.commons/commons-lang3/jars/commons-lang3-3.5.jar
7fb592838000-7fb59283a000 r--s 0001f000 fd:01 3835743                    /home/mgonzalo/.ivy2/cache/org.apache.commons/commons-crypto/jars/commons-crypto-1.0.0.jar
7fb59283a000-7fb592841000 r--s 00053000 fd:01 3837480                    /home/mgonzalo/.ivy2/cache/org.apache.commons/commons-compress/jars/commons-compress-1.8.1.jar
7fb592841000-7fb592845000 r--s 0002a000 fd:01 3837469                    /home/mgonzalo/.ivy2/cache/org.apache.avro/avro-mapred/jars/avro-mapred-1.8.2-hadoop2.jar
7fb592845000-7fb592848000 r--s 0001e000 fd:01 3837662                    /home/mgonzalo/.ivy2/cache/org.apache.avro/avro-ipc/jars/avro-ipc-1.8.2.jar
7fb592848000-7fb592869000 r--s 0015c000 fd:01 3837660                    /home/mgonzalo/.ivy2/cache/org.apache.avro/avro/jars/avro-1.8.2.jar
7fb592869000-7fb592879000 r--s 00133000 fd:01 3837659                    /home/mgonzalo/.ivy2/cache/org.apache.arrow/arrow-vector/jars/arrow-vector-0.10.0.jar
7fb592879000-7fb59287b000 r--s 00012000 fd:01 3837675                    /home/mgonzalo/.ivy2/cache/org.apache.arrow/arrow-memory/jars/arrow-memory-0.10.0.jar
7fb59287b000-7fb59287d000 r--s 0000b000 fd:01 3837674                    /home/mgonzalo/.ivy2/cache/org.apache.arrow/arrow-format/jars/arrow-format-0.10.0.jar
7fb59287d000-7fb592883000 r--s 0004c000 fd:01 3835747                    /home/mgonzalo/.ivy2/cache/org.antlr/antlr4-runtime/jars/antlr4-runtime-4.7.jar
7fb592883000-7fb592885000 r--s 0001c000 fd:01 3837479                    /home/mgonzalo/.ivy2/cache/net.sf.py4j/py4j/jars/py4j-0.10.7.jar
7fb592885000-7fb592888000 r--s 00015000 fd:01 3835731                    /home/mgonzalo/.ivy2/cache/net.razorvine/pyrolite/jars/pyrolite-4.13.jar
7fb592888000-7fb59288b000 r--s 0001b000 fd:01 3837663                    /home/mgonzalo/.ivy2/cache/junit/junit/jars/junit-3.8.1.jar
7fb59288b000-7fb59289c000 r--s 0008a000 fd:01 3835614                    /home/mgonzalo/.ivy2/cache/joda-time/joda-time/jars/joda-time-2.9.9.jar
7fb59289c000-7fb59289e000 r--s 00004000 fd:01 3835719                    /home/mgonzalo/.ivy2/cache/javax.xml.stream/stax-api/jars/stax-api-1.0-2.jar
7fb59289e000-7fb5928a2000 r--s 00019000 fd:01 3835676                    /home/mgonzalo/.ivy2/cache/javax.ws.rs/javax.ws.rs-api/jars/javax.ws.rs-api-2.0.1.jar
7fb5928a2000-7fb5928a6000 r--s 0000c000 fd:01 3835707                    /home/mgonzalo/.ivy2/cache/javax.validation/validation-api/jars/validation-api-1.1.0.Final.jar
7fb5928a6000-7fb5928a9000 r--s 00015000 fd:01 3835745                    /home/mgonzalo/.ivy2/cache/javax.servlet/javax.servlet-api/jars/javax.servlet-api-3.1.0.jar
7fb5928a9000-7fb5928ab000 r--s 00005000 fd:01 3835703                    /home/mgonzalo/.ivy2/cache/javax.annotation/javax.annotation-api/jars/javax.annotation-api-1.2.jar
7fb5928ab000-7fb5928ad000 r--s 0000f000 fd:01 3835666                    /home/mgonzalo/.ivy2/cache/javax.activation/activation/jars/activation-1.1.1.jar
7fb5928ad000-7fb5928ee000 r--s 0035a000 fd:01 3835616                    /home/mgonzalo/.ivy2/cache/io.netty/netty-all/jars/netty-all-4.1.17.Final.jar
7fb5928ee000-7fb592907000 r--s 0012c000 fd:01 3835764                    /home/mgonzalo/.ivy2/cache/io.netty/netty/bundles/netty-3.9.9.Final.jar
7fb592907000-7fb592909000 r--s 00008000 fd:01 3835774                    /home/mgonzalo/.ivy2/cache/io.dropwizard.metrics/metrics-jvm/bundles/metrics-jvm-3.1.5.jar
7fb592909000-7fb59290a000 r--s 00003000 fd:01 3835775                    /home/mgonzalo/.ivy2/cache/io.dropwizard.metrics/metrics-json/bundles/metrics-json-3.1.5.jar
7fb59290a000-7fb59290c000 r--s 00004000 fd:01 3835776                    /home/mgonzalo/.ivy2/cache/io.dropwizard.metrics/metrics-graphite/bundles/metrics-graphite-3.1.5.jar
7fb59290c000-7fb592910000 r--s 0001a000 fd:01 3835773                    /home/mgonzalo/.ivy2/cache/io.dropwizard.metrics/metrics-core/bundles/metrics-core-3.1.5.jar
7fb592910000-7fb592913000 r--s 0001e000 fd:01 3837669                    /home/mgonzalo/.ivy2/cache/io.airlift/aircompressor/jars/aircompressor-0.10.jar
7fb592913000-7fb592918000 r--s 0003e000 fd:01 3837661                    /home/mgonzalo/.ivy2/cache/commons-net/commons-net/jars/commons-net-3.1.jar
7fb592918000-7fb59291d000 r--s 00041000 fd:01 3835680                    /home/mgonzalo/.ivy2/cache/commons-lang/commons-lang/jars/commons-lang-2.6.jar
7fb59291d000-7fb59292a000 r--s 00083000 fd:01 3835606                    /home/mgonzalo/.ivy2/cache/commons-collections/commons-collections/jars/commons-collections-3.2.2.jar
7fb59292a000-7fb592931000 r--s 0003f000 fd:01 3837667                    /home/mgonzalo/.ivy2/cache/commons-codec/commons-codec/jars/commons-codec-1.10.jar
7fb592931000-7fb592932000 r--s 00002000 fd:01 3835759                    /home/mgonzalo/.ivy2/cache/com.vlkan/flatbuffers/jars/flatbuffers-1.2.0-3f79e055.jar
7fb592932000-7fb59293a000 r--s 0005b000 fd:01 3837654                    /home/mgonzalo/.ivy2/cache/com.univocity/univocity-parsers/jars/univocity-parsers-2.7.3.jar
7fb59293a000-7fb59293f000 r--s 00035000 fd:01 3837467                    /home/mgonzalo/.ivy2/cache/com.twitter/chill_2.11/jars/chill_2.11-0.9.3.jar
7fb59293f000-7fb592941000 r--s 0000d000 fd:01 3837470                    /home/mgonzalo/.ivy2/cache/com.twitter/chill-java/jars/chill-java-0.9.3.jar
7fb592941000-7fb592943000 r--s 00007000 fd:01 3835625                    /home/mgonzalo/.ivy2/cache/com.thoughtworks.paranamer/paranamer/bundles/paranamer-2.8.jar
7fb592943000-7fb592948000 r--s 0002a000 fd:01 3835730                    /home/mgonzalo/.ivy2/cache/com.google.code.gson/gson/jars/gson-2.2.4.jar
7fb592948000-7fb59294a000 r--s 00003000 fd:01 3835760                    /home/mgonzalo/.ivy2/cache/com.google.code.findbugs/jsr305/jars/jsr305-3.0.2.jar
7fb59294a000-7fb59294c000 r--s 00238000 fd:01 3835746                    /home/mgonzalo/.ivy2/cache/com.github.luben/zstd-jni/bundles/zstd-jni-1.3.2-2.jar
7fb59294c000-7fb592959000 r--s 00071000 fd:01 3835602                    /home/mgonzalo/.ivy2/cache/com.fasterxml.jackson.module/jackson-module-scala_2.11/bundles/jackson-module-scala_2.11-2.6.7.1.jar
7fb592959000-7fb59295b000 r--s 00009000 fd:01 3835709                    /home/mgonzalo/.ivy2/cache/com.fasterxml.jackson.module/jackson-module-paranamer/bundles/jackson-module-paranamer-2.7.9.jar
7fb59295b000-7fb59296c000 r--s 0010c000 fd:01 3835777                    /home/mgonzalo/.ivy2/cache/com.fasterxml.jackson.core/jackson-databind/bundles/jackson-databind-2.6.7.1.jar
7fb59296c000-7fb59296f000 r--s 0003b000 fd:01 3835678                    /home/mgonzalo/.ivy2/cache/com.fasterxml.jackson.core/jackson-core/bundles/jackson-core-2.7.9.jar
7fb59296f000-7fb592972000 r--s 00009000 fd:01 3835750                    /home/mgonzalo/.ivy2/cache/com.fasterxml.jackson.core/jackson-annotations/bundles/jackson-annotations-2.6.7.jar
7fb592972000-7fb592973000 r--s 00001000 fd:01 3835601                    /home/mgonzalo/.ivy2/cache/com.esotericsoftware/minlog/bundles/minlog-1.3.0.jar
7fb592973000-7fb59297b000 r--s 0005d000 fd:01 3837484                    /home/mgonzalo/.ivy2/cache/com.esotericsoftware/kryo-shaded/bundles/kryo-shaded-4.0.2.jar
7fb59297b000-7fb59299c000 r--s 00177000 fd:01 3835704                    /home/mgonzalo/.ivy2/cache/com.carrotsearch/hppc/bundles/hppc-0.7.2.jar
7fb59299c000-7fb59299d000 r--s 00003000 fd:01 3835725                    /home/mgonzalo/.ivy2/cache/xmlenc/xmlenc/jars/xmlenc-0.52.jar
7fb59299d000-7fb59299f000 r--s 0000e000 fd:01 3835728                    /home/mgonzalo/.ivy2/cache/oro/oro/jars/oro-2.0.8.jar
7fb59299f000-7fb5929f4000 r--s 0069c000 fd:01 3836848                    /home/mgonzalo/.ivy2/cache/org.spire-math/spire_2.11/jars/spire_2.11-0.7.4.jar
7fb5929f4000-7fb5929f6000 r--s 00014000 fd:01 3836849                    /home/mgonzalo/.ivy2/cache/org.spire-math/spire-macros_2.11/jars/spire-macros_2.11-0.7.4.jar
7fb5929f6000-7fb5929f7000 r--s 00000000 fd:01 3835748                    /home/mgonzalo/.ivy2/cache/org.spark-project.spark/unused/jars/unused-1.0.0.jar
7fb5929f7000-7fb5929fe000 r--s 0003e000 fd:01 3835609                    /home/mgonzalo/.ivy2/cache/org.sonatype.sisu.inject/cglib/jars/cglib-2.2.1-v20090111.jar
7fb5929fe000-7fb592ad1000 r--s 00bcb000 fd:01 3836834                    /home/mgonzalo/.ivy2/cache/org.scalanlp/breeze_2.11/jars/breeze_2.11-0.11.1.jar
7fb592ad1000-7fb592ad5000 r--s 0001e000 fd:01 3836847                    /home/mgonzalo/.ivy2/cache/org.scalanlp/breeze-macros_2.11/jars/breeze-macros_2.11-0.11.1.jar
7fb592ad5000-7fb592ad8000 r--s 0002f000 fd:01 3835600                    /home/mgonzalo/.ivy2/cache/org.roaringbitmap/RoaringBitmap/bundles/RoaringBitmap-0.5.11.jar
7fb592ad8000-7fb592adc000 r--s 00028000 fd:01 3835631                    /home/mgonzalo/.ivy2/cache/org.mortbay.jetty/jetty-util/jars/jetty-util-6.1.26.jar
7fb592adc000-7fb592adf000 r--s 00721000 fd:01 3836835                    /home/mgonzalo/.ivy2/cache/org.jblas/jblas/jars/jblas-1.2.3.jar
7fb592adf000-7fb592ae2000 r--s 000fd000 fd:01 3835650                    /home/mgonzalo/.ivy2/cache/org.fusesource.leveldbjni/leveldbjni-all/bundles/leveldbjni-all-1.8.jar
7fb592ae2000-7fb592ae4000 r--s 0000f000 fd:01 3835741                    /home/mgonzalo/.ivy2/cache/org.codehaus.jettison/jettison/bundles/jettison-1.1.jar
7fb592ae4000-7fb592af2000 r--s 000b1000 fd:01 3835653                    /home/mgonzalo/.ivy2/cache/org.codehaus.jackson/jackson-mapper-asl/jars/jackson-mapper-asl-1.9.13.jar
7fb592af2000-7fb592af6000 r--s 00035000 fd:01 3835617                    /home/mgonzalo/.ivy2/cache/org.codehaus.jackson/jackson-core-asl/jars/jackson-core-asl-1.9.13.jar
7fb592af6000-7fb592b24000 r--s 001fd000 fd:01 3836832                    /home/mgonzalo/.ivy2/cache/org.apache.spark/spark-mllib_2.11/jars/spark-mllib_2.11-1.3.0.jar
7fb592b24000-7fb592b31000 r--s 0008c000 fd:01 3836833                    /home/mgonzalo/.ivy2/cache/org.apache.spark/spark-graphx_2.11/jars/spark-graphx_2.11-1.3.0.jar
7fb592b31000-7fb592b47000 r--s 00124000 fd:01 3835663                    /home/mgonzalo/.ivy2/cache/org.apache.ivy/ivy/jars/ivy-2.4.0.jar
7fb592b47000-7fb592b6b000 r--s 001cd000 fd:01 3835758                    /home/mgonzalo/.ivy2/cache/org.apache.commons/commons-math3/jars/commons-math3-3.4.1.jar
7fb592b6b000-7fb592b7d000 r--s 00112000 fd:01 3835799                    /home/mgonzalo/.ivy2/cache/net.sourceforge.f2j/arpack_combined_all/jars/arpack_combined_all-0.1.jar
7fb592b7d000-7fb592b7e000 r--s 00004000 fd:01 3835654                    /home/mgonzalo/.ivy2/cache/net.sf.opencsv/opencsv/jars/opencsv-2.3.jar
7fb592b7e000-7fb592b87000 r--s 0006f000 fd:01 3835652                    /home/mgonzalo/.ivy2/cache/log4j/log4j/bundles/log4j-1.2.17.jar
7fb592b87000-7fb592b89000 r--s 00014000 fd:01 3835699                    /home/mgonzalo/.ivy2/cache/jline/jline/jars/jline-0.9.94.jar
7fb592b89000-7fb592b8c000 r--s 00017000 fd:01 3835671                    /home/mgonzalo/.ivy2/cache/javax.xml.bind/jaxb-api/jars/jaxb-api-2.2.2.jar
7fb592b8c000-7fb592b8d000 r--s 00000000 fd:01 3835720                    /home/mgonzalo/.ivy2/cache/javax.inject/javax.inject/jars/javax.inject-1.jar
7fb592b8d000-7fb592b91000 r--s 0002a000 fd:01 3835740                    /home/mgonzalo/.ivy2/cache/commons-io/commons-io/jars/commons-io-2.4.jar
7fb592b91000-7fb592b97000 r--s 00045000 fd:01 3835727                    /home/mgonzalo/.ivy2/cache/commons-httpclient/commons-httpclient/jars/commons-httpclient-3.1.jar
7fb592b97000-7fb592b9d000 r--s 00043000 fd:01 3835705                    /home/mgonzalo/.ivy2/cache/commons-configuration/commons-configuration/jars/commons-configuration-1.6.jar
7fb592b9d000-7fb592ba0000 ---p 00000000 00:00 0 
7fb592ba0000-7fb592c9e000 rw-p 00000000 00:00 0 
7fb592c9e000-7fb5931f2000 r--p 00000000 fd:01 5767190                    /usr/lib/locale/locale-archive
7fb5931f2000-7fb5931f5000 ---p 00000000 00:00 0 
7fb5931f5000-7fb5932f3000 rw-p 00000000 00:00 0 
7fb5932f3000-7fb5932f6000 ---p 00000000 00:00 0 
7fb5932f6000-7fb5933f4000 rw-p 00000000 00:00 0 
7fb5933f4000-7fb5933f5000 ---p 00000000 00:00 0 
7fb5933f5000-7fb594000000 rw-p 00000000 00:00 0 
7fb594000000-7fb594021000 rw-p 00000000 00:00 0 
7fb594021000-7fb598000000 ---p 00000000 00:00 0 
7fb598000000-7fb598021000 rw-p 00000000 00:00 0 
7fb598021000-7fb59c000000 ---p 00000000 00:00 0 
7fb59c000000-7fb59c021000 rw-p 00000000 00:00 0 
7fb59c021000-7fb5a0000000 ---p 00000000 00:00 0 
7fb5a0000000-7fb5a0004000 r--s 00020000 fd:01 3835657                    /home/mgonzalo/.ivy2/cache/commons-digester/commons-digester/jars/commons-digester-1.8.jar
7fb5a0004000-7fb5a0006000 r--s 00009000 fd:01 3835722                    /home/mgonzalo/.ivy2/cache/commons-cli/commons-cli/jars/commons-cli-1.2.jar
7fb5a0006000-7fb5a000a000 r--s 0002f000 fd:01 3835665                    /home/mgonzalo/.ivy2/cache/commons-beanutils/commons-beanutils-core/jars/commons-beanutils-core-1.8.0.jar
7fb5a000a000-7fb5a0012000 r--s 0007b000 fd:01 3835716                    /home/mgonzalo/.ivy2/cache/com.google.protobuf/protobuf-java/bundles/protobuf-java-2.5.0.jar
7fb5a0012000-7fb5a0021000 r--s 0009f000 fd:01 3835691                    /home/mgonzalo/.ivy2/cache/com.google.inject/guice/jars/guice-3.0.jar
7fb5a0021000-7fb5a002c000 r--s 000b0000 fd:01 3835803                    /home/mgonzalo/.ivy2/cache/com.github.rwl/jtransforms/jars/jtransforms-2.4.0.jar
7fb5a002c000-7fb5a005c000 r--s 001e3000 fd:01 3837464                    /home/mgonzalo/.ivy2/cache/org.apache.spark/spark-streaming_2.11/jars/spark-streaming_2.11-2.4.0.jar
7fb5a005c000-7fb5a00b5000 r--s 00522000 fd:01 3835598                    /home/mgonzalo/.ivy2/cache/org.scala-lang/scala-library/jars/scala-library-2.11.8.jar
7fb5a00b5000-7fb5a09b8000 rw-p 00000000 00:00 0 
7fb5a09b8000-7fb5a0bb8000 ---p 00000000 00:00 0 
7fb5a0bb8000-7fb5a9000000 rw-p 00000000 00:00 0 
7fb5a9000000-7fb5a9270000 rwxp 00000000 00:00 0 
7fb5a9270000-7fb5b8000000 ---p 00000000 00:00 0 
7fb5b8000000-7fb5b9921000 rw-p 00000000 00:00 0 
7fb5b9921000-7fb5bc000000 ---p 00000000 00:00 0 
7fb5bc000000-7fb5bc005000 r--s 0002a000 fd:01 3835683                    /home/mgonzalo/.ivy2/cache/commons-beanutils/commons-beanutils/jars/commons-beanutils-1.7.0.jar
7fb5bc005000-7fb5bc007000 r--s 00012000 fd:01 3835687                    /home/mgonzalo/.ivy2/cache/com.ning/compress-lzf/bundles/compress-lzf-1.0.3.jar
7fb5bc007000-7fb5bc009000 r--s 00027000 fd:01 3835790                    /home/mgonzalo/.ivy2/cache/com.github.fommil.netlib/core/jars/core-1.1.2.jar
7fb5bc009000-7fb5bc00c000 r--s 00028000 fd:01 3835772                    /home/mgonzalo/.ivy2/cache/com.clearspring.analytics/stream/jars/stream-2.7.0.jar
7fb5bc00c000-7fb5bc00e000 r--s 00000000 fd:01 3835599                    /home/mgonzalo/.ivy2/cache/aopalliance/aopalliance/jars/aopalliance-1.0.jar
7fb5bc00e000-7fb5bc05a000 r--s 00411000 fd:01 3835874                    /home/mgonzalo/.ivy2/cache/org.scala-lang/scala-reflect/jars/scala-reflect-2.11.8.jar
7fb5bc05a000-7fb5bc085000 r--s 001f9000 fd:01 3837804                    /home/mgonzalo/.ivy2/cache/com.google.guava/guava/bundles/guava-17.0.jar
7fb5bc085000-7fb5bc098000 r--s 00346000 fd:01 655680                     /usr/lib/jvm/java-8-openjdk-amd64/jre/lib/resources.jar
7fb5bc098000-7fb5bc09d000 r--s 0009d000 fd:01 655675                     /usr/lib/jvm/java-8-openjdk-amd64/jre/lib/jsse.jar
7fb5bc09d000-7fb5bc0b8000 r--s 001d6000 fd:01 655657                     /usr/lib/jvm/java-8-openjdk-amd64/jre/lib/ext/nashorn.jar
7fb5bc0b8000-7fb5bc207000 rw-p 00000000 00:00 0 
7fb5bc207000-7fb5bc3d6000 r--s 03c32000 fd:01 655681                     /usr/lib/jvm/java-8-openjdk-amd64/jre/lib/rt.jar
7fb5bc3d6000-7fb5bc44c000 rw-p 00000000 00:00 0 
7fb5bc44c000-7fb5bc44d000 ---p 00000000 00:00 0 
7fb5bc44d000-7fb5bc54d000 rw-p 00000000 00:00 0 
7fb5bc54d000-7fb5bc54e000 ---p 00000000 00:00 0 
7fb5bc54e000-7fb5bc64e000 rw-p 00000000 00:00 0 
7fb5bc64e000-7fb5bc64f000 ---p 00000000 00:00 0 
7fb5bc64f000-7fb5bc74f000 rw-p 00000000 00:00 0 
7fb5bc74f000-7fb5bc750000 ---p 00000000 00:00 0 
7fb5bc750000-7fb5bc8a4000 rw-p 00000000 00:00 0 
7fb5bc8a4000-7fb5bcd80000 ---p 00000000 00:00 0 
7fb5bcd80000-7fb5bcdd4000 rw-p 00000000 00:00 0 
7fb5bcdd4000-7fb5bd2b0000 ---p 00000000 00:00 0 
7fb5bd2b0000-7fb5bd2da000 rw-p 00000000 00:00 0 
7fb5bd2da000-7fb5bd548000 ---p 00000000 00:00 0 
7fb5bd548000-7fb5bd553000 rw-p 00000000 00:00 0 
7fb5bd553000-7fb5bd909000 ---p 00000000 00:00 0 
7fb5bd909000-7fb5bd911000 r-xp 00000000 fd:01 655638                     /usr/lib/jvm/java-8-openjdk-amd64/jre/lib/amd64/libzip.so
7fb5bd911000-7fb5bdb10000 ---p 00008000 fd:01 655638                     /usr/lib/jvm/java-8-openjdk-amd64/jre/lib/amd64/libzip.so
7fb5bdb10000-7fb5bdb11000 r--p 00007000 fd:01 655638                     /usr/lib/jvm/java-8-openjdk-amd64/jre/lib/amd64/libzip.so
7fb5bdb11000-7fb5bdb12000 rw-p 00008000 fd:01 655638                     /usr/lib/jvm/java-8-openjdk-amd64/jre/lib/amd64/libzip.so
7fb5bdb12000-7fb5bdb1d000 r-xp 00000000 fd:01 5373986                    /lib/x86_64-linux-gnu/libnss_files-2.27.so
7fb5bdb1d000-7fb5bdd1c000 ---p 0000b000 fd:01 5373986                    /lib/x86_64-linux-gnu/libnss_files-2.27.so
7fb5bdd1c000-7fb5bdd1d000 r--p 0000a000 fd:01 5373986                    /lib/x86_64-linux-gnu/libnss_files-2.27.so
7fb5bdd1d000-7fb5bdd1e000 rw-p 0000b000 fd:01 5373986                    /lib/x86_64-linux-gnu/libnss_files-2.27.so
7fb5bdd1e000-7fb5bdd24000 rw-p 00000000 00:00 0 
7fb5bdd24000-7fb5bdd3b000 r-xp 00000000 fd:01 5373983                    /lib/x86_64-linux-gnu/libnsl-2.27.so
7fb5bdd3b000-7fb5bdf3a000 ---p 00017000 fd:01 5373983                    /lib/x86_64-linux-gnu/libnsl-2.27.so
7fb5bdf3a000-7fb5bdf3b000 r--p 00016000 fd:01 5373983                    /lib/x86_64-linux-gnu/libnsl-2.27.so
7fb5bdf3b000-7fb5bdf3c000 rw-p 00017000 fd:01 5373983                    /lib/x86_64-linux-gnu/libnsl-2.27.so
7fb5bdf3c000-7fb5bdf3e000 rw-p 00000000 00:00 0 
7fb5bdf3e000-7fb5bdf49000 r-xp 00000000 fd:01 5373988                    /lib/x86_64-linux-gnu/libnss_nis-2.27.so
7fb5bdf49000-7fb5be148000 ---p 0000b000 fd:01 5373988                    /lib/x86_64-linux-gnu/libnss_nis-2.27.so
7fb5be148000-7fb5be149000 r--p 0000a000 fd:01 5373988                    /lib/x86_64-linux-gnu/libnss_nis-2.27.so
7fb5be149000-7fb5be14a000 rw-p 0000b000 fd:01 5373988                    /lib/x86_64-linux-gnu/libnss_nis-2.27.so
7fb5be14a000-7fb5be152000 r-xp 00000000 fd:01 5373984                    /lib/x86_64-linux-gnu/libnss_compat-2.27.so
7fb5be152000-7fb5be352000 ---p 00008000 fd:01 5373984                    /lib/x86_64-linux-gnu/libnss_compat-2.27.so
7fb5be352000-7fb5be353000 r--p 00008000 fd:01 5373984                    /lib/x86_64-linux-gnu/libnss_compat-2.27.so
7fb5be353000-7fb5be354000 rw-p 00009000 fd:01 5373984                    /lib/x86_64-linux-gnu/libnss_compat-2.27.so
7fb5be354000-7fb5be35e000 r-xp 00000000 fd:01 655614                     /usr/lib/jvm/java-8-openjdk-amd64/jre/lib/amd64/libinstrument.so
7fb5be35e000-7fb5be55d000 ---p 0000a000 fd:01 655614                     /usr/lib/jvm/java-8-openjdk-amd64/jre/lib/amd64/libinstrument.so
7fb5be55d000-7fb5be55e000 r--p 00009000 fd:01 655614                     /usr/lib/jvm/java-8-openjdk-amd64/jre/lib/amd64/libinstrument.so
7fb5be55e000-7fb5be55f000 rw-p 0000a000 fd:01 655614                     /usr/lib/jvm/java-8-openjdk-amd64/jre/lib/amd64/libinstrument.so
7fb5be55f000-7fb5be58d000 r-xp 00000000 fd:01 655619                     /usr/lib/jvm/java-8-openjdk-amd64/jre/lib/amd64/libjava.so
7fb5be58d000-7fb5be78c000 ---p 0002e000 fd:01 655619                     /usr/lib/jvm/java-8-openjdk-amd64/jre/lib/amd64/libjava.so
7fb5be78c000-7fb5be78d000 r--p 0002d000 fd:01 655619                     /usr/lib/jvm/java-8-openjdk-amd64/jre/lib/amd64/libjava.so
7fb5be78d000-7fb5be78f000 rw-p 0002e000 fd:01 655619                     /usr/lib/jvm/java-8-openjdk-amd64/jre/lib/amd64/libjava.so
7fb5be78f000-7fb5be79f000 r-xp 00000000 fd:01 655637                     /usr/lib/jvm/java-8-openjdk-amd64/jre/lib/amd64/libverify.so
7fb5be79f000-7fb5be99e000 ---p 00010000 fd:01 655637                     /usr/lib/jvm/java-8-openjdk-amd64/jre/lib/amd64/libverify.so
7fb5be99e000-7fb5be9a0000 r--p 0000f000 fd:01 655637                     /usr/lib/jvm/java-8-openjdk-amd64/jre/lib/amd64/libverify.so
7fb5be9a0000-7fb5be9a1000 rw-p 00011000 fd:01 655637                     /usr/lib/jvm/java-8-openjdk-amd64/jre/lib/amd64/libverify.so
7fb5be9a1000-7fb5be9a8000 r-xp 00000000 fd:01 5373993                    /lib/x86_64-linux-gnu/librt-2.27.so
7fb5be9a8000-7fb5beba7000 ---p 00007000 fd:01 5373993                    /lib/x86_64-linux-gnu/librt-2.27.so
7fb5beba7000-7fb5beba8000 r--p 00006000 fd:01 5373993                    /lib/x86_64-linux-gnu/librt-2.27.so
7fb5beba8000-7fb5beba9000 rw-p 00007000 fd:01 5373993                    /lib/x86_64-linux-gnu/librt-2.27.so
7fb5beba9000-7fb5bebc0000 r-xp 00000000 fd:01 5374015                    /lib/x86_64-linux-gnu/libgcc_s.so.1
7fb5bebc0000-7fb5bedbf000 ---p 00017000 fd:01 5374015                    /lib/x86_64-linux-gnu/libgcc_s.so.1
7fb5bedbf000-7fb5bedc0000 r--p 00016000 fd:01 5374015                    /lib/x86_64-linux-gnu/libgcc_s.so.1
7fb5bedc0000-7fb5bedc1000 rw-p 00017000 fd:01 5374015                    /lib/x86_64-linux-gnu/libgcc_s.so.1
7fb5bedc1000-7fb5bef5e000 r-xp 00000000 fd:01 5373980                    /lib/x86_64-linux-gnu/libm-2.27.so
7fb5bef5e000-7fb5bf15d000 ---p 0019d000 fd:01 5373980                    /lib/x86_64-linux-gnu/libm-2.27.so
7fb5bf15d000-7fb5bf15e000 r--p 0019c000 fd:01 5373980                    /lib/x86_64-linux-gnu/libm-2.27.so
7fb5bf15e000-7fb5bf15f000 rw-p 0019d000 fd:01 5373980                    /lib/x86_64-linux-gnu/libm-2.27.so
7fb5bf15f000-7fb5bf2dd000 r-xp 00000000 fd:01 5772210                    /usr/lib/x86_64-linux-gnu/libstdc++.so.6.0.25
7fb5bf2dd000-7fb5bf4dd000 ---p 0017e000 fd:01 5772210                    /usr/lib/x86_64-linux-gnu/libstdc++.so.6.0.25
7fb5bf4dd000-7fb5bf4e7000 r--p 0017e000 fd:01 5772210                    /usr/lib/x86_64-linux-gnu/libstdc++.so.6.0.25
7fb5bf4e7000-7fb5bf4e9000 rw-p 00188000 fd:01 5772210                    /usr/lib/x86_64-linux-gnu/libstdc++.so.6.0.25
7fb5bf4e9000-7fb5bf4ed000 rw-p 00000000 00:00 0 
7fb5bf4ed000-7fb5c0182000 r-xp 00000000 fd:01 655641                     /usr/lib/jvm/java-8-openjdk-amd64/jre/lib/amd64/server/libjvm.so
7fb5c0182000-7fb5c0381000 ---p 00c95000 fd:01 655641                     /usr/lib/jvm/java-8-openjdk-amd64/jre/lib/amd64/server/libjvm.so
7fb5c0381000-7fb5c0415000 r--p 00c94000 fd:01 655641                     /usr/lib/jvm/java-8-openjdk-amd64/jre/lib/amd64/server/libjvm.so
7fb5c0415000-7fb5c043d000 rw-p 00d28000 fd:01 655641                     /usr/lib/jvm/java-8-openjdk-amd64/jre/lib/amd64/server/libjvm.so
7fb5c043d000-7fb5c046e000 rw-p 00000000 00:00 0 
7fb5c046e000-7fb5c0488000 r-xp 00000000 fd:01 5373991                    /lib/x86_64-linux-gnu/libpthread-2.27.so
7fb5c0488000-7fb5c0687000 ---p 0001a000 fd:01 5373991                    /lib/x86_64-linux-gnu/libpthread-2.27.so
7fb5c0687000-7fb5c0688000 r--p 00019000 fd:01 5373991                    /lib/x86_64-linux-gnu/libpthread-2.27.so
7fb5c0688000-7fb5c0689000 rw-p 0001a000 fd:01 5373991                    /lib/x86_64-linux-gnu/libpthread-2.27.so
7fb5c0689000-7fb5c068d000 rw-p 00000000 00:00 0 
7fb5c068d000-7fb5c0690000 r-xp 00000000 fd:01 5373979                    /lib/x86_64-linux-gnu/libdl-2.27.so
7fb5c0690000-7fb5c088f000 ---p 00003000 fd:01 5373979                    /lib/x86_64-linux-gnu/libdl-2.27.so
7fb5c088f000-7fb5c0890000 r--p 00002000 fd:01 5373979                    /lib/x86_64-linux-gnu/libdl-2.27.so
7fb5c0890000-7fb5c0891000 rw-p 00003000 fd:01 5373979                    /lib/x86_64-linux-gnu/libdl-2.27.so
7fb5c0891000-7fb5c08ad000 r-xp 00000000 fd:01 5374119                    /lib/x86_64-linux-gnu/libz.so.1.2.11
7fb5c08ad000-7fb5c0aac000 ---p 0001c000 fd:01 5374119                    /lib/x86_64-linux-gnu/libz.so.1.2.11
7fb5c0aac000-7fb5c0aad000 r--p 0001b000 fd:01 5374119                    /lib/x86_64-linux-gnu/libz.so.1.2.11
7fb5c0aad000-7fb5c0aae000 rw-p 0001c000 fd:01 5374119                    /lib/x86_64-linux-gnu/libz.so.1.2.11
7fb5c0aae000-7fb5c0c95000 r-xp 00000000 fd:01 5373976                    /lib/x86_64-linux-gnu/libc-2.27.so
7fb5c0c95000-7fb5c0e95000 ---p 001e7000 fd:01 5373976                    /lib/x86_64-linux-gnu/libc-2.27.so
7fb5c0e95000-7fb5c0e99000 r--p 001e7000 fd:01 5373976                    /lib/x86_64-linux-gnu/libc-2.27.so
7fb5c0e99000-7fb5c0e9b000 rw-p 001eb000 fd:01 5373976                    /lib/x86_64-linux-gnu/libc-2.27.so
7fb5c0e9b000-7fb5c0e9f000 rw-p 00000000 00:00 0 
7fb5c0e9f000-7fb5c0ead000 r-xp 00000000 fd:01 655605                     /usr/lib/jvm/java-8-openjdk-amd64/jre/lib/amd64/jli/libjli.so
7fb5c0ead000-7fb5c10ac000 ---p 0000e000 fd:01 655605                     /usr/lib/jvm/java-8-openjdk-amd64/jre/lib/amd64/jli/libjli.so
7fb5c10ac000-7fb5c10ad000 r--p 0000d000 fd:01 655605                     /usr/lib/jvm/java-8-openjdk-amd64/jre/lib/amd64/jli/libjli.so
7fb5c10ad000-7fb5c10ae000 rw-p 0000e000 fd:01 655605                     /usr/lib/jvm/java-8-openjdk-amd64/jre/lib/amd64/jli/libjli.so
7fb5c10ae000-7fb5c10d5000 r-xp 00000000 fd:01 5373967                    /lib/x86_64-linux-gnu/ld-2.27.so
7fb5c10d5000-7fb5c10d6000 r--s 00003000 fd:01 3837468                    /home/mgonzalo/.ivy2/cache/org.apache.spark/spark-tags_2.11/jars/spark-tags_2.11-2.4.0.jar
7fb5c10d6000-7fb5c10d7000 r--s 00006000 fd:01 5264835                    /home/mgonzalo/Escritorio/research/feynman machine/lib/JOgmaNeo.jar
7fb5c10d7000-7fb5c10d8000 r--s 00000000 fd:01 655678                     /usr/lib/jvm/java-8-openjdk-amd64/jre/lib/management-agent.jar
7fb5c10d8000-7fb5c10dd000 r--s 002f9000 fd:01 655642                     /usr/lib/jvm/java-8-openjdk-amd64/jre/lib/charsets.jar
7fb5c10dd000-7fb5c10e7000 r--s 00116000 fd:01 655656                     /usr/lib/jvm/java-8-openjdk-amd64/jre/lib/ext/localedata.jar
7fb5c10e7000-7fb5c1102000 r--s 00394000 fd:01 655652                     /usr/lib/jvm/java-8-openjdk-amd64/jre/lib/ext/cldrdata.jar
7fb5c1102000-7fb5c11ab000 rw-p 00000000 00:00 0 
7fb5c11ab000-7fb5c11ac000 ---p 00000000 00:00 0 
7fb5c11ac000-7fb5c11af000 ---p 00000000 00:00 0 
7fb5c11af000-7fb5c12ae000 rw-p 00000000 00:00 0 
7fb5c12ae000-7fb5c12b0000 r--s 00016000 fd:01 655673                     /usr/lib/jvm/java-8-openjdk-amd64/jre/lib/jce.jar
7fb5c12b0000-7fb5c12b2000 r--s 00008000 fd:01 655658                     /usr/lib/jvm/java-8-openjdk-amd64/jre/lib/ext/sunec.jar
7fb5c12b2000-7fb5c12b3000 r--s 00010000 fd:01 655661                     /usr/lib/jvm/java-8-openjdk-amd64/jre/lib/ext/zipfs.jar
7fb5c12b3000-7fb5c12b6000 r--s 0000f000 fd:01 655654                     /usr/lib/jvm/java-8-openjdk-amd64/jre/lib/ext/icedtea-sound.jar
7fb5c12b6000-7fb5c12b8000 r--s 00007000 fd:01 7477496                    /usr/share/java/java-atk-wrapper.jar
7fb5c12b8000-7fb5c12ba000 r--s 00001000 fd:01 655653                     /usr/lib/jvm/java-8-openjdk-amd64/jre/lib/ext/dnsns.jar
7fb5c12ba000-7fb5c12bb000 r--s 0000a000 fd:01 655655                     /usr/lib/jvm/java-8-openjdk-amd64/jre/lib/ext/jaccess.jar
7fb5c12bb000-7fb5c12be000 r--s 00038000 fd:01 655660                     /usr/lib/jvm/java-8-openjdk-amd64/jre/lib/ext/sunpkcs11.jar
7fb5c12be000-7fb5c12c4000 r--s 0003b000 fd:01 655659                     /usr/lib/jvm/java-8-openjdk-amd64/jre/lib/ext/sunjce_provider.jar
7fb5c12c4000-7fb5c12cc000 rw-s 00000000 fd:01 4751004                    /tmp/hsperfdata_mgonzalo/10409
7fb5c12cc000-7fb5c12cd000 rw-p 00000000 00:00 0 
7fb5c12cd000-7fb5c12ce000 r--p 00000000 00:00 0 
7fb5c12ce000-7fb5c12d0000 rw-p 00000000 00:00 0 
7fb5c12d0000-7fb5c12d3000 r--p 00000000 00:00 0                          [vvar]
7fb5c12d3000-7fb5c12d5000 r-xp 00000000 00:00 0                          [vdso]
7fb5c12d5000-7fb5c12d6000 r--p 00027000 fd:01 5373967                    /lib/x86_64-linux-gnu/ld-2.27.so
7fb5c12d6000-7fb5c12d7000 rw-p 00028000 fd:01 5373967                    /lib/x86_64-linux-gnu/ld-2.27.so
7fb5c12d7000-7fb5c12d8000 rw-p 00000000 00:00 0 
7ffdaf7d2000-7ffdaf7f7000 rw-p 00000000 00:00 0                          [stack]
ffffffffff600000-ffffffffff601000 r-xp 00000000 00:00 0                  [vsyscall]

VM Arguments:
jvm_args: -Djava.library.path=/home/mgonzalo/Escritorio/research/OgmaNeo/Java/build -javaagent:/home/mgonzalo/idea-IC-183.4284.148/lib/idea_rt.jar=38121:/home/mgonzalo/idea-IC-183.4284.148/bin -Dfile.encoding=UTF-8 
java_command: body.Main
java_class_path (initial): /usr/lib/jvm/java-8-openjdk-amd64/jre/lib/charsets.jar:/usr/lib/jvm/java-8-openjdk-amd64/jre/lib/ext/cldrdata.jar:/usr/lib/jvm/java-8-openjdk-amd64/jre/lib/ext/dnsns.jar:/usr/lib/jvm/java-8-openjdk-amd64/jre/lib/ext/icedtea-sound.jar:/usr/lib/jvm/java-8-openjdk-amd64/jre/lib/ext/jaccess.jar:/usr/lib/jvm/java-8-openjdk-amd64/jre/lib/ext/java-atk-wrapper.jar:/usr/lib/jvm/java-8-openjdk-amd64/jre/lib/ext/localedata.jar:/usr/lib/jvm/java-8-openjdk-amd64/jre/lib/ext/nashorn.jar:/usr/lib/jvm/java-8-openjdk-amd64/jre/lib/ext/sunec.jar:/usr/lib/jvm/java-8-openjdk-amd64/jre/lib/ext/sunjce_provider.jar:/usr/lib/jvm/java-8-openjdk-amd64/jre/lib/ext/sunpkcs11.jar:/usr/lib/jvm/java-8-openjdk-amd64/jre/lib/ext/zipfs.jar:/usr/lib/jvm/java-8-openjdk-amd64/jre/lib/jce.jar:/usr/lib/jvm/java-8-openjdk-amd64/jre/lib/jsse.jar:/usr/lib/jvm/java-8-openjdk-amd64/jre/lib/management-agent.jar:/usr/lib/jvm/java-8-openjdk-amd64/jre/lib/resources.jar:/usr/lib/jvm/java-8-openjdk-amd64/jre/lib/rt.jar:/home/mgonzalo/Escritorio/research/feynman machine/target/scala-2.11/classes:/home/mgonzalo/Escritorio/research/feynman machine/lib/JOgmaNeo.jar:/home/mgonzalo/.ivy2/cache/com.google.guava/guava/bundles/guava-17.0.jar:/home/mgonzalo/.ivy2/cache/org.scala-lang/scala-reflect/jars/scala-reflect-2.11.8.jar:/home/mgonzalo/.ivy2/cache/org.scala-lang/scala-library/jars/scala-library-2.11.8.jar:/home/mgonzalo/.ivy2/cache/org.apache.spark/spark-tags_2.11/jars/spark-tags_2.11-2.4.0.jar:/home/mgonzalo/.ivy2/cache/org.apache.spark/spark-streaming_2.11/jars/spark-streaming_2.11-2.4.0.jar:/home/mgonzalo/.ivy2/cache/aopalliance/aopalliance/jars/aopalliance-1.0.jar:/home/mgonzalo/.ivy2/cache/com.clearspring.analytics/stream/jars/stream-2.7.0.jar:/home/mgonzalo/.ivy2/cache/com.github.fommil.netlib/core/jars/core-1.1.2.jar:/home/mgonzalo/.ivy2/cache/com.github.rwl/jtransforms/jars/jtransforms-2.4.0.jar:/home/mgonzalo/.ivy2/cache/com.google.inject/guice/jars/guice-3.0.jar:/home/mgonzalo/.iv
Launcher Type: SUN_STANDARD

Environment Variables:
PATH=/usr/local/sbin:/usr/local/bin:/usr/sbin:/usr/bin:/sbin:/bin:/usr/games:/usr/local/games:/snap/bin
USERNAME=mgonzalo
SHELL=/bin/bash
DISPLAY=:0

Signal Handlers:
SIGSEGV: [libjvm.so+0xaaf3a0], sa_mask[0]=11111111011111111101111111111110, sa_flags=SA_RESTART|SA_SIGINFO
SIGBUS: [libjvm.so+0xaaf3a0], sa_mask[0]=11111111011111111101111111111110, sa_flags=SA_RESTART|SA_SIGINFO
SIGFPE: [libjvm.so+0x8e52e0], sa_mask[0]=11111111011111111101111111111110, sa_flags=SA_RESTART|SA_SIGINFO
SIGPIPE: [libjvm.so+0x8e52e0], sa_mask[0]=11111111011111111101111111111110, sa_flags=SA_RESTART|SA_SIGINFO
SIGXFSZ: [libjvm.so+0x8e52e0], sa_mask[0]=11111111011111111101111111111110, sa_flags=SA_RESTART|SA_SIGINFO
SIGILL: [libjvm.so+0x8e52e0], sa_mask[0]=11111111011111111101111111111110, sa_flags=SA_RESTART|SA_SIGINFO
SIGUSR1: SIG_DFL, sa_mask[0]=00000000000000000000000000000000, sa_flags=none
SIGUSR2: [libjvm.so+0x8e5190], sa_mask[0]=00100000000000000000000000000000, sa_flags=SA_RESTART|SA_SIGINFO
SIGHUP: [libjvm.so+0x8e5640], sa_mask[0]=11111111011111111101111111111110, sa_flags=SA_RESTART|SA_SIGINFO
SIGINT: [libjvm.so+0x8e5640], sa_mask[0]=11111111011111111101111111111110, sa_flags=SA_RESTART|SA_SIGINFO
SIGTERM: [libjvm.so+0x8e5640], sa_mask[0]=11111111011111111101111111111110, sa_flags=SA_RESTART|SA_SIGINFO
SIGQUIT: [libjvm.so+0x8e5640], sa_mask[0]=11111111011111111101111111111110, sa_flags=SA_RESTART|SA_SIGINFO


---------------  S Y S T E M  ---------------

OS:DISTRIB_ID=Ubuntu
DISTRIB_RELEASE=18.04
DISTRIB_CODENAME=bionic
DISTRIB_DESCRIPTION="Ubuntu 18.04.1 LTS"

uname:Linux 4.15.0-33-generic #36-Ubuntu SMP Wed Aug 15 16:00:05 UTC 2018 x86_64
libc:glibc 2.27 NPTL 2.27 
rlimit: STACK 8192k, CORE 0k, NPROC 63453, NOFILE 1048576, AS infinity
load average:1,34 0,54 0,30

/proc/meminfo:
MemTotal:       16316048 kB
MemFree:         6763184 kB
MemAvailable:   10202032 kB
Buffers:          285692 kB
Cached:          3591416 kB
SwapCached:            0 kB
Active:          6698120 kB
Inactive:        2240496 kB
Active(anon):    5059820 kB
Inactive(anon):   283544 kB
Active(file):    1638300 kB
Inactive(file):  1956952 kB
Unevictable:          16 kB
Mlocked:              16 kB
SwapTotal:       1003516 kB
SwapFree:        1003516 kB
Dirty:              3692 kB
Writeback:             0 kB
AnonPages:       5061864 kB
Mapped:           924132 kB
Shmem:            288068 kB
Slab:             294400 kB
SReclaimable:     185840 kB
SUnreclaim:       108560 kB
KernelStack:       15312 kB
PageTables:        63356 kB
NFS_Unstable:          0 kB
Bounce:                0 kB
WritebackTmp:          0 kB
CommitLimit:     9161540 kB
Committed_AS:   15058956 kB
VmallocTotal:   34359738367 kB
VmallocUsed:           0 kB
VmallocChunk:          0 kB
HardwareCorrupted:     0 kB
AnonHugePages:         0 kB
ShmemHugePages:        0 kB
ShmemPmdMapped:        0 kB
CmaTotal:              0 kB
CmaFree:               0 kB
HugePages_Total:       0
HugePages_Free:        0
HugePages_Rsvd:        0
HugePages_Surp:        0
Hugepagesize:       2048 kB
DirectMap4k:      404020 kB
DirectMap2M:    11020288 kB
DirectMap1G:     5242880 kB


CPU:total 4 (initial active 4) (4 cores per cpu, 1 threads per core) family 6 model 158 stepping 9, cmov, cx8, fxsr, mmx, sse, sse2, sse3, ssse3, sse4.1, sse4.2, popcnt, avx, avx2, aes, clmul, erms, 3dnowpref, lzcnt, tsc, tscinvbit, bmi1, bmi2, adx

/proc/cpuinfo:
processor	: 0
vendor_id	: GenuineIntel
cpu family	: 6
model		: 158
model name	: Intel(R) Core(TM) i5-7300HQ CPU @ 2.50GHz
stepping	: 9
microcode	: 0x8e
cpu MHz		: 3101.238
cache size	: 6144 KB
physical id	: 0
siblings	: 4
core id		: 0
cpu cores	: 4
apicid		: 0
initial apicid	: 0
fpu		: yes
fpu_exception	: yes
cpuid level	: 22
wp		: yes
flags		: fpu vme de pse tsc msr pae mce cx8 apic sep mtrr pge mca cmov pat pse36 clflush dts acpi mmx fxsr sse sse2 ss ht tm pbe syscall nx pdpe1gb rdtscp lm constant_tsc art arch_perfmon pebs bts rep_good nopl xtopology nonstop_tsc cpuid aperfmperf tsc_known_freq pni pclmulqdq dtes64 monitor ds_cpl vmx est tm2 ssse3 sdbg fma cx16 xtpr pdcm pcid sse4_1 sse4_2 x2apic movbe popcnt tsc_deadline_timer aes xsave avx f16c rdrand lahf_lm abm 3dnowprefetch cpuid_fault invpcid_single pti ssbd ibrs ibpb stibp tpr_shadow vnmi flexpriority ept vpid fsgsbase tsc_adjust bmi1 avx2 smep bmi2 erms invpcid mpx rdseed adx smap clflushopt intel_pt xsaveopt xsavec xgetbv1 xsaves dtherm ida arat pln pts hwp hwp_notify hwp_act_window hwp_epp flush_l1d
bugs		: cpu_meltdown spectre_v1 spectre_v2 spec_store_bypass l1tf
bogomips	: 4992.00
clflush size	: 64
cache_alignment	: 64
address sizes	: 39 bits physical, 48 bits virtual
power management:

processor	: 1
vendor_id	: GenuineIntel
cpu family	: 6
model		: 158
model name	: Intel(R) Core(TM) i5-7300HQ CPU @ 2.50GHz
stepping	: 9
microcode	: 0x8e
cpu MHz		: 3101.626
cache size	: 6144 KB
physical id	: 0
siblings	: 4
core id		: 1
cpu cores	: 4
apicid		: 2
initial apicid	: 2
fpu		: yes
fpu_exception	: yes
cpuid level	: 22
wp		: yes
flags		: fpu vme de pse tsc msr pae mce cx8 apic sep mtrr pge mca cmov pat pse36 clflush dts acpi mmx fxsr sse sse2 ss ht tm pbe syscall nx pdpe1gb rdtscp lm constant_tsc art arch_perfmon pebs bts rep_good nopl xtopology nonstop_tsc cpuid aperfmperf tsc_known_freq pni pclmulqdq dtes64 monitor ds_cpl vmx est tm2 ssse3 sdbg fma cx16 xtpr pdcm pcid sse4_1 sse4_2 x2apic movbe popcnt tsc_deadline_timer aes xsave avx f16c rdrand lahf_lm abm 3dnowprefetch cpuid_fault invpcid_single pti ssbd ibrs ibpb stibp tpr_shadow vnmi flexpriority ept vpid fsgsbase tsc_adjust bmi1 avx2 smep bmi2 erms invpcid mpx rdseed adx smap clflushopt intel_pt xsaveopt xsavec xgetbv1 xsaves dtherm ida arat pln pts hwp hwp_notify hwp_act_window hwp_epp flush_l1d
bugs		: cpu_meltdown spectre_v1 spectre_v2 spec_store_bypass l1tf
bogomips	: 4992.00
clflush size	: 64
cache_alignment	: 64
address sizes	: 39 bits physical, 48 bits virtual
power management:

processor	: 2
vendor_id	: GenuineIntel
cpu family	: 6
model		: 158
model name	: Intel(R) Core(TM) i5-7300HQ CPU @ 2.50GHz
stepping	: 9
microcode	: 0x8e
cpu MHz		: 3101.615
cache size	: 6144 KB
physical id	: 0
siblings	: 4
core id		: 2
cpu cores	: 4
apicid		: 4
initial apicid	: 4
fpu		: yes
fpu_exception	: yes
cpuid level	: 22
wp		: yes
flags		: fpu vme de pse tsc msr pae mce cx8 apic sep mtrr pge mca cmov pat pse36 clflush dts acpi mmx fxsr sse sse2 ss ht tm pbe syscall nx pdpe1gb rdtscp lm constant_tsc art arch_perfmon pebs bts rep_good nopl xtopology nonstop_tsc cpuid aperfmperf tsc_known_freq pni pclmulqdq dtes64 monitor ds_cpl vmx est tm2 ssse3 sdbg fma cx16 xtpr pdcm pcid sse4_1 sse4_2 x2apic movbe popcnt tsc_deadline_timer aes xsave avx f16c rdrand lahf_lm abm 3dnowprefetch cpuid_fault invpcid_single pti ssbd ibrs ibpb stibp tpr_shadow vnmi flexpriority ept vpid fsgsbase tsc_adjust bmi1 avx2 smep bmi2 erms invpcid mpx rdseed adx smap clflushopt intel_pt xsaveopt xsavec xgetbv1 xsaves dtherm ida arat pln pts hwp hwp_notify hwp_act_window hwp_epp flush_l1d
bugs		: cpu_meltdown spectre_v1 spectre_v2 spec_store_bypass l1tf
bogomips	: 4992.00
clflush size	: 64
cache_alignment	: 64
address sizes	: 39 bits physical, 48 bits virtual
power management:

processor	: 3
vendor_id	: GenuineIntel
cpu family	: 6
model		: 158
model name	: Intel(R) Core(TM) i5-7300HQ CPU @ 2.50GHz
stepping	: 9
microcode	: 0x8e
cpu MHz		: 3100.407
cache size	: 6144 KB
physical id	: 0
siblings	: 4
core id		: 3
cpu cores	: 4
apicid		: 6
initial apicid	: 6
fpu		: yes
fpu_exception	: yes
cpuid level	: 22
wp		: yes
flags		: fpu vme de pse tsc msr pae mce cx8 apic sep mtrr pge mca cmov pat pse36 clflush dts acpi mmx fxsr sse sse2 ss ht tm pbe syscall nx pdpe1gb rdtscp lm constant_tsc art arch_perfmon pebs bts rep_good nopl xtopology nonstop_tsc cpuid aperfmperf tsc_known_freq pni pclmulqdq dtes64 monitor ds_cpl vmx est tm2 ssse3 sdbg fma cx16 xtpr pdcm pcid sse4_1 sse4_2 x2apic movbe popcnt tsc_deadline_timer aes xsave avx f16c rdrand lahf_lm abm 3dnowprefetch cpuid_fault invpcid_single pti ssbd ibrs ibpb stibp tpr_shadow vnmi flexpriority ept vpid fsgsbase tsc_adjust bmi1 avx2 smep bmi2 erms invpcid mpx rdseed adx smap clflushopt intel_pt xsaveopt xsavec xgetbv1 xsaves dtherm ida arat pln pts hwp hwp_notify hwp_act_window hwp_epp flush_l1d
bugs		: cpu_meltdown spectre_v1 spectre_v2 spec_store_bypass l1tf
bogomips	: 4992.00
clflush size	: 64
cache_alignment	: 64
address sizes	: 39 bits physical, 48 bits virtual
power management:



Memory: 4k page, physical 16316048k(6762688k free), swap 1003516k(1003516k free)

vm_info: OpenJDK 64-Bit Server VM (25.181-b13) for linux-amd64 JRE (1.8.0_181-8u181-b13-0ubuntu0.18.04.1-b13), built on Jul 23 2018 19:14:48 by "buildd" with gcc 7.3.0

time: Mon Dec 10 17:43:59 2018
elapsed time: 0 seconds (0d 0h 0m 0s)

